============================================================
Time  2015/11/10 17:15:29 507 
============================================================
[2015/11/10 17:15:29 510] auth       479  SYS_MSG_LOAD  
[2015/11/10 17:15:29 512] auth       459  AUTH_MSG_LOCAL_CHECK  
[2015/11/10 17:15:29 513] auth       473  read auth file failed! err=  11200  
============================================================
Time  2015/11/10 17:17:22 513 
============================================================
[2015/11/10 17:17:22 513] auth       479  SYS_MSG_LOAD  
[2015/11/10 17:17:22 515] auth       459  AUTH_MSG_LOCAL_CHECK  
[2015/11/10 17:17:22 515] auth       473  read auth file failed! err=  11200  
============================================================
Time  2015/11/10 17:19:03 384 
============================================================
[2015/11/10 17:19:03 385] auth       479  SYS_MSG_LOAD  
[2015/11/10 17:19:03 387] auth       459  AUTH_MSG_LOCAL_CHECK  
[2015/11/10 17:19:03 387] auth       473  read auth file failed! err=  11200  
============================================================
Time  2015/11/10 17:19:37 785 
============================================================
[2015/11/10 17:19:37 785] auth       479  SYS_MSG_LOAD  
[2015/11/10 17:19:37 786] auth       459  AUTH_MSG_LOCAL_CHECK  
[2015/11/10 17:19:37 786] auth       473  read auth file failed! err=  11200  
============================================================
Time  2015/11/10 17:21:43 223 
============================================================
[2015/11/10 17:21:43 223] auth       479  SYS_MSG_LOAD  
[2015/11/10 17:21:43 224] auth       459  AUTH_MSG_LOCAL_CHECK  
[2015/11/10 17:21:43 226] auth       473  read auth file failed! err=  11200  
============================================================
Time  2015/11/10 17:29:20 812 
============================================================
[2015/11/10 17:29:20 812] auth       479  SYS_MSG_LOAD  
[2015/11/10 17:29:20 812] auth       459  AUTH_MSG_LOCAL_CHECK  
[2015/11/10 17:29:20 813] auth       473  read auth file failed! err=  11200  
============================================================
Time  2015/11/10 18:24:38 693 
============================================================
[2015/11/10 18:24:38 694] auth       479  SYS_MSG_LOAD  
[2015/11/10 18:24:38 696] auth       459  AUTH_MSG_LOCAL_CHECK  
[2015/11/10 18:24:38 697] auth       473  read auth file failed! err=  11200  
============================================================
Time  2015/11/10 18:26:56 673 
============================================================
[2015/11/10 18:26:56 673] auth       479  SYS_MSG_LOAD  
[2015/11/10 18:26:56 674] auth       459  AUTH_MSG_LOCAL_CHECK  
[2015/11/10 18:26:56 674] auth       473  read auth file failed! err=  11200  
============================================================
Time  2015/11/10 18:27:29 657 
============================================================
[2015/11/10 18:27:29 657] auth       479  SYS_MSG_LOAD  
[2015/11/10 18:27:29 661] auth       459  AUTH_MSG_LOCAL_CHECK  
[2015/11/10 18:27:29 663] auth       473  read auth file failed! err=  11200  
============================================================
Time  2015/11/10 18:28:37 056 
============================================================
[2015/11/10 18:28:37 058] auth       479  SYS_MSG_LOAD  
[2015/11/10 18:28:37 058] auth       459  AUTH_MSG_LOCAL_CHECK  
[2015/11/10 18:28:37 058] auth       473  read auth file failed! err=  11200  
============================================================
Time  2015/11/10 18:29:06 596 
============================================================
[2015/11/10 18:29:06 596] auth       479  SYS_MSG_LOAD  
[2015/11/10 18:29:06 598] auth       459  AUTH_MSG_LOCAL_CHECK  
[2015/11/10 18:29:06 598] auth       473  read auth file failed! err=  11200  
============================================================
Time  2015/11/10 18:30:36 013 
============================================================
[2015/11/10 18:30:36 013] auth       479  SYS_MSG_LOAD  
[2015/11/10 18:30:36 013] auth       459  AUTH_MSG_LOCAL_CHECK  
[2015/11/10 18:30:36 013] auth       473  read auth file failed! err=  11200  
============================================================
Time  2015/11/10 18:34:22 892 
============================================================
[2015/11/10 18:34:22 892] auth       479  SYS_MSG_LOAD  
[2015/11/10 18:34:22 894] auth       459  AUTH_MSG_LOCAL_CHECK  
[2015/11/10 18:34:22 894] auth       473  read auth file failed! err=  11200  
============================================================
Time  2015/11/10 18:37:57 851 
============================================================
[2015/11/10 18:37:57 851] auth       479  SYS_MSG_LOAD  
[2015/11/10 18:37:57 852] auth       459  AUTH_MSG_LOCAL_CHECK  
[2015/11/10 18:37:57 852] auth       473  read auth file failed! err=  11200  
============================================================
Time  2015/11/10 20:58:06 688 
============================================================
[2015/11/10 20:58:06 690] auth       479  SYS_MSG_LOAD  
[2015/11/10 20:58:06 690] auth       459  AUTH_MSG_LOCAL_CHECK  
[2015/11/10 20:58:06 690] auth       473  read auth file failed! err=  11200  
============================================================
Time  2015/11/10 21:07:36 434 
============================================================
[2015/11/10 21:07:36 436] auth       479  SYS_MSG_LOAD  
[2015/11/10 21:07:36 436] auth       459  AUTH_MSG_LOCAL_CHECK  
[2015/11/10 21:07:36 437] auth       473  read auth file failed! err=  11200  
============================================================
Time  2015/11/10 21:08:28 183 
============================================================
[2015/11/10 21:08:28 184] auth       479  SYS_MSG_LOAD  
[2015/11/10 21:08:28 184] auth       459  AUTH_MSG_LOCAL_CHECK  
[2015/11/10 21:08:28 184] auth       473  read auth file failed! err=  11200  
============================================================
Time  2015/11/10 21:10:57 154 
============================================================
[2015/11/10 21:10:57 155] auth       479  SYS_MSG_LOAD  
[2015/11/10 21:10:57 155] auth       459  AUTH_MSG_LOCAL_CHECK  
[2015/11/10 21:10:57 157] auth       473  read auth file failed! err=  11200  
============================================================
Time  2015/11/10 21:12:52 848 
============================================================
[2015/11/10 21:12:52 848] auth       479  SYS_MSG_LOAD  
[2015/11/10 21:12:52 848] auth       459  AUTH_MSG_LOCAL_CHECK  
[2015/11/10 21:12:52 848] auth       473  read auth file failed! err=  11200  
============================================================
Time  2015/11/10 21:26:12 884 
============================================================
[2015/11/10 21:26:12 884] auth       479  SYS_MSG_LOAD  
[2015/11/10 21:26:12 895] auth       459  AUTH_MSG_LOCAL_CHECK  
[2015/11/10 21:26:12 913] auth       473  read auth file failed! err=  11200  
============================================================
Time  2015/11/10 21:32:27 415 
============================================================
[2015/11/10 21:32:27 417] auth       479  SYS_MSG_LOAD  
[2015/11/10 21:32:27 417] auth       459  AUTH_MSG_LOCAL_CHECK  
[2015/11/10 21:32:27 417] auth       473  read auth file failed! err=  11200  
============================================================
Time  2015/11/11 12:30:48 509 
============================================================
[2015/11/11 12:30:48 509] auth       479  SYS_MSG_LOAD  
[2015/11/11 12:30:48 510] auth       459  AUTH_MSG_LOCAL_CHECK  
[2015/11/11 12:30:48 510] auth       473  read auth file failed! err=  11200  
============================================================
Time  2015/11/11 12:40:11 532 
============================================================
[2015/11/11 12:40:11 532] auth       479  SYS_MSG_LOAD  
[2015/11/11 12:40:11 533] auth       459  AUTH_MSG_LOCAL_CHECK  
[2015/11/11 12:40:11 533] auth       473  read auth file failed! err=  11200  
============================================================
Time  2015/11/11 12:41:13 301 
============================================================
[2015/11/11 12:41:13 302] auth       479  SYS_MSG_LOAD  
[2015/11/11 12:41:13 302] auth       459  AUTH_MSG_LOCAL_CHECK  
[2015/11/11 12:41:13 302] auth       473  read auth file failed! err=  11200  
============================================================
Time  2015/11/11 12:42:29 359 
============================================================
[2015/11/11 12:42:29 361] auth       479  SYS_MSG_LOAD  
[2015/11/11 12:42:29 361] auth       459  AUTH_MSG_LOCAL_CHECK  
[2015/11/11 12:42:29 361] auth       473  read auth file failed! err=  11200  
============================================================
Time  2015/11/11 12:43:12 785 
============================================================
[2015/11/11 12:43:12 785] auth       479  SYS_MSG_LOAD  
[2015/11/11 12:43:12 785] auth       459  AUTH_MSG_LOCAL_CHECK  
[2015/11/11 12:43:12 786] auth       473  read auth file failed! err=  11200  
============================================================
Time  2015/11/11 12:43:37 648 
============================================================
[2015/11/11 12:43:37 650] auth       479  SYS_MSG_LOAD  
[2015/11/11 12:43:37 650] auth       459  AUTH_MSG_LOCAL_CHECK  
[2015/11/11 12:43:37 651] auth       473  read auth file failed! err=  11200  
============================================================
Time  2015/11/11 12:46:01 032 
============================================================
[2015/11/11 12:46:01 032] auth       479  SYS_MSG_LOAD  
[2015/11/11 12:46:01 033] auth       459  AUTH_MSG_LOCAL_CHECK  
[2015/11/11 12:46:01 035] auth       473  read auth file failed! err=  11200  
============================================================
Time  2015/11/11 12:46:22 121 
============================================================
[2015/11/11 12:46:22 121] auth       479  SYS_MSG_LOAD  
[2015/11/11 12:46:22 121] auth       459  AUTH_MSG_LOCAL_CHECK  
[2015/11/11 12:46:22 121] auth       473  read auth file failed! err=  11200  
============================================================
Time  2015/11/11 12:50:24 121 
============================================================
[2015/11/11 12:50:24 121] auth       479  SYS_MSG_LOAD  
[2015/11/11 12:50:24 121] auth       459  AUTH_MSG_LOCAL_CHECK  
[2015/11/11 12:50:24 121] auth       473  read auth file failed! err=  11200  
============================================================
Time  2015/11/11 12:51:10 323 
============================================================
[2015/11/11 12:51:10 323] auth       479  SYS_MSG_LOAD  
[2015/11/11 12:51:10 325] auth       459  AUTH_MSG_LOCAL_CHECK  
[2015/11/11 12:51:10 325] auth       473  read auth file failed! err=  11200  
============================================================
Time  2015/11/11 13:09:20 459 
============================================================
[2015/11/11 13:09:20 460] auth       479  SYS_MSG_LOAD  
[2015/11/11 13:09:20 461] auth       459  AUTH_MSG_LOCAL_CHECK  
[2015/11/11 13:09:20 466] auth       473  read auth file failed! err=  11200  
============================================================
Time  2015/11/11 13:09:42 359 
============================================================
[2015/11/11 13:09:42 359] auth       479  SYS_MSG_LOAD  
[2015/11/11 13:09:42 361] auth       459  AUTH_MSG_LOCAL_CHECK  
[2015/11/11 13:09:42 361] auth       473  read auth file failed! err=  11200  
============================================================
Time  2015/11/11 13:10:02 240 
============================================================
[2015/11/11 13:10:02 240] auth       479  SYS_MSG_LOAD  
[2015/11/11 13:10:02 240] auth       459  AUTH_MSG_LOCAL_CHECK  
[2015/11/11 13:10:02 242] auth       473  read auth file failed! err=  11200  
============================================================
Time  2015/11/11 13:10:51 595 
============================================================
[2015/11/11 13:10:51 595] auth       479  SYS_MSG_LOAD  
[2015/11/11 13:10:51 595] auth       459  AUTH_MSG_LOCAL_CHECK  
[2015/11/11 13:10:51 595] auth       473  read auth file failed! err=  11200  
============================================================
Time  2015/11/11 13:14:03 884 
============================================================
[2015/11/11 13:14:03 884] auth       479  SYS_MSG_LOAD  
[2015/11/11 13:14:03 885] auth       459  AUTH_MSG_LOCAL_CHECK  
[2015/11/11 13:14:03 885] auth       473  read auth file failed! err=  11200  
============================================================
Time  2015/11/11 13:14:36 194 
============================================================
[2015/11/11 13:14:36 194] auth       479  SYS_MSG_LOAD  
[2015/11/11 13:14:36 194] auth       459  AUTH_MSG_LOCAL_CHECK  
[2015/11/11 13:14:36 194] auth       473  read auth file failed! err=  11200  
============================================================
Time  2015/11/11 13:14:56 265 
============================================================
[2015/11/11 13:14:56 265] auth       479  SYS_MSG_LOAD  
[2015/11/11 13:14:56 266] auth       459  AUTH_MSG_LOCAL_CHECK  
[2015/11/11 13:14:56 266] auth       473  read auth file failed! err=  11200  
============================================================
Time  2015/11/11 13:15:13 990 
============================================================
[2015/11/11 13:15:13 990] auth       479  SYS_MSG_LOAD  
[2015/11/11 13:15:13 990] auth       459  AUTH_MSG_LOCAL_CHECK  
[2015/11/11 13:15:13 992] auth       473  read auth file failed! err=  11200  
============================================================
Time  2015/11/11 13:15:31 427 
============================================================
[2015/11/11 13:15:31 427] auth       479  SYS_MSG_LOAD  
[2015/11/11 13:15:31 427] auth       459  AUTH_MSG_LOCAL_CHECK  
[2015/11/11 13:15:31 427] auth       473  read auth file failed! err=  11200  
============================================================
Time  2015/11/11 13:16:00 700 
============================================================
[2015/11/11 13:16:00 700] auth       479  SYS_MSG_LOAD  
[2015/11/11 13:16:00 700] auth       459  AUTH_MSG_LOCAL_CHECK  
[2015/11/11 13:16:00 706] auth       473  read auth file failed! err=  11200  
============================================================
Time  2015/11/11 13:16:18 887 
============================================================
[2015/11/11 13:16:18 887] auth       479  SYS_MSG_LOAD  
[2015/11/11 13:16:18 888] auth       459  AUTH_MSG_LOCAL_CHECK  
[2015/11/11 13:16:18 888] auth       473  read auth file failed! err=  11200  
============================================================
Time  2015/11/11 13:16:34 987 
============================================================
[2015/11/11 13:16:34 987] auth       479  SYS_MSG_LOAD  
[2015/11/11 13:16:34 987] auth       459  AUTH_MSG_LOCAL_CHECK  
[2015/11/11 13:16:34 989] auth       473  read auth file failed! err=  11200  
============================================================
Time  2015/11/11 13:17:05 831 
============================================================
[2015/11/11 13:17:05 832] auth       479  SYS_MSG_LOAD  
[2015/11/11 13:17:05 832] auth       459  AUTH_MSG_LOCAL_CHECK  
[2015/11/11 13:17:05 832] auth       473  read auth file failed! err=  11200  
============================================================
Time  2015/11/11 13:25:29 565 
============================================================
[2015/11/11 13:25:29 565] auth       479  SYS_MSG_LOAD  
[2015/11/11 13:25:29 565] auth       459  AUTH_MSG_LOCAL_CHECK  
[2015/11/11 13:25:29 565] auth       473  read auth file failed! err=  11200  
============================================================
Time  2015/11/12 15:11:34 137 
============================================================
[2015/11/12 15:11:34 138] auth       479  SYS_MSG_LOAD  
[2015/11/12 15:11:34 140] auth       459  AUTH_MSG_LOCAL_CHECK  
[2015/11/12 15:11:34 141] auth       473  read auth file failed! err=  11200  
============================================================
Time  2015/11/12 15:23:08 374 
============================================================
[2015/11/12 15:23:08 374] auth       479  SYS_MSG_LOAD  
[2015/11/12 15:23:08 375] auth       459  AUTH_MSG_LOCAL_CHECK  
[2015/11/12 15:23:08 375] auth       473  read auth file failed! err=  11200  
============================================================
Time  2015/11/12 15:25:08 197 
============================================================
[2015/11/12 15:25:08 198] auth       479  SYS_MSG_LOAD  
[2015/11/12 15:25:08 198] auth       459  AUTH_MSG_LOCAL_CHECK  
[2015/11/12 15:25:08 200] auth       473  read auth file failed! err=  11200  
============================================================
Time  2015/11/12 15:25:35 262 
============================================================
[2015/11/12 15:25:35 262] auth       479  SYS_MSG_LOAD  
[2015/11/12 15:25:35 263] auth       459  AUTH_MSG_LOCAL_CHECK  
[2015/11/12 15:25:35 263] auth       473  read auth file failed! err=  11200  
============================================================
Time  2015/11/12 15:29:02 592 
============================================================
[2015/11/12 15:29:02 592] auth       479  SYS_MSG_LOAD  
[2015/11/12 15:29:02 594] auth       459  AUTH_MSG_LOCAL_CHECK  
[2015/11/12 15:29:02 594] auth       473  read auth file failed! err=  11200  
============================================================
Time  2015/11/12 15:35:11 551 
============================================================
[2015/11/12 15:35:11 552] auth       479  SYS_MSG_LOAD  
[2015/11/12 15:35:11 552] auth       459  AUTH_MSG_LOCAL_CHECK  
[2015/11/12 15:35:11 552] auth       473  read auth file failed! err=  11200  
============================================================
Time  2015/11/12 15:37:06 244 
============================================================
[2015/11/12 15:37:06 246] auth       479  SYS_MSG_LOAD  
[2015/11/12 15:37:06 246] auth       459  AUTH_MSG_LOCAL_CHECK  
[2015/11/12 15:37:06 246] auth       473  read auth file failed! err=  11200  
============================================================
Time  2015/11/12 15:42:09 683 
============================================================
[2015/11/12 15:42:09 683] auth       479  SYS_MSG_LOAD  
[2015/11/12 15:42:09 684] auth       459  AUTH_MSG_LOCAL_CHECK  
[2015/11/12 15:42:09 684] auth       473  read auth file failed! err=  11200  
============================================================
Time  2015/11/12 15:57:02 243 
============================================================
[2015/11/12 15:57:02 244] auth       479  SYS_MSG_LOAD  
[2015/11/12 15:57:02 246] auth       459  AUTH_MSG_LOCAL_CHECK  
[2015/11/12 15:57:02 247] auth       473  read auth file failed! err=  11200  
============================================================
Time  2015/11/12 16:02:20 272 
============================================================
[2015/11/12 16:02:20 272] auth       479  SYS_MSG_LOAD  
[2015/11/12 16:02:20 273] auth       459  AUTH_MSG_LOCAL_CHECK  
[2015/11/12 16:02:20 273] auth       473  read auth file failed! err=  11200  
============================================================
Time  2015/11/13 17:55:18 213 
============================================================
[2015/11/13 17:55:18 213] auth       479  SYS_MSG_LOAD  
[2015/11/13 17:55:18 214] auth       459  AUTH_MSG_LOCAL_CHECK  
[2015/11/13 17:55:18 214] auth       473  read auth file failed! err=  11200  
============================================================
Time  2015/11/13 17:56:49 453 
============================================================
[2015/11/13 17:56:49 453] auth       479  SYS_MSG_LOAD  
[2015/11/13 17:56:49 454] auth       459  AUTH_MSG_LOCAL_CHECK  
[2015/11/13 17:56:49 454] auth       473  read auth file failed! err=  11200  
============================================================
Time  2015/11/13 17:57:25 484 
============================================================
[2015/11/13 17:57:25 484] auth       479  SYS_MSG_LOAD  
[2015/11/13 17:57:25 486] auth       459  AUTH_MSG_LOCAL_CHECK  
[2015/11/13 17:57:25 486] auth       473  read auth file failed! err=  11200  
============================================================
Time  2015/11/13 18:07:18 178 
============================================================
[2015/11/13 18:07:18 180] auth       479  SYS_MSG_LOAD  
[2015/11/13 18:07:18 180] auth       459  AUTH_MSG_LOCAL_CHECK  
[2015/11/13 18:07:18 180] auth       473  read auth file failed! err=  11200  
============================================================
Time  2015/11/13 18:18:20 618 
============================================================
[2015/11/13 18:18:20 619] auth       479  SYS_MSG_LOAD  
[2015/11/13 18:18:20 619] auth       459  AUTH_MSG_LOCAL_CHECK  
[2015/11/13 18:18:20 621] auth       473  read auth file failed! err=  11200  
============================================================
Time  2015/11/13 18:21:35 408 
============================================================
[2015/11/13 18:21:35 408] auth       479  SYS_MSG_LOAD  
[2015/11/13 18:21:35 410] auth       459  AUTH_MSG_LOCAL_CHECK  
[2015/11/13 18:21:35 410] auth       473  read auth file failed! err=  11200  
============================================================
Time  2015/11/13 18:29:35 948 
============================================================
[2015/11/13 18:29:35 950] auth       479  SYS_MSG_LOAD  
[2015/11/13 18:29:35 950] auth       459  AUTH_MSG_LOCAL_CHECK  
[2015/11/13 18:29:35 950] auth       473  read auth file failed! err=  11200  
============================================================
Time  2015/11/13 18:32:53 112 
============================================================
[2015/11/13 18:32:53 114] auth       479  SYS_MSG_LOAD  
[2015/11/13 18:32:53 114] auth       459  AUTH_MSG_LOCAL_CHECK  
[2015/11/13 18:32:53 115] auth       473  read auth file failed! err=  11200  
============================================================
Time  2015/11/13 18:48:50 690 
============================================================
[2015/11/13 18:48:50 690] auth       479  SYS_MSG_LOAD  
[2015/11/13 18:48:50 691] auth       459  AUTH_MSG_LOCAL_CHECK  
[2015/11/13 18:48:50 691] auth       473  read auth file failed! err=  11200  
============================================================
Time  2015/11/13 18:51:19 401 
============================================================
[2015/11/13 18:51:19 401] auth       479  SYS_MSG_LOAD  
[2015/11/13 18:51:19 403] auth       459  AUTH_MSG_LOCAL_CHECK  
[2015/11/13 18:51:19 403] auth       473  read auth file failed! err=  11200  
============================================================
Time  2015/11/13 18:51:47 342 
============================================================
[2015/11/13 18:51:47 344] auth       479  SYS_MSG_LOAD  
[2015/11/13 18:51:47 344] auth       459  AUTH_MSG_LOCAL_CHECK  
[2015/11/13 18:51:47 345] auth       473  read auth file failed! err=  11200  
============================================================
Time  2015/11/13 18:53:16 687 
============================================================
[2015/11/13 18:53:16 687] auth       479  SYS_MSG_LOAD  
[2015/11/13 18:53:16 687] auth       459  AUTH_MSG_LOCAL_CHECK  
[2015/11/13 18:53:16 687] auth       473  read auth file failed! err=  11200  
============================================================
Time  2015/11/13 18:53:38 588 
============================================================
[2015/11/13 18:53:38 588] auth       479  SYS_MSG_LOAD  
[2015/11/13 18:53:38 588] auth       459  AUTH_MSG_LOCAL_CHECK  
[2015/11/13 18:53:38 588] auth       473  read auth file failed! err=  11200  
============================================================
Time  2015/11/13 18:54:22 551 
============================================================
[2015/11/13 18:54:22 551] auth       479  SYS_MSG_LOAD  
[2015/11/13 18:54:22 551] auth       459  AUTH_MSG_LOCAL_CHECK  
[2015/11/13 18:54:22 552] auth       473  read auth file failed! err=  11200  
============================================================
Time  2015/11/13 19:01:02 555 
============================================================
[2015/11/13 19:01:02 555] auth       479  SYS_MSG_LOAD  
[2015/11/13 19:01:02 555] auth       459  AUTH_MSG_LOCAL_CHECK  
[2015/11/13 19:01:02 556] auth       473  read auth file failed! err=  11200  
============================================================
Time  2015/11/13 19:02:16 155 
============================================================
[2015/11/13 19:02:16 155] auth       479  SYS_MSG_LOAD  
[2015/11/13 19:02:16 157] auth       459  AUTH_MSG_LOCAL_CHECK  
[2015/11/13 19:02:16 157] auth       473  read auth file failed! err=  11200  
============================================================
Time  2015/11/13 19:03:13 178 
============================================================
[2015/11/13 19:03:13 180] auth       479  SYS_MSG_LOAD  
[2015/11/13 19:03:13 180] auth       459  AUTH_MSG_LOCAL_CHECK  
[2015/11/13 19:03:13 180] auth       473  read auth file failed! err=  11200  
============================================================
Time  2015/11/13 19:04:19 190 
============================================================
[2015/11/13 19:04:19 190] auth       479  SYS_MSG_LOAD  
[2015/11/13 19:04:19 191] auth       459  AUTH_MSG_LOCAL_CHECK  
[2015/11/13 19:04:19 191] auth       473  read auth file failed! err=  11200  
============================================================
Time  2015/11/13 19:06:38 411 
============================================================
[2015/11/13 19:06:38 413] auth       479  SYS_MSG_LOAD  
[2015/11/13 19:06:38 413] auth       459  AUTH_MSG_LOCAL_CHECK  
[2015/11/13 19:06:38 414] auth       473  read auth file failed! err=  11200  
============================================================
Time  2015/11/16 16:09:40 085 
============================================================
[2015/11/16 16:09:40 088] auth       479  SYS_MSG_LOAD  
[2015/11/16 16:09:40 088] auth       459  AUTH_MSG_LOCAL_CHECK  
[2015/11/16 16:09:40 089] auth       473  read auth file failed! err=  11200  
============================================================
Time  2015/11/16 16:10:59 911 
============================================================
[2015/11/16 16:10:59 911] auth       479  SYS_MSG_LOAD  
[2015/11/16 16:10:59 913] auth       459  AUTH_MSG_LOCAL_CHECK  
[2015/11/16 16:10:59 913] auth       473  read auth file failed! err=  11200  
============================================================
Time  2015/11/16 16:13:40 088 
============================================================
[2015/11/16 16:13:40 088] auth       479  SYS_MSG_LOAD  
[2015/11/16 16:13:40 088] auth       459  AUTH_MSG_LOCAL_CHECK  
[2015/11/16 16:13:40 088] auth       473  read auth file failed! err=  11200  
============================================================
Time  2015/11/16 16:14:22 582 
============================================================
[2015/11/16 16:14:22 582] auth       479  SYS_MSG_LOAD  
[2015/11/16 16:14:22 584] auth       459  AUTH_MSG_LOCAL_CHECK  
[2015/11/16 16:14:22 584] auth       473  read auth file failed! err=  11200  
============================================================
Time  2015/11/16 16:16:44 157 
============================================================
[2015/11/16 16:16:44 158] auth       479  SYS_MSG_LOAD  
[2015/11/16 16:16:44 160] auth       459  AUTH_MSG_LOCAL_CHECK  
[2015/11/16 16:16:44 160] auth       473  read auth file failed! err=  11200  
============================================================
Time  2015/11/16 16:17:27 206 
============================================================
[2015/11/16 16:17:27 207] auth       479  SYS_MSG_LOAD  
[2015/11/16 16:17:27 207] auth       459  AUTH_MSG_LOCAL_CHECK  
[2015/11/16 16:17:27 207] auth       473  read auth file failed! err=  11200  
============================================================
Time  2015/11/16 16:17:49 484 
============================================================
[2015/11/16 16:17:49 484] auth       479  SYS_MSG_LOAD  
[2015/11/16 16:17:49 484] auth       459  AUTH_MSG_LOCAL_CHECK  
[2015/11/16 16:17:49 486] auth       473  read auth file failed! err=  11200  
============================================================
Time  2015/11/16 16:18:21 802 
============================================================
[2015/11/16 16:18:21 803] auth       479  SYS_MSG_LOAD  
[2015/11/16 16:18:21 803] auth       459  AUTH_MSG_LOCAL_CHECK  
[2015/11/16 16:18:21 805] auth       473  read auth file failed! err=  11200  
============================================================
Time  2015/11/16 16:21:21 671 
============================================================
[2015/11/16 16:21:21 671] auth       479  SYS_MSG_LOAD  
[2015/11/16 16:21:21 671] auth       459  AUTH_MSG_LOCAL_CHECK  
[2015/11/16 16:21:21 673] auth       473  read auth file failed! err=  11200  
============================================================
Time  2015/11/16 16:23:43 785 
============================================================
[2015/11/16 16:23:43 785] auth       479  SYS_MSG_LOAD  
[2015/11/16 16:23:43 786] auth       459  AUTH_MSG_LOCAL_CHECK  
[2015/11/16 16:23:43 786] auth       473  read auth file failed! err=  11200  
============================================================
Time  2015/11/16 16:27:05 907 
============================================================
[2015/11/16 16:27:05 907] auth       479  SYS_MSG_LOAD  
[2015/11/16 16:27:05 907] auth       459  AUTH_MSG_LOCAL_CHECK  
[2015/11/16 16:27:05 907] auth       473  read auth file failed! err=  11200  
============================================================
Time  2015/11/16 16:31:58 776 
============================================================
[2015/11/16 16:31:58 776] auth       479  SYS_MSG_LOAD  
[2015/11/16 16:31:58 778] auth       459  AUTH_MSG_LOCAL_CHECK  
[2015/11/16 16:31:58 778] auth       473  read auth file failed! err=  11200  
============================================================
Time  2015/11/16 16:32:26 219 
============================================================
[2015/11/16 16:32:26 219] auth       479  SYS_MSG_LOAD  
[2015/11/16 16:32:26 220] auth       459  AUTH_MSG_LOCAL_CHECK  
[2015/11/16 16:32:26 220] auth       473  read auth file failed! err=  11200  
============================================================
Time  2015/11/16 16:34:25 292 
============================================================
[2015/11/16 16:34:25 292] auth       479  SYS_MSG_LOAD  
[2015/11/16 16:34:25 296] auth       459  AUTH_MSG_LOCAL_CHECK  
[2015/11/16 16:34:25 296] auth       473  read auth file failed! err=  11200  
============================================================
Time  2015/11/16 16:35:08 030 
============================================================
[2015/11/16 16:35:08 030] auth       479  SYS_MSG_LOAD  
[2015/11/16 16:35:08 032] auth       459  AUTH_MSG_LOCAL_CHECK  
[2015/11/16 16:35:08 032] auth       473  read auth file failed! err=  11200  
============================================================
Time  2015/11/16 16:36:17 940 
============================================================
[2015/11/16 16:36:17 940] auth       479  SYS_MSG_LOAD  
[2015/11/16 16:36:17 941] auth       459  AUTH_MSG_LOCAL_CHECK  
[2015/11/16 16:36:17 941] auth       473  read auth file failed! err=  11200  
============================================================
Time  2015/11/16 16:40:35 213 
============================================================
[2015/11/16 16:40:35 213] auth       479  SYS_MSG_LOAD  
[2015/11/16 16:40:35 213] auth       459  AUTH_MSG_LOCAL_CHECK  
[2015/11/16 16:40:35 213] auth       473  read auth file failed! err=  11200  
============================================================
Time  2015/11/16 16:45:47 619 
============================================================
[2015/11/16 16:45:47 619] auth       479  SYS_MSG_LOAD  
[2015/11/16 16:45:47 621] auth       459  AUTH_MSG_LOCAL_CHECK  
[2015/11/16 16:45:47 621] auth       473  read auth file failed! err=  11200  
============================================================
Time  2015/11/16 16:46:44 233 
============================================================
[2015/11/16 16:46:44 236] auth       479  SYS_MSG_LOAD  
[2015/11/16 16:46:44 236] auth       459  AUTH_MSG_LOCAL_CHECK  
[2015/11/16 16:46:44 237] auth       473  read auth file failed! err=  11200  
============================================================
Time  2015/11/16 16:48:20 394 
============================================================
[2015/11/16 16:48:20 394] auth       479  SYS_MSG_LOAD  
[2015/11/16 16:48:20 394] auth       459  AUTH_MSG_LOCAL_CHECK  
[2015/11/16 16:48:20 394] auth       473  read auth file failed! err=  11200  
============================================================
Time  2015/11/16 17:28:49 592 
============================================================
[2015/11/16 17:28:49 592] auth       479  SYS_MSG_LOAD  
[2015/11/16 17:28:49 592] auth       459  AUTH_MSG_LOCAL_CHECK  
[2015/11/16 17:28:49 594] auth       473  read auth file failed! err=  11200  
============================================================
Time  2015/11/16 17:33:19 908 
============================================================
[2015/11/16 17:33:19 908] auth       479  SYS_MSG_LOAD  
[2015/11/16 17:33:19 910] auth       459  AUTH_MSG_LOCAL_CHECK  
[2015/11/16 17:33:19 910] auth       473  read auth file failed! err=  11200  
============================================================
Time  2015/11/16 17:34:02 009 
============================================================
[2015/11/16 17:34:02 009] auth       479  SYS_MSG_LOAD  
[2015/11/16 17:34:02 009] auth       459  AUTH_MSG_LOCAL_CHECK  
[2015/11/16 17:34:02 010] auth       473  read auth file failed! err=  11200  
============================================================
Time  2015/11/16 17:34:49 286 
============================================================
[2015/11/16 17:34:49 286] auth       479  SYS_MSG_LOAD  
[2015/11/16 17:34:49 288] auth       459  AUTH_MSG_LOCAL_CHECK  
[2015/11/16 17:34:49 288] auth       473  read auth file failed! err=  11200  
============================================================
Time  2015/11/16 17:36:21 960 
============================================================
[2015/11/16 17:36:21 960] auth       479  SYS_MSG_LOAD  
[2015/11/16 17:36:21 963] auth       459  AUTH_MSG_LOCAL_CHECK  
[2015/11/16 17:36:21 963] auth       473  read auth file failed! err=  11200  
============================================================
Time  2015/11/16 17:40:07 907 
============================================================
[2015/11/16 17:40:07 908] auth       479  SYS_MSG_LOAD  
[2015/11/16 17:40:07 908] auth       459  AUTH_MSG_LOCAL_CHECK  
[2015/11/16 17:40:07 910] auth       473  read auth file failed! err=  11200  
============================================================
Time  2015/11/16 17:43:14 213 
============================================================
[2015/11/16 17:43:14 213] auth       479  SYS_MSG_LOAD  
[2015/11/16 17:43:14 214] auth       459  AUTH_MSG_LOCAL_CHECK  
[2015/11/16 17:43:14 214] auth       473  read auth file failed! err=  11200  
============================================================
Time  2015/11/16 17:45:33 743 
============================================================
[2015/11/16 17:45:33 743] auth       479  SYS_MSG_LOAD  
[2015/11/16 17:45:33 743] auth       459  AUTH_MSG_LOCAL_CHECK  
[2015/11/16 17:45:33 743] auth       473  read auth file failed! err=  11200  
============================================================
Time  2015/11/16 17:48:49 348 
============================================================
[2015/11/16 17:48:49 348] auth       479  SYS_MSG_LOAD  
[2015/11/16 17:48:49 349] auth       459  AUTH_MSG_LOCAL_CHECK  
[2015/11/16 17:48:49 351] auth       473  read auth file failed! err=  11200  
============================================================
Time  2015/11/16 17:50:06 951 
============================================================
[2015/11/16 17:50:06 953] auth       479  SYS_MSG_LOAD  
[2015/11/16 17:50:06 953] auth       459  AUTH_MSG_LOCAL_CHECK  
[2015/11/16 17:50:06 953] auth       473  read auth file failed! err=  11200  
============================================================
Time  2015/11/16 17:57:58 417 
============================================================
[2015/11/16 17:57:58 417] auth       479  SYS_MSG_LOAD  
[2015/11/16 17:57:58 417] auth       459  AUTH_MSG_LOCAL_CHECK  
[2015/11/16 17:57:58 417] auth       473  read auth file failed! err=  11200  
============================================================
Time  2015/11/16 17:58:50 992 
============================================================
[2015/11/16 17:58:50 992] auth       479  SYS_MSG_LOAD  
[2015/11/16 17:58:50 993] auth       459  AUTH_MSG_LOCAL_CHECK  
[2015/11/16 17:58:50 993] auth       473  read auth file failed! err=  11200  
============================================================
Time  2015/11/16 17:59:04 522 
============================================================
[2015/11/16 17:59:04 522] auth       479  SYS_MSG_LOAD  
[2015/11/16 17:59:04 523] auth       459  AUTH_MSG_LOCAL_CHECK  
[2015/11/16 17:59:04 523] auth       473  read auth file failed! err=  11200  
============================================================
Time  2015/11/16 17:59:48 161 
============================================================
[2015/11/16 17:59:48 161] auth       479  SYS_MSG_LOAD  
[2015/11/16 17:59:48 161] auth       459  AUTH_MSG_LOCAL_CHECK  
[2015/11/16 17:59:48 161] auth       473  read auth file failed! err=  11200  
============================================================
Time  2015/11/16 18:02:43 841 
============================================================
[2015/11/16 18:02:43 844] auth       479  SYS_MSG_LOAD  
[2015/11/16 18:02:43 844] auth       459  AUTH_MSG_LOCAL_CHECK  
[2015/11/16 18:02:43 844] auth       473  read auth file failed! err=  11200  
============================================================
Time  2015/11/16 18:18:48 118 
============================================================
[2015/11/16 18:18:48 118] auth       479  SYS_MSG_LOAD  
[2015/11/16 18:18:48 119] auth       459  AUTH_MSG_LOCAL_CHECK  
[2015/11/16 18:18:48 119] auth       473  read auth file failed! err=  11200  
============================================================
Time  2015/11/16 18:20:17 207 
============================================================
[2015/11/16 18:20:17 209] auth       479  SYS_MSG_LOAD  
[2015/11/16 18:20:17 209] auth       459  AUTH_MSG_LOCAL_CHECK  
[2015/11/16 18:20:17 210] auth       473  read auth file failed! err=  11200  
============================================================
Time  2015/11/16 18:25:09 763 
============================================================
[2015/11/16 18:25:09 763] auth       479  SYS_MSG_LOAD  
[2015/11/16 18:25:09 763] auth       459  AUTH_MSG_LOCAL_CHECK  
[2015/11/16 18:25:09 765] auth       473  read auth file failed! err=  11200  
============================================================
Time  2015/11/16 18:25:39 591 
============================================================
[2015/11/16 18:25:39 591] auth       479  SYS_MSG_LOAD  
[2015/11/16 18:25:39 592] auth       459  AUTH_MSG_LOCAL_CHECK  
[2015/11/16 18:25:39 592] auth       473  read auth file failed! err=  11200  
============================================================
Time  2015/11/16 18:28:08 127 
============================================================
[2015/11/16 18:28:08 127] auth       479  SYS_MSG_LOAD  
[2015/11/16 18:28:08 128] auth       459  AUTH_MSG_LOCAL_CHECK  
[2015/11/16 18:28:08 128] auth       473  read auth file failed! err=  11200  
============================================================
Time  2015/11/16 18:35:17 732 
============================================================
[2015/11/16 18:35:17 732] auth       479  SYS_MSG_LOAD  
[2015/11/16 18:35:17 733] auth       459  AUTH_MSG_LOCAL_CHECK  
[2015/11/16 18:35:17 733] auth       473  read auth file failed! err=  11200  
============================================================
Time  2015/11/16 18:36:44 500 
============================================================
[2015/11/16 18:36:44 500] auth       479  SYS_MSG_LOAD  
[2015/11/16 18:36:44 500] auth       459  AUTH_MSG_LOCAL_CHECK  
[2015/11/16 18:36:44 502] auth       473  read auth file failed! err=  11200  
============================================================
Time  2015/11/16 18:37:42 308 
============================================================
[2015/11/16 18:37:42 309] auth       479  SYS_MSG_LOAD  
[2015/11/16 18:37:42 309] auth       459  AUTH_MSG_LOCAL_CHECK  
[2015/11/16 18:37:42 309] auth       473  read auth file failed! err=  11200  
============================================================
Time  2015/11/16 18:38:15 253 
============================================================
[2015/11/16 18:38:15 253] auth       479  SYS_MSG_LOAD  
[2015/11/16 18:38:15 255] auth       459  AUTH_MSG_LOCAL_CHECK  
[2015/11/16 18:38:15 256] auth       473  read auth file failed! err=  11200  
============================================================
Time  2015/11/16 18:43:12 716 
============================================================
[2015/11/16 18:43:12 717] auth       479  SYS_MSG_LOAD  
[2015/11/16 18:43:12 717] auth       459  AUTH_MSG_LOCAL_CHECK  
[2015/11/16 18:43:12 719] auth       473  read auth file failed! err=  11200  
============================================================
Time  2015/11/16 18:45:35 936 
============================================================
[2015/11/16 18:45:35 936] auth       479  SYS_MSG_LOAD  
[2015/11/16 18:45:35 937] auth       459  AUTH_MSG_LOCAL_CHECK  
[2015/11/16 18:45:35 937] auth       473  read auth file failed! err=  11200  
============================================================
Time  2015/11/16 18:46:44 384 
============================================================
[2015/11/16 18:46:44 385] auth       479  SYS_MSG_LOAD  
[2015/11/16 18:46:44 385] auth       459  AUTH_MSG_LOCAL_CHECK  
[2015/11/16 18:46:44 387] auth       473  read auth file failed! err=  11200  
============================================================
Time  2015/11/16 18:48:31 329 
============================================================
[2015/11/16 18:48:31 331] auth       479  SYS_MSG_LOAD  
[2015/11/16 18:48:31 332] auth       459  AUTH_MSG_LOCAL_CHECK  
[2015/11/16 18:48:31 332] auth       473  read auth file failed! err=  11200  
============================================================
Time  2015/11/17 10:11:13 894 
============================================================
[2015/11/17 10:11:13 894] auth       479  SYS_MSG_LOAD  
[2015/11/17 10:11:13 895] auth       459  AUTH_MSG_LOCAL_CHECK  
[2015/11/17 10:11:13 897] auth       473  read auth file failed! err=  11200  
============================================================
Time  2015/11/17 10:17:36 358 
============================================================
[2015/11/17 10:17:36 358] auth       479  SYS_MSG_LOAD  
[2015/11/17 10:17:36 359] auth       459  AUTH_MSG_LOCAL_CHECK  
[2015/11/17 10:17:36 361] auth       473  read auth file failed! err=  11200  
============================================================
Time  2015/11/17 10:20:22 437 
============================================================
[2015/11/17 10:20:22 437] auth       479  SYS_MSG_LOAD  
[2015/11/17 10:20:22 437] auth       459  AUTH_MSG_LOCAL_CHECK  
[2015/11/17 10:20:22 438] auth       473  read auth file failed! err=  11200  
============================================================
Time  2015/11/17 10:31:58 131 
============================================================
[2015/11/17 10:31:58 132] auth       479  SYS_MSG_LOAD  
[2015/11/17 10:31:58 134] auth       459  AUTH_MSG_LOCAL_CHECK  
[2015/11/17 10:31:58 134] auth       473  read auth file failed! err=  11200  
============================================================
Time  2015/11/17 10:32:39 572 
============================================================
[2015/11/17 10:32:39 572] auth       479  SYS_MSG_LOAD  
[2015/11/17 10:32:39 573] auth       459  AUTH_MSG_LOCAL_CHECK  
[2015/11/17 10:32:39 573] auth       473  read auth file failed! err=  11200  
============================================================
Time  2015/11/17 10:34:25 832 
============================================================
[2015/11/17 10:34:25 832] auth       479  SYS_MSG_LOAD  
[2015/11/17 10:34:25 832] auth       459  AUTH_MSG_LOCAL_CHECK  
[2015/11/17 10:34:25 832] auth       473  read auth file failed! err=  11200  
============================================================
Time  2015/11/17 10:40:58 107 
============================================================
[2015/11/17 10:40:58 107] auth       479  SYS_MSG_LOAD  
[2015/11/17 10:40:58 108] auth       459  AUTH_MSG_LOCAL_CHECK  
[2015/11/17 10:40:58 108] auth       473  read auth file failed! err=  11200  
============================================================
Time  2015/11/17 10:55:27 951 
============================================================
[2015/11/17 10:55:27 951] auth       479  SYS_MSG_LOAD  
[2015/11/17 10:55:27 953] auth       459  AUTH_MSG_LOCAL_CHECK  
[2015/11/17 10:55:27 953] auth       473  read auth file failed! err=  11200  
============================================================
Time  2015/11/17 10:57:16 584 
============================================================
[2015/11/17 10:57:16 584] auth       479  SYS_MSG_LOAD  
[2015/11/17 10:57:16 585] auth       459  AUTH_MSG_LOCAL_CHECK  
[2015/11/17 10:57:16 585] auth       473  read auth file failed! err=  11200  
============================================================
Time  2015/11/17 11:10:40 038 
============================================================
[2015/11/17 11:10:40 038] auth       479  SYS_MSG_LOAD  
[2015/11/17 11:10:40 039] auth       459  AUTH_MSG_LOCAL_CHECK  
[2015/11/17 11:10:40 039] auth       473  read auth file failed! err=  11200  
============================================================
Time  2015/11/17 11:15:12 220 
============================================================
[2015/11/17 11:15:12 220] auth       479  SYS_MSG_LOAD  
[2015/11/17 11:15:12 220] auth       459  AUTH_MSG_LOCAL_CHECK  
[2015/11/17 11:15:12 220] auth       473  read auth file failed! err=  11200  
============================================================
Time  2015/11/17 11:15:23 723 
============================================================
[2015/11/17 11:15:23 723] auth       479  SYS_MSG_LOAD  
[2015/11/17 11:15:23 724] auth       459  AUTH_MSG_LOCAL_CHECK  
[2015/11/17 11:15:23 724] auth       473  read auth file failed! err=  11200  
============================================================
Time  2015/11/17 11:19:15 122 
============================================================
[2015/11/17 11:19:15 122] auth       479  SYS_MSG_LOAD  
[2015/11/17 11:19:15 124] auth       459  AUTH_MSG_LOCAL_CHECK  
[2015/11/17 11:19:15 125] auth       473  read auth file failed! err=  11200  
============================================================
Time  2015/11/17 11:22:09 190 
============================================================
[2015/11/17 11:22:09 190] auth       479  SYS_MSG_LOAD  
[2015/11/17 11:22:09 193] auth       459  AUTH_MSG_LOCAL_CHECK  
[2015/11/17 11:22:09 193] auth       473  read auth file failed! err=  11200  
============================================================
Time  2015/11/17 11:24:29 335 
============================================================
[2015/11/17 11:24:29 335] auth       479  SYS_MSG_LOAD  
[2015/11/17 11:24:29 335] auth       459  AUTH_MSG_LOCAL_CHECK  
[2015/11/17 11:24:29 335] auth       473  read auth file failed! err=  11200  
============================================================
Time  2015/11/17 11:28:17 236 
============================================================
[2015/11/17 11:28:17 236] auth       479  SYS_MSG_LOAD  
[2015/11/17 11:28:17 237] auth       459  AUTH_MSG_LOCAL_CHECK  
[2015/11/17 11:28:17 237] auth       473  read auth file failed! err=  11200  
============================================================
Time  2015/11/17 11:30:41 756 
============================================================
[2015/11/17 11:30:41 756] auth       479  SYS_MSG_LOAD  
[2015/11/17 11:30:41 757] auth       459  AUTH_MSG_LOCAL_CHECK  
[2015/11/17 11:30:41 757] auth       473  read auth file failed! err=  11200  
============================================================
Time  2015/11/17 11:33:11 032 
============================================================
[2015/11/17 11:33:11 032] auth       479  SYS_MSG_LOAD  
[2015/11/17 11:33:11 033] auth       459  AUTH_MSG_LOCAL_CHECK  
[2015/11/17 11:33:11 033] auth       473  read auth file failed! err=  11200  
============================================================
Time  2015/11/17 11:33:27 450 
============================================================
[2015/11/17 11:33:27 450] auth       479  SYS_MSG_LOAD  
[2015/11/17 11:33:27 451] auth       459  AUTH_MSG_LOCAL_CHECK  
[2015/11/17 11:33:27 453] auth       473  read auth file failed! err=  11200  
============================================================
Time  2015/11/17 11:34:06 345 
============================================================
[2015/11/17 11:34:06 346] auth       479  SYS_MSG_LOAD  
[2015/11/17 11:34:06 348] auth       459  AUTH_MSG_LOCAL_CHECK  
[2015/11/17 11:34:06 348] auth       473  read auth file failed! err=  11200  
============================================================
Time  2015/11/17 11:38:53 002 
============================================================
[2015/11/17 11:38:53 003] auth       479  SYS_MSG_LOAD  
[2015/11/17 11:38:53 003] auth       459  AUTH_MSG_LOCAL_CHECK  
[2015/11/17 11:38:53 005] auth       473  read auth file failed! err=  11200  
============================================================
Time  2015/11/17 11:39:33 361 
============================================================
[2015/11/17 11:39:33 362] auth       479  SYS_MSG_LOAD  
[2015/11/17 11:39:33 362] auth       459  AUTH_MSG_LOCAL_CHECK  
[2015/11/17 11:39:33 364] auth       473  read auth file failed! err=  11200  
============================================================
Time  2015/11/17 11:39:46 407 
============================================================
[2015/11/17 11:39:46 408] auth       479  SYS_MSG_LOAD  
[2015/11/17 11:39:46 410] auth       459  AUTH_MSG_LOCAL_CHECK  
[2015/11/17 11:39:46 410] auth       473  read auth file failed! err=  11200  
============================================================
Time  2015/11/17 11:42:55 007 
============================================================
[2015/11/17 11:42:55 009] auth       479  SYS_MSG_LOAD  
[2015/11/17 11:42:55 009] auth       459  AUTH_MSG_LOCAL_CHECK  
[2015/11/17 11:42:55 009] auth       473  read auth file failed! err=  11200  
============================================================
Time  2015/11/17 11:43:41 963 
============================================================
[2015/11/17 11:43:41 964] auth       479  SYS_MSG_LOAD  
[2015/11/17 11:43:41 964] auth       459  AUTH_MSG_LOCAL_CHECK  
[2015/11/17 11:43:41 966] auth       473  read auth file failed! err=  11200  
============================================================
Time  2015/11/17 11:46:32 470 
============================================================
[2015/11/17 11:46:32 471] auth       479  SYS_MSG_LOAD  
[2015/11/17 11:46:32 471] auth       459  AUTH_MSG_LOCAL_CHECK  
[2015/11/17 11:46:32 473] auth       473  read auth file failed! err=  11200  
============================================================
Time  2015/11/17 11:47:49 138 
============================================================
[2015/11/17 11:47:49 138] auth       479  SYS_MSG_LOAD  
[2015/11/17 11:47:49 140] auth       459  AUTH_MSG_LOCAL_CHECK  
[2015/11/17 11:47:49 141] auth       473  read auth file failed! err=  11200  
============================================================
Time  2015/11/17 11:48:35 309 
============================================================
[2015/11/17 11:48:35 309] auth       479  SYS_MSG_LOAD  
[2015/11/17 11:48:35 311] auth       459  AUTH_MSG_LOCAL_CHECK  
[2015/11/17 11:48:35 311] auth       473  read auth file failed! err=  11200  
============================================================
Time  2015/11/17 11:49:55 385 
============================================================
[2015/11/17 11:49:55 387] auth       479  SYS_MSG_LOAD  
[2015/11/17 11:49:55 388] auth       459  AUTH_MSG_LOCAL_CHECK  
[2015/11/17 11:49:55 388] auth       473  read auth file failed! err=  11200  
============================================================
Time  2015/11/17 11:51:09 460 
============================================================
[2015/11/17 11:51:09 460] auth       479  SYS_MSG_LOAD  
[2015/11/17 11:51:09 460] auth       459  AUTH_MSG_LOCAL_CHECK  
[2015/11/17 11:51:09 461] auth       473  read auth file failed! err=  11200  
============================================================
Time  2015/11/17 11:51:30 529 
============================================================
[2015/11/17 11:51:30 529] auth       479  SYS_MSG_LOAD  
[2015/11/17 11:51:30 529] auth       459  AUTH_MSG_LOCAL_CHECK  
[2015/11/17 11:51:30 529] auth       473  read auth file failed! err=  11200  
============================================================
Time  2015/11/17 11:52:29 381 
============================================================
[2015/11/17 11:52:29 382] auth       479  SYS_MSG_LOAD  
[2015/11/17 11:52:29 384] auth       459  AUTH_MSG_LOCAL_CHECK  
[2015/11/17 11:52:29 384] auth       473  read auth file failed! err=  11200  
============================================================
Time  2015/11/17 11:53:03 355 
============================================================
[2015/11/17 11:53:03 357] auth       479  SYS_MSG_LOAD  
[2015/11/17 11:53:03 358] auth       459  AUTH_MSG_LOCAL_CHECK  
[2015/11/17 11:53:03 358] auth       473  read auth file failed! err=  11200  
============================================================
Time  2015/11/17 11:53:53 523 
============================================================
[2015/11/17 11:53:53 523] auth       479  SYS_MSG_LOAD  
[2015/11/17 11:53:53 523] auth       459  AUTH_MSG_LOCAL_CHECK  
[2015/11/17 11:53:53 525] auth       473  read auth file failed! err=  11200  
============================================================
Time  2015/11/17 12:00:55 341 
============================================================
[2015/11/17 12:00:55 342] auth       479  SYS_MSG_LOAD  
[2015/11/17 12:00:55 342] auth       459  AUTH_MSG_LOCAL_CHECK  
[2015/11/17 12:00:55 342] auth       473  read auth file failed! err=  11200  
============================================================
Time  2015/11/17 12:01:49 144 
============================================================
[2015/11/17 12:01:49 144] auth       479  SYS_MSG_LOAD  
[2015/11/17 12:01:49 145] auth       459  AUTH_MSG_LOCAL_CHECK  
[2015/11/17 12:01:49 145] auth       473  read auth file failed! err=  11200  
============================================================
Time  2015/11/17 12:02:19 364 
============================================================
[2015/11/17 12:02:19 364] auth       479  SYS_MSG_LOAD  
[2015/11/17 12:02:19 365] auth       459  AUTH_MSG_LOCAL_CHECK  
[2015/11/17 12:02:19 365] auth       473  read auth file failed! err=  11200  
============================================================
Time  2015/11/17 12:03:19 667 
============================================================
[2015/11/17 12:03:19 667] auth       479  SYS_MSG_LOAD  
[2015/11/17 12:03:19 667] auth       459  AUTH_MSG_LOCAL_CHECK  
[2015/11/17 12:03:19 667] auth       473  read auth file failed! err=  11200  
============================================================
Time  2015/11/17 12:04:00 434 
============================================================
[2015/11/17 12:04:00 434] auth       479  SYS_MSG_LOAD  
[2015/11/17 12:04:00 436] auth       459  AUTH_MSG_LOCAL_CHECK  
[2015/11/17 12:04:00 436] auth       473  read auth file failed! err=  11200  
============================================================
Time  2015/11/17 12:04:54 430 
============================================================
[2015/11/17 12:04:54 431] auth       479  SYS_MSG_LOAD  
[2015/11/17 12:04:54 431] auth       459  AUTH_MSG_LOCAL_CHECK  
[2015/11/17 12:04:54 433] auth       473  read auth file failed! err=  11200  
============================================================
Time  2015/11/17 12:05:47 776 
============================================================
[2015/11/17 12:05:47 776] auth       479  SYS_MSG_LOAD  
[2015/11/17 12:05:47 778] auth       459  AUTH_MSG_LOCAL_CHECK  
[2015/11/17 12:05:47 779] auth       473  read auth file failed! err=  11200  
============================================================
Time  2015/11/17 12:06:56 640 
============================================================
[2015/11/17 12:06:56 640] auth       479  SYS_MSG_LOAD  
[2015/11/17 12:06:56 641] auth       459  AUTH_MSG_LOCAL_CHECK  
[2015/11/17 12:06:56 641] auth       473  read auth file failed! err=  11200  
============================================================
Time  2015/11/17 13:02:19 253 
============================================================
[2015/11/17 13:02:19 255] auth       479  SYS_MSG_LOAD  
[2015/11/17 13:02:19 256] auth       459  AUTH_MSG_LOCAL_CHECK  
[2015/11/17 13:02:19 256] auth       473  read auth file failed! err=  11200  
============================================================
Time  2015/11/17 13:03:12 779 
============================================================
[2015/11/17 13:03:12 780] auth       479  SYS_MSG_LOAD  
[2015/11/17 13:03:12 782] auth       459  AUTH_MSG_LOCAL_CHECK  
[2015/11/17 13:03:12 782] auth       473  read auth file failed! err=  11200  
============================================================
Time  2015/11/17 13:08:28 927 
============================================================
[2015/11/17 13:08:28 927] auth       479  SYS_MSG_LOAD  
[2015/11/17 13:08:28 928] auth       459  AUTH_MSG_LOCAL_CHECK  
[2015/11/17 13:08:28 930] auth       473  read auth file failed! err=  11200  
============================================================
Time  2015/11/17 13:18:55 346 
============================================================
[2015/11/17 13:18:55 348] auth       479  SYS_MSG_LOAD  
[2015/11/17 13:18:55 348] auth       459  AUTH_MSG_LOCAL_CHECK  
[2015/11/17 13:18:55 348] auth       473  read auth file failed! err=  11200  
============================================================
Time  2015/11/17 13:19:43 621 
============================================================
[2015/11/17 13:19:43 621] auth       479  SYS_MSG_LOAD  
[2015/11/17 13:19:43 621] auth       459  AUTH_MSG_LOCAL_CHECK  
[2015/11/17 13:19:43 621] auth       473  read auth file failed! err=  11200  
============================================================
Time  2015/11/17 13:21:32 454 
============================================================
[2015/11/17 13:21:32 456] auth       479  SYS_MSG_LOAD  
[2015/11/17 13:21:32 457] auth       459  AUTH_MSG_LOCAL_CHECK  
[2015/11/17 13:21:32 457] auth       473  read auth file failed! err=  11200  
============================================================
Time  2015/11/17 13:28:53 540 
============================================================
[2015/11/17 13:28:53 540] auth       479  SYS_MSG_LOAD  
[2015/11/17 13:28:53 542] auth       459  AUTH_MSG_LOCAL_CHECK  
[2015/11/17 13:28:53 542] auth       473  read auth file failed! err=  11200  
============================================================
Time  2015/11/17 13:30:05 242 
============================================================
[2015/11/17 13:30:05 242] auth       479  SYS_MSG_LOAD  
[2015/11/17 13:30:05 243] auth       459  AUTH_MSG_LOCAL_CHECK  
[2015/11/17 13:30:05 243] auth       473  read auth file failed! err=  11200  
============================================================
Time  2015/11/17 13:33:58 608 
============================================================
[2015/11/17 13:33:58 608] auth       479  SYS_MSG_LOAD  
[2015/11/17 13:33:58 608] auth       459  AUTH_MSG_LOCAL_CHECK  
[2015/11/17 13:33:58 608] auth       473  read auth file failed! err=  11200  
============================================================
Time  2015/11/17 13:34:34 611 
============================================================
[2015/11/17 13:34:34 611] auth       479  SYS_MSG_LOAD  
[2015/11/17 13:34:34 611] auth       459  AUTH_MSG_LOCAL_CHECK  
[2015/11/17 13:34:34 612] auth       473  read auth file failed! err=  11200  
============================================================
Time  2015/11/17 13:36:16 493 
============================================================
[2015/11/17 13:36:16 494] auth       479  SYS_MSG_LOAD  
[2015/11/17 13:36:16 496] auth       459  AUTH_MSG_LOCAL_CHECK  
[2015/11/17 13:36:16 496] auth       473  read auth file failed! err=  11200  
============================================================
Time  2015/11/17 13:51:57 313 
============================================================
[2015/11/17 13:51:57 313] auth       479  SYS_MSG_LOAD  
[2015/11/17 13:51:57 315] auth       459  AUTH_MSG_LOCAL_CHECK  
[2015/11/17 13:51:57 315] auth       473  read auth file failed! err=  11200  
============================================================
Time  2015/11/17 13:52:08 533 
============================================================
[2015/11/17 13:52:08 533] auth       479  SYS_MSG_LOAD  
[2015/11/17 13:52:08 535] auth       459  AUTH_MSG_LOCAL_CHECK  
[2015/11/17 13:52:08 535] auth       473  read auth file failed! err=  11200  
============================================================
Time  2015/11/17 15:03:05 368 
============================================================
[2015/11/17 15:03:05 368] auth       479  SYS_MSG_LOAD  
[2015/11/17 15:03:05 369] auth       459  AUTH_MSG_LOCAL_CHECK  
[2015/11/17 15:03:05 369] auth       473  read auth file failed! err=  11200  
============================================================
Time  2015/11/17 15:03:37 941 
============================================================
[2015/11/17 15:03:37 941] auth       479  SYS_MSG_LOAD  
[2015/11/17 15:03:37 943] auth       459  AUTH_MSG_LOCAL_CHECK  
[2015/11/17 15:03:37 943] auth       473  read auth file failed! err=  11200  
============================================================
Time  2015/11/17 15:14:35 219 
============================================================
[2015/11/17 15:14:35 219] auth       479  SYS_MSG_LOAD  
[2015/11/17 15:14:35 220] auth       459  AUTH_MSG_LOCAL_CHECK  
[2015/11/17 15:14:35 220] auth       473  read auth file failed! err=  11200  
============================================================
Time  2015/11/17 15:20:00 364 
============================================================
[2015/11/17 15:20:00 364] auth       479  SYS_MSG_LOAD  
[2015/11/17 15:20:00 365] auth       459  AUTH_MSG_LOCAL_CHECK  
[2015/11/17 15:20:00 365] auth       473  read auth file failed! err=  11200  
============================================================
Time  2015/11/17 15:22:26 483 
============================================================
[2015/11/17 15:22:26 483] auth       479  SYS_MSG_LOAD  
[2015/11/17 15:22:26 483] auth       459  AUTH_MSG_LOCAL_CHECK  
[2015/11/17 15:22:26 484] auth       473  read auth file failed! err=  11200  
============================================================
Time  2015/11/17 15:39:32 611 
============================================================
[2015/11/17 15:39:32 611] auth       479  SYS_MSG_LOAD  
[2015/11/17 15:39:32 612] auth       459  AUTH_MSG_LOCAL_CHECK  
[2015/11/17 15:39:32 612] auth       473  read auth file failed! err=  11200  
============================================================
Time  2015/11/17 15:50:03 476 
============================================================
[2015/11/17 15:50:03 476] auth       479  SYS_MSG_LOAD  
[2015/11/17 15:50:03 477] auth       459  AUTH_MSG_LOCAL_CHECK  
[2015/11/17 15:50:03 479] auth       473  read auth file failed! err=  11200  
============================================================
Time  2015/11/17 15:51:15 678 
============================================================
[2015/11/17 15:51:15 678] auth       479  SYS_MSG_LOAD  
[2015/11/17 15:51:15 680] auth       459  AUTH_MSG_LOCAL_CHECK  
[2015/11/17 15:51:15 680] auth       473  read auth file failed! err=  11200  
============================================================
Time  2015/11/17 15:53:44 276 
============================================================
[2015/11/17 15:53:44 276] auth       479  SYS_MSG_LOAD  
[2015/11/17 15:53:44 278] auth       459  AUTH_MSG_LOCAL_CHECK  
[2015/11/17 15:53:44 278] auth       473  read auth file failed! err=  11200  
============================================================
Time  2015/11/17 16:52:22 931 
============================================================
[2015/11/17 16:52:22 934] auth       479  SYS_MSG_LOAD  
[2015/11/17 16:52:22 936] auth       459  AUTH_MSG_LOCAL_CHECK  
[2015/11/17 16:52:22 937] auth       473  read auth file failed! err=  11200  
============================================================
Time  2015/11/17 16:55:26 635 
============================================================
[2015/11/17 16:55:26 637] auth       479  SYS_MSG_LOAD  
[2015/11/17 16:55:26 638] auth       459  AUTH_MSG_LOCAL_CHECK  
[2015/11/17 16:55:26 638] auth       473  read auth file failed! err=  11200  
============================================================
Time  2015/11/17 16:56:40 092 
============================================================
[2015/11/17 16:56:40 092] auth       479  SYS_MSG_LOAD  
[2015/11/17 16:56:40 094] auth       459  AUTH_MSG_LOCAL_CHECK  
[2015/11/17 16:56:40 094] auth       473  read auth file failed! err=  11200  
============================================================
Time  2015/11/17 16:57:41 256 
============================================================
[2015/11/17 16:57:41 257] auth       479  SYS_MSG_LOAD  
[2015/11/17 16:57:41 257] auth       459  AUTH_MSG_LOCAL_CHECK  
[2015/11/17 16:57:41 259] auth       473  read auth file failed! err=  11200  
============================================================
Time  2015/11/17 16:59:57 506 
============================================================
[2015/11/17 16:59:57 506] auth       479  SYS_MSG_LOAD  
[2015/11/17 16:59:57 506] auth       459  AUTH_MSG_LOCAL_CHECK  
[2015/11/17 16:59:57 506] auth       473  read auth file failed! err=  11200  
============================================================
Time  2015/11/17 17:49:48 773 
============================================================
[2015/11/17 17:49:48 775] auth       479  SYS_MSG_LOAD  
[2015/11/17 17:49:48 776] auth       459  AUTH_MSG_LOCAL_CHECK  
[2015/11/17 17:49:48 776] auth       473  read auth file failed! err=  11200  
============================================================
Time  2015/11/17 17:55:35 461 
============================================================
[2015/11/17 17:55:35 463] auth       479  SYS_MSG_LOAD  
[2015/11/17 17:55:35 463] auth       459  AUTH_MSG_LOCAL_CHECK  
[2015/11/17 17:55:35 463] auth       473  read auth file failed! err=  11200  
============================================================
Time  2015/11/18 11:24:26 000 
============================================================
[2015/11/18 11:24:26 000] auth       479  SYS_MSG_LOAD  
[2015/11/18 11:24:26 000] auth       459  AUTH_MSG_LOCAL_CHECK  
[2015/11/18 11:24:26 002] auth       473  read auth file failed! err=  11200  
============================================================
Time  2015/11/18 11:29:34 770 
============================================================
[2015/11/18 11:29:34 772] auth       479  SYS_MSG_LOAD  
[2015/11/18 11:29:34 772] auth       459  AUTH_MSG_LOCAL_CHECK  
[2015/11/18 11:29:34 773] auth       473  read auth file failed! err=  11200  
============================================================
Time  2015/11/18 12:43:39 841 
============================================================
[2015/11/18 12:43:39 841] auth       479  SYS_MSG_LOAD  
[2015/11/18 12:43:39 842] auth       459  AUTH_MSG_LOCAL_CHECK  
[2015/11/18 12:43:39 842] auth       473  read auth file failed! err=  11200  
============================================================
Time  2015/11/18 12:47:58 861 
============================================================
[2015/11/18 12:47:58 861] auth       479  SYS_MSG_LOAD  
[2015/11/18 12:47:58 861] auth       459  AUTH_MSG_LOCAL_CHECK  
[2015/11/18 12:47:58 862] auth       473  read auth file failed! err=  11200  
============================================================
Time  2015/11/18 12:49:52 578 
============================================================
[2015/11/18 12:49:52 578] auth       479  SYS_MSG_LOAD  
[2015/11/18 12:49:52 579] auth       459  AUTH_MSG_LOCAL_CHECK  
[2015/11/18 12:49:52 579] auth       473  read auth file failed! err=  11200  
============================================================
Time  2015/11/18 13:45:24 036 
============================================================
[2015/11/18 13:45:24 036] auth       479  SYS_MSG_LOAD  
[2015/11/18 13:45:24 036] auth       459  AUTH_MSG_LOCAL_CHECK  
[2015/11/18 13:45:24 042] auth       473  read auth file failed! err=  11200  
============================================================
Time  2015/11/18 20:34:19 296 
============================================================
[2015/11/18 20:34:19 296] auth       479  SYS_MSG_LOAD  
[2015/11/18 20:34:19 298] auth       459  AUTH_MSG_LOCAL_CHECK  
[2015/11/18 20:34:19 298] auth       473  read auth file failed! err=  11200  
============================================================
Time  2015/11/18 20:40:56 315 
============================================================
[2015/11/18 20:40:56 316] auth       479  SYS_MSG_LOAD  
[2015/11/18 20:40:56 316] auth       459  AUTH_MSG_LOCAL_CHECK  
[2015/11/18 20:40:56 318] auth       473  read auth file failed! err=  11200  
============================================================
Time  2015/11/18 20:48:10 915 
============================================================
[2015/11/18 20:48:10 915] auth       479  SYS_MSG_LOAD  
[2015/11/18 20:48:10 917] auth       459  AUTH_MSG_LOCAL_CHECK  
[2015/11/18 20:48:10 917] auth       473  read auth file failed! err=  11200  
============================================================
Time  2015/11/18 20:52:46 132 
============================================================
[2015/11/18 20:52:46 134] auth       479  SYS_MSG_LOAD  
[2015/11/18 20:52:46 134] auth       459  AUTH_MSG_LOCAL_CHECK  
[2015/11/18 20:52:46 135] auth       473  read auth file failed! err=  11200  
============================================================
Time  2015/11/18 20:54:16 834 
============================================================
[2015/11/18 20:54:16 835] auth       479  SYS_MSG_LOAD  
[2015/11/18 20:54:16 835] auth       459  AUTH_MSG_LOCAL_CHECK  
[2015/11/18 20:54:16 835] auth       473  read auth file failed! err=  11200  
============================================================
Time  2015/11/18 21:00:54 846 
============================================================
[2015/11/18 21:00:54 848] auth       479  SYS_MSG_LOAD  
[2015/11/18 21:00:54 848] auth       459  AUTH_MSG_LOCAL_CHECK  
[2015/11/18 21:00:54 848] auth       473  read auth file failed! err=  11200  
============================================================
Time  2015/11/20 17:43:07 960 
============================================================
[2015/11/20 17:43:07 961] auth       479  SYS_MSG_LOAD  
[2015/11/20 17:43:07 961] auth       459  AUTH_MSG_LOCAL_CHECK  
[2015/11/20 17:43:07 963] auth       473  read auth file failed! err=  11200  
============================================================
Time  2015/11/20 17:46:37 450 
============================================================
[2015/11/20 17:46:37 451] auth       479  SYS_MSG_LOAD  
[2015/11/20 17:46:37 451] auth       459  AUTH_MSG_LOCAL_CHECK  
[2015/11/20 17:46:37 453] auth       473  read auth file failed! err=  11200  
============================================================
Time  2015/11/20 18:35:00 240 
============================================================
[2015/11/20 18:35:00 240] auth       479  SYS_MSG_LOAD  
[2015/11/20 18:35:00 243] auth       459  AUTH_MSG_LOCAL_CHECK  
[2015/11/20 18:35:00 243] auth       473  read auth file failed! err=  11200  
============================================================
Time  2015/11/20 18:36:05 507 
============================================================
[2015/11/20 18:36:05 509] auth       479  SYS_MSG_LOAD  
[2015/11/20 18:36:05 509] auth       459  AUTH_MSG_LOCAL_CHECK  
[2015/11/20 18:36:05 509] auth       473  read auth file failed! err=  11200  
============================================================
Time  2015/11/20 18:39:44 408 
============================================================
[2015/11/20 18:39:44 411] auth       479  SYS_MSG_LOAD  
[2015/11/20 18:39:44 411] auth       459  AUTH_MSG_LOCAL_CHECK  
[2015/11/20 18:39:44 413] auth       473  read auth file failed! err=  11200  
============================================================
Time  2015/11/20 19:01:28 780 
============================================================
[2015/11/20 19:01:28 782] auth       479  SYS_MSG_LOAD  
[2015/11/20 19:01:28 782] auth       459  AUTH_MSG_LOCAL_CHECK  
[2015/11/20 19:01:28 782] auth       473  read auth file failed! err=  11200  
============================================================
Time  2015/11/20 19:14:26 028 
============================================================
[2015/11/20 19:14:26 028] auth       479  SYS_MSG_LOAD  
[2015/11/20 19:14:26 029] auth       459  AUTH_MSG_LOCAL_CHECK  
[2015/11/20 19:14:26 029] auth       473  read auth file failed! err=  11200  
============================================================
Time  2015/11/20 19:25:36 976 
============================================================
[2015/11/20 19:25:36 976] auth       479  SYS_MSG_LOAD  
[2015/11/20 19:25:36 977] auth       459  AUTH_MSG_LOCAL_CHECK  
[2015/11/20 19:25:36 977] auth       473  read auth file failed! err=  11200  
============================================================
Time  2015/11/20 19:28:03 420 
============================================================
[2015/11/20 19:28:03 420] auth       479  SYS_MSG_LOAD  
[2015/11/20 19:28:03 423] auth       459  AUTH_MSG_LOCAL_CHECK  
[2015/11/20 19:28:03 423] auth       473  read auth file failed! err=  11200  
============================================================
Time  2015/11/20 19:31:33 746 
============================================================
[2015/11/20 19:31:33 746] auth       479  SYS_MSG_LOAD  
[2015/11/20 19:31:33 747] auth       459  AUTH_MSG_LOCAL_CHECK  
[2015/11/20 19:31:33 749] auth       473  read auth file failed! err=  11200  
============================================================
Time  2015/11/20 19:33:25 334 
============================================================
[2015/11/20 19:33:25 335] auth       479  SYS_MSG_LOAD  
[2015/11/20 19:33:25 335] auth       459  AUTH_MSG_LOCAL_CHECK  
[2015/11/20 19:33:25 335] auth       473  read auth file failed! err=  11200  
============================================================
Time  2015/11/20 20:07:49 904 
============================================================
[2015/11/20 20:07:49 905] auth       479  SYS_MSG_LOAD  
[2015/11/20 20:07:49 905] auth       459  AUTH_MSG_LOCAL_CHECK  
[2015/11/20 20:07:49 907] auth       473  read auth file failed! err=  11200  
============================================================
Time  2015/11/20 20:21:04 165 
============================================================
[2015/11/20 20:21:04 167] auth       479  SYS_MSG_LOAD  
[2015/11/20 20:21:04 167] auth       459  AUTH_MSG_LOCAL_CHECK  
[2015/11/20 20:21:04 167] auth       473  read auth file failed! err=  11200  
============================================================
Time  2015/11/23 14:30:20 246 
============================================================
[2015/11/23 14:30:20 247] auth       479  SYS_MSG_LOAD  
[2015/11/23 14:30:20 247] auth       459  AUTH_MSG_LOCAL_CHECK  
[2015/11/23 14:30:20 249] auth       473  read auth file failed! err=  11200  
============================================================
Time  2015/11/23 14:33:00 118 
============================================================
[2015/11/23 14:33:00 119] auth       479  SYS_MSG_LOAD  
[2015/11/23 14:33:00 121] auth       459  AUTH_MSG_LOCAL_CHECK  
[2015/11/23 14:33:00 121] auth       473  read auth file failed! err=  11200  
============================================================
Time  2015/11/23 14:34:33 562 
============================================================
[2015/11/23 14:34:33 562] auth       479  SYS_MSG_LOAD  
[2015/11/23 14:34:33 563] auth       459  AUTH_MSG_LOCAL_CHECK  
[2015/11/23 14:34:33 563] auth       473  read auth file failed! err=  11200  
============================================================
Time  2015/11/23 14:44:48 609 
============================================================
[2015/11/23 14:44:48 611] auth       479  SYS_MSG_LOAD  
[2015/11/23 14:44:48 612] auth       459  AUTH_MSG_LOCAL_CHECK  
[2015/11/23 14:44:48 612] auth       473  read auth file failed! err=  11200  
============================================================
Time  2015/11/23 15:17:42 989 
============================================================
[2015/11/23 15:17:42 989] auth       479  SYS_MSG_LOAD  
[2015/11/23 15:17:42 990] auth       459  AUTH_MSG_LOCAL_CHECK  
[2015/11/23 15:17:42 990] auth       473  read auth file failed! err=  11200  
============================================================
Time  2015/11/23 15:17:54 013 
============================================================
[2015/11/23 15:17:54 015] auth       479  SYS_MSG_LOAD  
[2015/11/23 15:17:54 016] auth       459  AUTH_MSG_LOCAL_CHECK  
[2015/11/23 15:17:54 016] auth       473  read auth file failed! err=  11200  
============================================================
Time  2015/11/23 15:26:51 059 
============================================================
[2015/11/23 15:26:51 059] auth       479  SYS_MSG_LOAD  
[2015/11/23 15:26:51 059] auth       459  AUTH_MSG_LOCAL_CHECK  
[2015/11/23 15:26:51 059] auth       473  read auth file failed! err=  11200  
============================================================
Time  2015/11/23 15:34:51 144 
============================================================
[2015/11/23 15:34:51 144] auth       479  SYS_MSG_LOAD  
[2015/11/23 15:34:51 145] auth       459  AUTH_MSG_LOCAL_CHECK  
[2015/11/23 15:34:51 147] auth       473  read auth file failed! err=  11200  
============================================================
Time  2015/11/23 15:38:42 305 
============================================================
[2015/11/23 15:38:42 305] auth       479  SYS_MSG_LOAD  
[2015/11/23 15:38:42 306] auth       459  AUTH_MSG_LOCAL_CHECK  
[2015/11/23 15:38:42 306] auth       473  read auth file failed! err=  11200  
============================================================
Time  2015/11/23 15:53:52 548 
============================================================
[2015/11/23 15:53:52 548] auth       479  SYS_MSG_LOAD  
[2015/11/23 15:53:52 549] auth       459  AUTH_MSG_LOCAL_CHECK  
[2015/11/23 15:53:52 549] auth       473  read auth file failed! err=  11200  
============================================================
Time  2015/11/23 15:56:16 451 
============================================================
[2015/11/23 15:56:16 453] auth       479  SYS_MSG_LOAD  
[2015/11/23 15:56:16 453] auth       459  AUTH_MSG_LOCAL_CHECK  
[2015/11/23 15:56:16 454] auth       473  read auth file failed! err=  11200  
============================================================
Time  2015/11/23 15:59:19 351 
============================================================
[2015/11/23 15:59:19 352] auth       479  SYS_MSG_LOAD  
[2015/11/23 15:59:19 355] auth       459  AUTH_MSG_LOCAL_CHECK  
[2015/11/23 15:59:19 355] auth       473  read auth file failed! err=  11200  
============================================================
Time  2015/11/23 16:02:12 072 
============================================================
[2015/11/23 16:02:12 072] auth       479  SYS_MSG_LOAD  
[2015/11/23 16:02:12 072] auth       459  AUTH_MSG_LOCAL_CHECK  
[2015/11/23 16:02:12 073] auth       473  read auth file failed! err=  11200  
============================================================
Time  2015/11/23 16:05:04 703 
============================================================
[2015/11/23 16:05:04 704] auth       479  SYS_MSG_LOAD  
[2015/11/23 16:05:04 704] auth       459  AUTH_MSG_LOCAL_CHECK  
[2015/11/23 16:05:04 706] auth       473  read auth file failed! err=  11200  
============================================================
Time  2015/11/23 16:11:44 596 
============================================================
[2015/11/23 16:11:44 598] auth       479  SYS_MSG_LOAD  
[2015/11/23 16:11:44 598] auth       459  AUTH_MSG_LOCAL_CHECK  
[2015/11/23 16:11:44 598] auth       473  read auth file failed! err=  11200  
============================================================
Time  2015/11/23 16:24:02 190 
============================================================
[2015/11/23 16:24:02 190] auth       479  SYS_MSG_LOAD  
[2015/11/23 16:24:02 191] auth       459  AUTH_MSG_LOCAL_CHECK  
[2015/11/23 16:24:02 193] auth       473  read auth file failed! err=  11200  
============================================================
Time  2015/11/23 16:35:07 691 
============================================================
[2015/11/23 16:35:07 691] auth       479  SYS_MSG_LOAD  
[2015/11/23 16:35:07 693] auth       459  AUTH_MSG_LOCAL_CHECK  
[2015/11/23 16:35:07 693] auth       473  read auth file failed! err=  11200  
============================================================
Time  2015/11/23 16:51:24 461 
============================================================
[2015/11/23 16:51:24 461] auth       479  SYS_MSG_LOAD  
[2015/11/23 16:51:24 463] auth       459  AUTH_MSG_LOCAL_CHECK  
[2015/11/23 16:51:24 463] auth       473  read auth file failed! err=  11200  
============================================================
Time  2015/11/23 16:55:45 026 
============================================================
[2015/11/23 16:55:45 026] auth       479  SYS_MSG_LOAD  
[2015/11/23 16:55:45 026] auth       459  AUTH_MSG_LOCAL_CHECK  
[2015/11/23 16:55:45 028] auth       473  read auth file failed! err=  11200  
============================================================
Time  2015/11/23 17:02:45 637 
============================================================
[2015/11/23 17:02:45 637] auth       479  SYS_MSG_LOAD  
[2015/11/23 17:02:45 638] auth       459  AUTH_MSG_LOCAL_CHECK  
[2015/11/23 17:02:45 638] auth       473  read auth file failed! err=  11200  
============================================================
Time  2015/11/23 17:09:17 828 
============================================================
[2015/11/23 17:09:17 828] auth       479  SYS_MSG_LOAD  
[2015/11/23 17:09:17 828] auth       459  AUTH_MSG_LOCAL_CHECK  
[2015/11/23 17:09:17 828] auth       473  read auth file failed! err=  11200  
============================================================
Time  2015/11/23 17:20:14 115 
============================================================
[2015/11/23 17:20:14 117] auth       479  SYS_MSG_LOAD  
[2015/11/23 17:20:14 117] auth       459  AUTH_MSG_LOCAL_CHECK  
[2015/11/23 17:20:14 118] auth       473  read auth file failed! err=  11200  
============================================================
Time  2015/11/24 10:56:46 493 
============================================================
[2015/11/24 10:56:46 494] auth       479  SYS_MSG_LOAD  
[2015/11/24 10:56:46 496] auth       459  AUTH_MSG_LOCAL_CHECK  
[2015/11/24 10:56:46 496] auth       473  read auth file failed! err=  11200  
============================================================
Time  2015/11/24 11:43:28 881 
============================================================
[2015/11/24 11:43:28 881] auth       479  SYS_MSG_LOAD  
[2015/11/24 11:43:28 882] auth       459  AUTH_MSG_LOCAL_CHECK  
[2015/11/24 11:43:28 882] auth       473  read auth file failed! err=  11200  
============================================================
Time  2015/11/24 11:59:22 665 
============================================================
[2015/11/24 11:59:22 667] auth       479  SYS_MSG_LOAD  
[2015/11/24 11:59:22 667] auth       459  AUTH_MSG_LOCAL_CHECK  
[2015/11/24 11:59:22 667] auth       473  read auth file failed! err=  11200  
============================================================
Time  2015/11/24 12:01:20 269 
============================================================
[2015/11/24 12:01:20 269] auth       479  SYS_MSG_LOAD  
[2015/11/24 12:01:20 270] auth       459  AUTH_MSG_LOCAL_CHECK  
[2015/11/24 12:01:20 270] auth       473  read auth file failed! err=  11200  
============================================================
Time  2015/11/24 12:03:28 842 
============================================================
[2015/11/24 12:03:28 842] auth       479  SYS_MSG_LOAD  
[2015/11/24 12:03:28 842] auth       459  AUTH_MSG_LOCAL_CHECK  
[2015/11/24 12:03:28 842] auth       473  read auth file failed! err=  11200  
============================================================
Time  2015/11/24 12:08:29 509 
============================================================
[2015/11/24 12:08:29 509] auth       479  SYS_MSG_LOAD  
[2015/11/24 12:08:29 510] auth       459  AUTH_MSG_LOCAL_CHECK  
[2015/11/24 12:08:29 510] auth       473  read auth file failed! err=  11200  
============================================================
Time  2015/11/24 12:12:49 160 
============================================================
[2015/11/24 12:12:49 160] auth       479  SYS_MSG_LOAD  
[2015/11/24 12:12:49 161] auth       459  AUTH_MSG_LOCAL_CHECK  
[2015/11/24 12:12:49 161] auth       473  read auth file failed! err=  11200  
============================================================
Time  2015/11/25 13:03:08 407 
============================================================
[2015/11/25 13:03:08 407] auth       479  SYS_MSG_LOAD  
[2015/11/25 13:03:08 408] auth       459  AUTH_MSG_LOCAL_CHECK  
[2015/11/25 13:03:08 408] auth       473  read auth file failed! err=  11200  
============================================================
Time  2015/11/25 13:07:59 641 
============================================================
[2015/11/25 13:07:59 641] auth       479  SYS_MSG_LOAD  
[2015/11/25 13:07:59 641] auth       459  AUTH_MSG_LOCAL_CHECK  
[2015/11/25 13:07:59 641] auth       473  read auth file failed! err=  11200  
============================================================
Time  2015/11/25 13:10:39 963 
============================================================
[2015/11/25 13:10:39 963] auth       479  SYS_MSG_LOAD  
[2015/11/25 13:10:39 964] auth       459  AUTH_MSG_LOCAL_CHECK  
[2015/11/25 13:10:39 964] auth       473  read auth file failed! err=  11200  
============================================================
Time  2015/11/25 13:15:41 289 
============================================================
[2015/11/25 13:15:41 290] auth       479  SYS_MSG_LOAD  
[2015/11/25 13:15:41 292] auth       459  AUTH_MSG_LOCAL_CHECK  
[2015/11/25 13:15:41 292] auth       473  read auth file failed! err=  11200  
============================================================
Time  2015/11/25 13:24:22 954 
============================================================
[2015/11/25 13:24:22 954] auth       479  SYS_MSG_LOAD  
[2015/11/25 13:24:22 956] auth       459  AUTH_MSG_LOCAL_CHECK  
[2015/11/25 13:24:22 957] auth       473  read auth file failed! err=  11200  
============================================================
Time  2015/11/25 13:29:58 937 
============================================================
[2015/11/25 13:29:58 937] auth       479  SYS_MSG_LOAD  
[2015/11/25 13:29:58 937] auth       459  AUTH_MSG_LOCAL_CHECK  
[2015/11/25 13:29:58 938] auth       473  read auth file failed! err=  11200  
============================================================
Time  2015/11/25 13:43:23 502 
============================================================
[2015/11/25 13:43:23 503] auth       479  SYS_MSG_LOAD  
[2015/11/25 13:43:23 503] auth       459  AUTH_MSG_LOCAL_CHECK  
[2015/11/25 13:43:23 503] auth       473  read auth file failed! err=  11200  
============================================================
Time  2015/11/25 13:48:15 426 
============================================================
[2015/11/25 13:48:15 426] auth       479  SYS_MSG_LOAD  
[2015/11/25 13:48:15 427] auth       459  AUTH_MSG_LOCAL_CHECK  
[2015/11/25 13:48:15 427] auth       473  read auth file failed! err=  11200  
============================================================
Time  2015/11/25 13:56:48 253 
============================================================
[2015/11/25 13:56:48 253] auth       479  SYS_MSG_LOAD  
[2015/11/25 13:56:48 253] auth       459  AUTH_MSG_LOCAL_CHECK  
[2015/11/25 13:56:48 255] auth       473  read auth file failed! err=  11200  
============================================================
Time  2015/11/25 14:14:23 973 
============================================================
[2015/11/25 14:14:23 973] auth       479  SYS_MSG_LOAD  
[2015/11/25 14:14:23 974] auth       459  AUTH_MSG_LOCAL_CHECK  
[2015/11/25 14:14:23 974] auth       473  read auth file failed! err=  11200  
============================================================
Time  2015/11/25 14:15:48 036 
============================================================
[2015/11/25 14:15:48 036] auth       479  SYS_MSG_LOAD  
[2015/11/25 14:15:48 038] auth       459  AUTH_MSG_LOCAL_CHECK  
[2015/11/25 14:15:48 039] auth       473  read auth file failed! err=  11200  
============================================================
Time  2015/11/25 14:17:49 178 
============================================================
[2015/11/25 14:17:49 178] auth       479  SYS_MSG_LOAD  
[2015/11/25 14:17:49 180] auth       459  AUTH_MSG_LOCAL_CHECK  
[2015/11/25 14:17:49 180] auth       473  read auth file failed! err=  11200  
============================================================
Time  2015/11/25 14:19:58 443 
============================================================
[2015/11/25 14:19:58 443] auth       479  SYS_MSG_LOAD  
[2015/11/25 14:19:58 444] auth       459  AUTH_MSG_LOCAL_CHECK  
[2015/11/25 14:19:58 444] auth       473  read auth file failed! err=  11200  
============================================================
Time  2015/11/25 14:27:12 091 
============================================================
[2015/11/25 14:27:12 092] auth       479  SYS_MSG_LOAD  
[2015/11/25 14:27:12 092] auth       459  AUTH_MSG_LOCAL_CHECK  
[2015/11/25 14:27:12 092] auth       473  read auth file failed! err=  11200  
============================================================
Time  2015/11/25 14:41:45 911 
============================================================
[2015/11/25 14:41:45 913] auth       479  SYS_MSG_LOAD  
[2015/11/25 14:41:45 914] auth       459  AUTH_MSG_LOCAL_CHECK  
[2015/11/25 14:41:45 914] auth       473  read auth file failed! err=  11200  
============================================================
Time  2015/11/25 14:44:22 338 
============================================================
[2015/11/25 14:44:22 338] auth       479  SYS_MSG_LOAD  
[2015/11/25 14:44:22 338] auth       459  AUTH_MSG_LOCAL_CHECK  
[2015/11/25 14:44:22 338] auth       473  read auth file failed! err=  11200  
============================================================
Time  2015/11/25 14:51:35 456 
============================================================
[2015/11/25 14:51:35 456] auth       479  SYS_MSG_LOAD  
[2015/11/25 14:51:35 457] auth       459  AUTH_MSG_LOCAL_CHECK  
[2015/11/25 14:51:35 457] auth       473  read auth file failed! err=  11200  
============================================================
Time  2015/11/25 15:01:31 733 
============================================================
[2015/11/25 15:01:31 734] auth       479  SYS_MSG_LOAD  
[2015/11/25 15:01:31 736] auth       459  AUTH_MSG_LOCAL_CHECK  
[2015/11/25 15:01:31 736] auth       473  read auth file failed! err=  11200  
============================================================
Time  2015/11/25 15:15:39 815 
============================================================
[2015/11/25 15:15:39 816] auth       479  SYS_MSG_LOAD  
[2015/11/25 15:15:39 816] auth       459  AUTH_MSG_LOCAL_CHECK  
[2015/11/25 15:15:39 818] auth       473  read auth file failed! err=  11200  
============================================================
Time  2015/11/25 15:20:09 121 
============================================================
[2015/11/25 15:20:09 121] auth       479  SYS_MSG_LOAD  
[2015/11/25 15:20:09 121] auth       459  AUTH_MSG_LOCAL_CHECK  
[2015/11/25 15:20:09 121] auth       473  read auth file failed! err=  11200  
============================================================
Time  2015/11/25 15:27:22 032 
============================================================
[2015/11/25 15:27:22 032] auth       479  SYS_MSG_LOAD  
[2015/11/25 15:27:22 032] auth       459  AUTH_MSG_LOCAL_CHECK  
[2015/11/25 15:27:22 032] auth       473  read auth file failed! err=  11200  
============================================================
Time  2015/11/25 15:29:52 717 
============================================================
[2015/11/25 15:29:52 717] auth       479  SYS_MSG_LOAD  
[2015/11/25 15:29:52 720] auth       459  AUTH_MSG_LOCAL_CHECK  
[2015/11/25 15:29:52 720] auth       473  read auth file failed! err=  11200  
============================================================
Time  2015/11/26 18:45:10 206 
============================================================
[2015/11/26 18:45:10 236] auth       479  SYS_MSG_LOAD  
[2015/11/26 18:45:10 246] auth       459  AUTH_MSG_LOCAL_CHECK  
[2015/11/26 18:45:10 246] auth       473  read auth file failed! err=  11200  
============================================================
Time  2015/11/26 18:47:57 680 
============================================================
[2015/11/26 18:47:57 680] auth       479  SYS_MSG_LOAD  
[2015/11/26 18:47:57 680] auth       459  AUTH_MSG_LOCAL_CHECK  
[2015/11/26 18:47:57 680] auth       473  read auth file failed! err=  11200  
============================================================
Time  2015/11/26 19:16:45 492 
============================================================
[2015/11/26 19:16:45 493] auth       479  SYS_MSG_LOAD  
[2015/11/26 19:16:45 496] auth       459  AUTH_MSG_LOCAL_CHECK  
[2015/11/26 19:16:45 496] auth       473  read auth file failed! err=  11200  
============================================================
Time  2015/11/30 14:08:49 750 
============================================================
[2015/11/30 14:08:49 753] auth       479  SYS_MSG_LOAD  
[2015/11/30 14:08:49 753] auth       459  AUTH_MSG_LOCAL_CHECK  
[2015/11/30 14:08:49 753] auth       473  read auth file failed! err=  11200  
============================================================
Time  2015/11/30 14:10:49 361 
============================================================
[2015/11/30 14:10:49 361] auth       479  SYS_MSG_LOAD  
[2015/11/30 14:10:49 362] auth       459  AUTH_MSG_LOCAL_CHECK  
[2015/11/30 14:10:49 362] auth       473  read auth file failed! err=  11200  
