[2015/11/10 17:19:53 109] transport  1310 a_complete_httpmessage  200  
[2015/11/10 17:19:53 112] transport  1419 is_update  true  
[2015/11/10 17:19:53 115] isr_1conn  421  [trans] [isr_1conncisr1P1HHBHbEcXKHAT2PaaWBr18EHig5Qe] readable  
[2015/11/10 17:19:53 116] isr_1conn  425  size =   488  
[2015/11/10 17:19:53 118] isr_1conn  434  send_ok_num, timer_num, send_average =   38796  31  1251  
[2015/11/10 17:19:53 119] isr_1conn  437  netperf =   90  
[2015/11/10 17:19:53 119] isr_1conn  441  start netperf_grs_timer  
[2015/11/10 17:19:53 119] isr_1conn  457  response  
[2015/11/10 17:19:53 119] isr_1conn  519  resp_syncid =  64  
[2015/11/10 17:19:53 119] isr_1conn  670  64  5  0  
[2015/11/10 17:19:53 119] isr_1conn  677  [session] got last result  
[2015/11/10 17:19:53 119] isr_1conn  682  time from last audio to last result:  31  .  
[2015/11/10 17:19:53 119] isr_1conn  683  time from session-begin to session-end:  12683  .  
[2015/11/10 17:19:53 123] network    84   ipfromenv ,  ipcache  dev.voicecloud.cn  def  116.213.69.200  
[2015/11/10 17:19:53 123] transport  914  cached ip is confirmed  
[2015/11/10 17:19:53 123] transport  1170 [soc] disconnect   
[2015/11/10 17:19:53 124] isr_1conn  692  [session] got 1th result  
[2015/11/10 17:19:53 124] isr_1conn  704  time from first audio to first result:  12511  .  
[2015/11/10 17:19:53 124] transport  1310 a_complete_httpmessage  200  
[2015/11/10 17:19:53 124] transport  1419 is_update  true  
[2015/11/10 17:19:53 124] isr_1conn  421  [trans] [isr_1conncisr1P1HHBHbEcXKHAT2PaaWBr18EHig5Qe] readable  
[2015/11/10 17:19:53 125] isr_1conn  457  response  
[2015/11/10 17:19:53 125] isr_1conn  519  resp_syncid =  65  
[2015/11/10 17:19:53 356] isr_1conn  2046 ASR_CLOUD_MSG_SSE  
[2015/11/10 17:19:53 364] isr_1conn  1285 isr_1conn session info  
[2015/11/10 17:19:53 375] isr_1conn  2187 session finished! ret =   0  
