============================================================
Time  2015/11/13 18:32:59 905 
============================================================
[2015/11/13 18:32:59 907] isr_1conn  2218 SYS_MSG_LOAD_CLOUD  
[2015/11/13 18:32:59 907] isr_1conn  2239 SYS_MSG_REGCB_CLOUD param0 =   msp_status_cb  param1 =  func(2ab3900) 
[2015/11/13 18:32:59 907] isr_1conn  2239 SYS_MSG_REGCB_CLOUD param0 =   cloud_rslt_cb  param1 =  func(2ab39e0) 
[2015/11/13 18:32:59 907] isr_1conn  2239 SYS_MSG_REGCB_CLOUD param0 =   cloud_err_cb  param1 =  func(2ab3ac0) 
[2015/11/13 18:32:59 908] isr_1conn  2239 SYS_MSG_REGCB_CLOUD param0 =   cloud_status_cb  param1 =  func(2ab3ba0) 
[2015/11/13 18:32:59 908] isr_1conn  1417 onesoc  
[2015/11/13 18:32:59 908] isr_1conn  1418 ASR_CLOUD_MSG_SSB  
[2015/11/13 18:32:59 910] isr_1conn  1433 isr_1conn  cloud_cisr1P1HHBHbpc3cHUZV8aa1qb5VHloPH5k  268436457  1442971303  
[2015/11/13 18:32:59 911] isr_1conn  1621 nil  
[2015/11/13 18:32:59 911] isr_1conn  1691 speex-wb  
[2015/11/13 18:32:59 911] isr_1conn  1769 net_once_bytes  nil  
[2015/11/13 18:32:59 911] isr_1conn  1774 need_encode  true  
[2015/11/13 18:32:59 911] isr_1conn  1776 once bytes  122  
[2015/11/13 18:32:59 911] isr_1conn  1800 User set url is   nil  
[2015/11/13 18:32:59 913] config     78   select default  
[2015/11/13 18:32:59 913] config     93   use general cloud  
[2015/11/13 18:32:59 913] transport  603  paramkvsport is   nil  
[2015/11/13 18:32:59 913] transport  611  ns_enable=  0  
[2015/11/13 18:32:59 913] transport  655  url.full=  nil  
[2015/11/13 18:32:59 913] transport  838  net type:  standard  
[2015/11/13 18:32:59 913] transport  839  net operator:  def  
[2015/11/13 18:32:59 913] transport  840  use proxy:  false  
[2015/11/13 18:32:59 914] transport  1071 ns_enable =  0  
[2015/11/13 18:32:59 915] transport  155  [dns] [0] response 117.121.21.146  
[2015/11/13 18:32:59 915] transport  163  117  121  21  146  
[2015/11/13 18:32:59 915] transport  199  ip front is  117.121.21  
[2015/11/13 18:32:59 915] transport  265  expected ip  
[2015/11/13 18:32:59 915] network    89   iptoenv ,  ipcache  dev.voicecloud.cn  def  117.121.21.146  
[2015/11/13 18:32:59 917] transport  1138 [soc] connect   117.121.21.146  80  
[2015/11/13 18:32:59 918] transport  1155 mspsoc.open,prot_type=  tcp  
[2015/11/13 18:32:59 941] transport  461  [soc] [0] connected  
[2015/11/13 18:32:59 941] isr_1conn  389  transport connect ok  
[2015/11/13 18:32:59 943] isr_1conn  1127 send ssb request  
[2015/11/13 18:32:59 943] isr_1conn  821  using loginid  
[2015/11/13 18:32:59 943] isr_1conn  852  lver:  nil  
[2015/11/13 18:32:59 943] isr_1conn  857  cfg_ver:  nil  
[2015/11/13 18:32:59 944] transport  1191 build http request.  
[2015/11/13 18:32:59 944] transport  1291 POST /msp.do HTTP/1.1
Host: dev.voicecloud.cn
Content-Type: multipart/mixed;boundary=--
Content-Length: 492
User-Agent: iFLYCloud
Cache-Control: no-cache
Accept: */*

----
CL:222
CT:text/plain

ver=MSSP+0%2E9&sub=iat&cmd=ssb&ssm=1&auf=audio%2FL16%3Brate%3D16000&cver=5%2E0%2E16%2E1109&net%5Ftype=standard&csid=cisr1P1HHBHbpc3cHUZV8aa1qb5VHloPH5k&key=0ekT/KgQg8uenXuFeURIwPejnKPqG6/^fxfX4cwA4olp5zTMirmS8ZG31^HMAOKJae
----
CL:176
CT:text/params
CE:gzip,encrypt/0.2

‘>•æ,≈È•jÊTt €¬Ÿ≈9ÓºÁ¢ñC“âb˛$E¡Ãïè9KK˝  
[2015/11/13 18:32:59 947] transport  483  [soc] [0] send ok  667  
[2015/11/13 18:32:59 973] transport  495  [soc] [0] readable  
[2015/11/13 18:32:59 974] transport  1563 HTTP/1.1 200 OK
Content-Type: text/plain
Content-Length: 174
X-Req-Date: 2015/11/13 18:33:05 657
Cache-Control: no-cache
CL: 174
X-Res-Date: 2015/11/13 18:33:05 676

ver=MSSP+0%2E9&ret=0&cver=5%2E0%2E16%2E1109&uid=d3279533481&key=0fvW1p1fjzWrfcy5DbIbCfpCfOIeDEnRGpid0JL7Z3Oqw^HBywnTxKrUifQcoKI2LnUEcj9wJ7j8FrJsWfAnwjExmhs5T9hkChaybFnwJ8IxM=  
[2015/11/13 18:32:59 974] transport  1310 a_complete_httpmessage  200  
[2015/11/13 18:32:59 974] transport  1419 is_update  true  
[2015/11/13 18:32:59 974] isr_1conn  421  [trans] [isr_1conncisr1P1HHBHbpc3cHUZV8aa1qb5VHloPH5k] readable  
[2015/11/13 18:32:59 976] isr_1conn  457  response  
[2015/11/13 18:32:59 976] isr_1conn  519  resp_syncid =  0  
[2015/11/13 18:32:59 976] ntp        10   ntp_process enter  
[2015/11/13 18:32:59 976] ntp        53   ntp delay_rtt=  14  , offset =   5.707  
[2015/11/13 18:33:05 684] isr_1conn  568  sid =   iat745af27f@ch032609a10861477100  
[2015/11/13 18:33:05 686] isr_1conn  574  not QUL_SUPPORT  
[2015/11/13 18:33:05 687] isr_1conn  581  time cost by session begin command:  47  .  
[2015/11/13 18:33:05 687] isr_1conn  595  0  2  2  0  
[2015/11/13 18:34:10 677] transport  524  MSC:[soc] [0] remote closed!  
[2015/11/13 18:34:10 677] transport  940  switch 1028  
[2015/11/13 18:34:10 677] transport  49   throw_exception  10212  0  MSC:[soc] [0] remote closed!  
[2015/11/13 18:34:10 677] isr_1conn  750  transport exception  10212  
[2015/11/13 18:34:10 677] isr_1conn  777  start a new session  
[2015/11/13 18:34:10 677] network    84   ipfromenv ,  ipcache  dev.voicecloud.cn  def  117.121.21.146  
[2015/11/13 18:34:10 677] transport  914  cached ip is confirmed  
[2015/11/13 18:34:10 678] transport  1170 [soc] disconnect   
