[2015/11/10 17:17:07 292] isr_1conn  595  63  2  2  3  
[2015/11/10 17:17:07 292] isr_1conn  1256 send rslt request  
[2015/11/10 17:17:07 292] transport  1191 build http request.  
[2015/11/10 17:17:07 292] transport  1291 POST /msp.do HTTP/1.1
Host: dev.voicecloud.cn
Content-Type: text/plain
Content-Length: 168
User-Agent: iFLYCloud
Cache-Control: no-cache
Accept: */*

ver=MSSP+0%2E9&sub=asr&cmd=grs&cver=5%2E0%2E16%2E1109&key=0fOIujH6mL4JeXLmxKlOXrt3qivsc6i1Fh8E/7BK3i2IM^HBywnTxKrUifQcoKI2LnUEcj9wJ7j8FrJsWfAnwjE4VV4tziLFIkaybFnwJ8IxM=  
[2015/11/10 17:17:07 296] transport  483  [soc] [0] send ok  326  
[2015/11/10 17:17:07 297] transport  495  [soc] [0] readable  
[2015/11/10 17:17:07 297] transport  1563 HTTP/1.1 200 OK
Content-Type: multipart/mixed;boundary=--
Content-Length: 413
X-Req-Date: 2015/11/10 17:17:07 276
Cache-Control: no-cache
CL: 413
X-Res-Date: 2015/11/10 17:17:07 281

----
Content-Length:176

ver=MSSP+0%2E9&ret=0&cver=5%2E0%2E16%2E1109&eps=3&rcs=0&rss=5&key=0fOIujH6mL4JeXLmxKlOXrt3qivsc6i1Fh8E/7BK3i2IM^HBywnTxKrUifQcoKI2LnUEcj9wJ7j8FrJsWfAnwjE9AZNb2WEhWUaybFnwJ8IxM=
----
Content-Length:96
Content-Type:binary/recresult;charset=gb2312
Content-Encoding:encrypt/0.2

Ж.jэbкуе\XPA  
[2015/11/10 17:17:07 297] transport  1310 a_complete_httpmessage  200  
[2015/11/10 17:17:07 297] transport  1419 is_update  true  
[2015/11/10 17:17:07 299] isr_1conn  421  [trans] [isr_1conncisr1P1HHBHbEcTOHASrqaalBb1itWWvmPE] readable  
[2015/11/10 17:17:07 299] isr_1conn  425  size =   488  
[2015/11/10 17:17:07 299] isr_1conn  434  send_ok_num, timer_num, send_average =   38796  31  1251  
[2015/11/10 17:17:07 299] isr_1conn  437  netperf =   90  
[2015/11/10 17:17:07 299] isr_1conn  441  start netperf_grs_timer  
[2015/11/10 17:17:07 299] isr_1conn  457  response  
[2015/11/10 17:17:07 299] isr_1conn  519  resp_syncid =  64  
[2015/11/10 17:17:07 299] isr_1conn  670  64  5  0  
[2015/11/10 17:17:07 299] isr_1conn  677  [session] got last result  
[2015/11/10 17:17:07 299] isr_1conn  682  time from last audio to last result:  16  .  
[2015/11/10 17:17:07 300] isr_1conn  683  time from session-begin to session-end:  12714  .  
[2015/11/10 17:17:07 305] network    84   ipfromenv ,  ipcache  dev.voicecloud.cn  def  117.121.56.8  
[2015/11/10 17:17:07 306] transport  914  cached ip is confirmed  
[2015/11/10 17:17:07 306] transport  1170 [soc] disconnect   
[2015/11/10 17:17:07 306] isr_1conn  692  [session] got 1th result  
[2015/11/10 17:17:07 307] isr_1conn  704  time from first audio to first result:  12543  .  
[2015/11/10 17:17:07 307] transport  1310 a_complete_httpmessage  200  
[2015/11/10 17:17:07 307] transport  1419 is_update  true  
[2015/11/10 17:17:07 307] isr_1conn  421  [trans] [isr_1conncisr1P1HHBHbEcTOHASrqaalBb1itWWvmPE] readable  
[2015/11/10 17:17:07 307] isr_1conn  457  response  
[2015/11/10 17:17:07 307] isr_1conn  519  resp_syncid =  65  
[2015/11/10 17:17:07 559] isr_1conn  2046 ASR_CLOUD_MSG_SSE  
[2015/11/10 17:17:07 562] isr_1conn  1285 isr_1conn session info  
[2015/11/10 17:17:07 567] isr_1conn  2187 session finished! ret =   0  
