[2015/11/10 17:17:37 378] isr_1conn  437  netperf =   90  
[2015/11/10 17:17:37 378] isr_1conn  441  start netperf_grs_timer  
[2015/11/10 17:17:37 379] isr_1conn  457  response  
[2015/11/10 17:17:37 379] isr_1conn  519  resp_syncid =  62  
[2015/11/10 17:17:37 381] isr_1conn  670  62  2  2  
[2015/11/10 17:17:37 381] transport  483  [soc] [0] send ok  326  
[2015/11/10 17:17:37 790] isr_1conn  295  netperf_grs =   80  
[2015/11/10 17:17:38 190] isr_1conn  295  netperf_grs =   70  
[2015/11/10 17:17:38 384] transport  495  [soc] [0] readable  
[2015/11/10 17:17:38 384] transport  1563 HTTP/1.1 200 OK
Content-Type: text/plain
Content-Length: 158
X-Req-Date: 2015/11/10 17:17:37 368
Cache-Control: no-cache
CL: 158
X-Res-Date: 2015/11/10 17:17:38 371

ver=MSSP+0%2E9&ret=0&cver=5%2E0%2E16%2E1109&key=0fq77IToG1t0hoBaqdIOHeyaoIwKuvgnTeTRdJeUEPvts^HBywnTxKrUifQcoKI2LnUEcj9wJ7j8FrJsWfAnwjEypBO41R3GuwaybFnwJ8IxM=  
[2015/11/10 17:17:38 384] transport  1310 a_complete_httpmessage  200  
[2015/11/10 17:17:38 384] transport  1419 is_update  true  
[2015/11/10 17:17:38 384] isr_1conn  421  [trans] [isr_1conncisr1P1HHBHbEcN4HZSYwaa0HvPI2CynWe-] readable  
[2015/11/10 17:17:38 384] isr_1conn  457  response  
[2015/11/10 17:17:38 384] isr_1conn  519  resp_syncid =  63  
[2015/11/10 17:17:38 384] isr_1conn  670  63  2  2  
[2015/11/10 17:17:38 598] isr_1conn  295  netperf_grs =   60  
[2015/11/10 17:17:39 010] isr_1conn  295  netperf_grs =   50  
[2015/11/10 17:17:39 378] isr_1conn  1248 grslt timeout  
[2015/11/10 17:17:39 378] isr_1conn  1256 send rslt request  
[2015/11/10 17:17:39 378] transport  1191 build http request.  
[2015/11/10 17:17:39 378] transport  1291 POST /msp.do HTTP/1.1
Host: dev.voicecloud.cn
Content-Type: text/plain
Content-Length: 168
User-Agent: iFLYCloud
Cache-Control: no-cache
Accept: */*

ver=MSSP+0%2E9&sub=asr&cmd=grs&cver=5%2E0%2E16%2E1109&key=0fq77IToG1t0hoBaqdIOHeyaoIwKuvgnTeTRdJeUEPvts^HBywnTxKrUifQcoKI2LnUEcj9wJ7j8FrJsWfAnwjEwvPgih10sJ2aybFnwJ8IxM=  
[2015/11/10 17:17:39 382] transport  495  [soc] [0] readable  
[2015/11/10 17:17:39 382] transport  1563 HTTP/1.1 200 OK
Content-Type: multipart/mixed;boundary=--
Content-Length: 412
X-Req-Date: 2015/11/10 17:17:38 371
Cache-Control: no-cache
CL: 412
X-Res-Date: 2015/11/10 17:17:39 373

----
Content-Length:175

ver=MSSP+0%2E9&ret=10119&cver=5%2E0%2E16%2E1109&rcs=10&rss=5&key=0fq77IToG1t0hoBaqdIOHeyaoIwKuvgnTeTRdJeUEPvts^HBywnTxKrUifQcoKI2LnUEcj9wJ7j8FrJsWfAnwjE9AZNb2WEhWUaybFnwJ8IxM=
----
Content-Length:96
Content-Type:binary/recresult;charset=gb2312
Content-Encoding:encrypt/0.2

Œøgºt(µF\XPA  
[2015/11/10 17:17:39 382] transport  1310 a_complete_httpmessage  200  
[2015/11/10 17:17:39 384] transport  1419 is_update  true  
[2015/11/10 17:17:39 384] isr_1conn  421  [trans] [isr_1conncisr1P1HHBHbEcN4HZSYwaa0HvPI2CynWe-] readable  
[2015/11/10 17:17:39 384] isr_1conn  460  MSS:bad response:10119  
[2015/11/10 17:17:39 384] transport  483  [soc] [0] send ok  326  
[2015/11/10 17:17:39 411] isr_1conn  295  netperf_grs =   40  
[2015/11/10 17:17:39 506] isr_1conn  2046 ASR_CLOUD_MSG_SSE  
[2015/11/10 17:17:39 513] isr_1conn  1285 isr_1conn session info  
[2015/11/10 17:17:39 522] isr_1conn  2187 session finished! ret =   10119  
