[2015/11/20 18:31:46 398] transport  388  switch 80  
[2015/11/20 18:31:46 398] transport  1170 [soc] disconnect   
[2015/11/20 18:31:46 606] transport  1071 ns_enable =  0  
[2015/11/20 18:31:46 606] transport  293  [dns] [5] failed! 10214  
[2015/11/20 18:31:46 608] network    84   ipfromenv ,  ipcache  dev.voicecloud.cn  def  nil  
[2015/11/20 18:31:46 608] network    84   ipfromenv ,  ipcfg  dev.voicecloud.cn  def  116.213.69.199  
[2015/11/20 18:31:46 608] transport  1138 [soc] connect   116.213.69.199  80  
[2015/11/20 18:31:46 608] transport  1155 mspsoc.open,prot_type=  tcp  
[2015/11/20 18:31:46 608] transport  539  MSC:[soc] [5] error 10202 10065!  
[2015/11/20 18:31:46 608] transport  545  socket_notify_handler, try2conn_times =  3  
[2015/11/20 18:31:46 608] transport  319  soc_conn_failed  
[2015/11/20 18:31:46 608] network    89   iptoenv ,  ipcache  dev.voicecloud.cn  def  nil  
[2015/11/20 18:31:46 609] transport  388  switch 80  
[2015/11/20 18:31:46 609] transport  1170 [soc] disconnect   
[2015/11/20 18:31:46 802] transport  1071 ns_enable =  0  
[2015/11/20 18:31:46 802] transport  293  [dns] [5] failed! 10214  
[2015/11/20 18:31:46 802] network    84   ipfromenv ,  ipcache  dev.voicecloud.cn  def  nil  
[2015/11/20 18:31:46 803] network    84   ipfromenv ,  ipcfg  dev.voicecloud.cn  def  116.213.69.199  
[2015/11/20 18:31:46 803] transport  1138 [soc] connect   116.213.69.199  80  
[2015/11/20 18:31:46 803] transport  1155 mspsoc.open,prot_type=  tcp  
[2015/11/20 18:31:46 805] transport  539  MSC:[soc] [5] error 10202 10065!  
[2015/11/20 18:31:46 805] transport  545  socket_notify_handler, try2conn_times =  3  
[2015/11/20 18:31:46 805] transport  319  soc_conn_failed  
[2015/11/20 18:31:46 805] network    89   iptoenv ,  ipcache  dev.voicecloud.cn  def  nil  
[2015/11/20 18:31:46 805] transport  388  switch 80  
[2015/11/20 18:31:46 805] transport  1170 [soc] disconnect   
[2015/11/20 18:31:47 000] transport  1071 ns_enable =  0  
[2015/11/20 18:31:47 000] transport  293  [dns] [5] failed! 10214  
[2015/11/20 18:31:47 000] network    84   ipfromenv ,  ipcache  dev.voicecloud.cn  def  nil  
[2015/11/20 18:31:47 002] network    84   ipfromenv ,  ipcfg  dev.voicecloud.cn  def  116.213.69.199  
[2015/11/20 18:31:47 002] transport  1138 [soc] connect   116.213.69.199  80  
[2015/11/20 18:31:47 002] transport  1155 mspsoc.open,prot_type=  tcp  
[2015/11/20 18:31:47 003] transport  539  MSC:[soc] [5] error 10202 10065!  
[2015/11/20 18:31:47 003] transport  545  socket_notify_handler, try2conn_times =  3  
[2015/11/20 18:31:47 003] transport  319  soc_conn_failed  
[2015/11/20 18:31:47 003] network    89   iptoenv ,  ipcache  dev.voicecloud.cn  def  nil  
[2015/11/20 18:31:47 003] transport  388  switch 80  
[2015/11/20 18:31:47 003] transport  1170 [soc] disconnect   
[2015/11/20 18:31:47 203] transport  1071 ns_enable =  0  
[2015/11/20 18:31:47 204] transport  293  [dns] [5] failed! 10214  
[2015/11/20 18:31:47 206] network    84   ipfromenv ,  ipcache  dev.voicecloud.cn  def  nil  
[2015/11/20 18:31:47 206] network    84   ipfromenv ,  ipcfg  dev.voicecloud.cn  def  116.213.69.199  
[2015/11/20 18:31:47 207] transport  1138 [soc] connect   116.213.69.199  80  
[2015/11/20 18:31:47 207] transport  1155 mspsoc.open,prot_type=  tcp  
[2015/11/20 18:31:47 207] transport  539  MSC:[soc] [5] error 10202 10065!  
[2015/11/20 18:31:47 207] transport  545  socket_notify_handler, try2conn_times =  2  
[2015/11/20 18:31:47 207] transport  319  soc_conn_failed  
[2015/11/20 18:31:47 207] network    89   iptoenv ,  ipcache  dev.voicecloud.cn  def  nil  
[2015/11/20 18:31:47 207] transport  388  switch 80  
[2015/11/20 18:31:47 207] transport  1170 [soc] disconnect   
[2015/11/20 18:31:47 407] transport  1071 ns_enable =  0  
[2015/11/20 18:31:47 408] transport  293  [dns] [5] failed! 10214  
[2015/11/20 18:31:47 410] network    84   ipfromenv ,  ipcache  dev.voicecloud.cn  def  nil  
[2015/11/20 18:31:47 410] network    84   ipfromenv ,  ipcfg  dev.voicecloud.cn  def  116.213.69.199  
[2015/11/20 18:31:47 411] transport  1138 [soc] connect   116.213.69.199  80  
[2015/11/20 18:31:47 411] transport  1155 mspsoc.open,prot_type=  tcp  
[2015/11/20 18:31:47 411] transport  539  MSC:[soc] [5] error 10202 10065!  
[2015/11/20 18:31:47 411] transport  545  socket_notify_handler, try2conn_times =  1  
[2015/11/20 18:31:47 411] transport  319  soc_conn_failed  
[2015/11/20 18:31:47 411] network    89   iptoenv ,  ipcache  dev.voicecloud.cn  def  nil  
[2015/11/20 18:31:47 411] transport  388  switch 80  
[2015/11/20 18:31:47 412] transport  1170 [soc] disconnect   
[2015/11/20 18:31:47 412] transport  49   throw_exception  10202  10065  MSC:[soc] [5] error 10202 10065!  
[2015/11/20 18:31:47 412] isr_1conn  739  transport exception  10202  slave  
[2015/11/20 18:31:47 412] network    84   ipfromenv ,  ipcache  dev.voicecloud.cn  def  nil  
[2015/11/20 18:31:47 412] transport  1170 [soc] disconnect   
[2015/11/20 18:31:47 412] transport  1071 ns_enable =  0  
[2015/11/20 18:31:47 414] transport  293  [dns] [6] failed! 10214  
[2015/11/20 18:31:47 414] network    84   ipfromenv ,  ipcache  dev.voicecloud.cn  def  nil  
[2015/11/20 18:31:47 414] network    84   ipfromenv ,  ipcfg  dev.voicecloud.cn  def  116.213.69.199  
[2015/11/20 18:31:47 414] transport  1138 [soc] connect   116.213.69.199  80  
[2015/11/20 18:31:47 415] transport  1155 mspsoc.open,prot_type=  tcp  
[2015/11/20 18:31:47 417] transport  539  MSC:[soc] [6] error 10202 10065!  
[2015/11/20 18:31:47 417] transport  545  socket_notify_handler, try2conn_times =  3  
[2015/11/20 18:31:47 417] transport  319  soc_conn_failed  
[2015/11/20 18:31:47 417] network    89   iptoenv ,  ipcache  dev.voicecloud.cn  def  nil  
[2015/11/20 18:31:47 417] transport  388  switch 80  
[2015/11/20 18:31:47 417] transport  1170 [soc] disconnect   
[2015/11/20 18:31:47 621] transport  1071 ns_enable =  0  
[2015/11/20 18:31:47 621] transport  293  [dns] [6] failed! 10214  
[2015/11/20 18:31:47 621] network    84   ipfromenv ,  ipcache  dev.voicecloud.cn  def  nil  
[2015/11/20 18:31:47 621] network    84   ipfromenv ,  ipcfg  dev.voicecloud.cn  def  116.213.69.199  
[2015/11/20 18:31:47 621] transport  1138 [soc] connect   116.213.69.199  80  
[2015/11/20 18:31:47 621] transport  1155 mspsoc.open,prot_type=  tcp  
[2015/11/20 18:31:47 622] transport  539  MSC:[soc] [6] error 10202 10065!  
[2015/11/20 18:31:47 622] transport  545  socket_notify_handler, try2conn_times =  3  
[2015/11/20 18:31:47 622] transport  319  soc_conn_failed  
[2015/11/20 18:31:47 622] network    89   iptoenv ,  ipcache  dev.voicecloud.cn  def  nil  
[2015/11/20 18:31:47 624] transport  388  switch 80  
[2015/11/20 18:31:47 624] transport  1170 [soc] disconnect   
[2015/11/20 18:31:47 815] transport  1071 ns_enable =  0  
[2015/11/20 18:31:47 815] transport  293  [dns] [6] failed! 10214  
[2015/11/20 18:31:47 815] network    84   ipfromenv ,  ipcache  dev.voicecloud.cn  def  nil  
[2015/11/20 18:31:47 815] network    84   ipfromenv ,  ipcfg  dev.voicecloud.cn  def  116.213.69.199  
[2015/11/20 18:31:47 815] transport  1138 [soc] connect   116.213.69.199  80  
[2015/11/20 18:31:47 815] transport  1155 mspsoc.open,prot_type=  tcp  
[2015/11/20 18:31:47 818] transport  539  MSC:[soc] [6] error 10202 10065!  
[2015/11/20 18:31:47 818] transport  545  socket_notify_handler, try2conn_times =  3  
[2015/11/20 18:31:47 818] transport  319  soc_conn_failed  
[2015/11/20 18:31:47 818] network    89   iptoenv ,  ipcache  dev.voicecloud.cn  def  nil  
[2015/11/20 18:31:47 819] transport  388  switch 80  
[2015/11/20 18:31:47 819] transport  1170 [soc] disconnect   
[2015/11/20 18:31:48 026] transport  1071 ns_enable =  0  
[2015/11/20 18:31:48 026] transport  293  [dns] [6] failed! 10214  
[2015/11/20 18:31:48 026] network    84   ipfromenv ,  ipcache  dev.voicecloud.cn  def  nil  
[2015/11/20 18:31:48 026] network    84   ipfromenv ,  ipcfg  dev.voicecloud.cn  def  116.213.69.199  
[2015/11/20 18:31:48 026] transport  1138 [soc] connect   116.213.69.199  80  
[2015/11/20 18:31:48 026] transport  1155 mspsoc.open,prot_type=  tcp  
[2015/11/20 18:31:48 027] transport  539  MSC:[soc] [6] error 10202 10065!  
[2015/11/20 18:31:48 027] transport  545  socket_notify_handler, try2conn_times =  3  
[2015/11/20 18:31:48 027] transport  319  soc_conn_failed  
[2015/11/20 18:31:48 027] network    89   iptoenv ,  ipcache  dev.voicecloud.cn  def  nil  
[2015/11/20 18:31:48 029] transport  388  switch 80  
[2015/11/20 18:31:48 029] transport  1170 [soc] disconnect   
[2015/11/20 18:31:48 230] transport  1071 ns_enable =  0  
[2015/11/20 18:31:48 230] transport  293  [dns] [6] failed! 10214  
[2015/11/20 18:31:48 230] network    84   ipfromenv ,  ipcache  dev.voicecloud.cn  def  nil  
[2015/11/20 18:31:48 230] network    84   ipfromenv ,  ipcfg  dev.voicecloud.cn  def  116.213.69.199  
[2015/11/20 18:31:48 230] transport  1138 [soc] connect   116.213.69.199  80  
[2015/11/20 18:31:48 230] transport  1155 mspsoc.open,prot_type=  tcp  
[2015/11/20 18:31:48 231] transport  539  MSC:[soc] [6] error 10202 10065!  
[2015/11/20 18:31:48 231] transport  545  socket_notify_handler, try2conn_times =  3  
[2015/11/20 18:31:48 231] transport  319  soc_conn_failed  
[2015/11/20 18:31:48 231] network    89   iptoenv ,  ipcache  dev.voicecloud.cn  def  nil  
[2015/11/20 18:31:48 233] transport  388  switch 80  
[2015/11/20 18:31:48 233] transport  1170 [soc] disconnect   
[2015/11/20 18:31:48 424] transport  1071 ns_enable =  0  
[2015/11/20 18:31:48 424] transport  293  [dns] [6] failed! 10214  
[2015/11/20 18:31:48 424] network    84   ipfromenv ,  ipcache  dev.voicecloud.cn  def  nil  
[2015/11/20 18:31:48 424] network    84   ipfromenv ,  ipcfg  dev.voicecloud.cn  def  116.213.69.199  
[2015/11/20 18:31:48 425] transport  1138 [soc] connect   116.213.69.199  80  
[2015/11/20 18:31:48 425] transport  1155 mspsoc.open,prot_type=  tcp  
[2015/11/20 18:31:48 425] transport  539  MSC:[soc] [6] error 10202 10065!  
[2015/11/20 18:31:48 425] transport  545  socket_notify_handler, try2conn_times =  3  
[2015/11/20 18:31:48 425] transport  319  soc_conn_failed  
[2015/11/20 18:31:48 427] network    89   iptoenv ,  ipcache  dev.voicecloud.cn  def  nil  
[2015/11/20 18:31:48 427] transport  388  switch 80  
[2015/11/20 18:31:48 427] transport  1170 [soc] disconnect   
[2015/11/20 18:31:48 624] transport  1071 ns_enable =  0  
[2015/11/20 18:31:48 624] transport  293  [dns] [6] failed! 10214  
[2015/11/20 18:31:48 625] network    84   ipfromenv ,  ipcache  dev.voicecloud.cn  def  nil  
[2015/11/20 18:31:48 625] network    84   ipfromenv ,  ipcfg  dev.voicecloud.cn  def  116.213.69.199  
[2015/11/20 18:31:48 625] transport  1138 [soc] connect   116.213.69.199  80  
[2015/11/20 18:31:48 625] transport  1155 mspsoc.open,prot_type=  tcp  
[2015/11/20 18:31:48 625] transport  539  MSC:[soc] [6] error 10202 10065!  
[2015/11/20 18:31:48 625] transport  545  socket_notify_handler, try2conn_times =  3  
[2015/11/20 18:31:48 625] transport  319  soc_conn_failed  
[2015/11/20 18:31:48 627] network    89   iptoenv ,  ipcache  dev.voicecloud.cn  def  nil  
[2015/11/20 18:31:48 627] transport  388  switch 80  
[2015/11/20 18:31:48 627] transport  1170 [soc] disconnect   
[2015/11/20 18:31:48 838] transport  1071 ns_enable =  0  
[2015/11/20 18:31:48 838] transport  293  [dns] [6] failed! 10214  
[2015/11/20 18:31:48 838] network    84   ipfromenv ,  ipcache  dev.voicecloud.cn  def  nil  
[2015/11/20 18:31:48 838] network    84   ipfromenv ,  ipcfg  dev.voicecloud.cn  def  116.213.69.199  
[2015/11/20 18:31:48 838] transport  1138 [soc] connect   116.213.69.199  80  
[2015/11/20 18:31:48 838] transport  1155 mspsoc.open,prot_type=  tcp  
[2015/11/20 18:31:48 841] transport  539  MSC:[soc] [6] error 10202 10065!  
[2015/11/20 18:31:48 841] transport  545  socket_notify_handler, try2conn_times =  3  
[2015/11/20 18:31:48 841] transport  319  soc_conn_failed  
[2015/11/20 18:31:48 841] network    89   iptoenv ,  ipcache  dev.voicecloud.cn  def  nil  
[2015/11/20 18:31:48 841] transport  388  switch 80  
[2015/11/20 18:31:48 841] transport  1170 [soc] disconnect   
[2015/11/20 18:31:49 040] transport  1071 ns_enable =  0  
[2015/11/20 18:31:49 040] transport  293  [dns] [6] failed! 10214  
[2015/11/20 18:31:49 042] network    84   ipfromenv ,  ipcache  dev.voicecloud.cn  def  nil  
[2015/11/20 18:31:49 042] network    84   ipfromenv ,  ipcfg  dev.voicecloud.cn  def  116.213.69.199  
[2015/11/20 18:31:49 042] transport  1138 [soc] connect   116.213.69.199  80  
[2015/11/20 18:31:49 042] transport  1155 mspsoc.open,prot_type=  tcp  
[2015/11/20 18:31:49 042] transport  539  MSC:[soc] [6] error 10202 10065!  
[2015/11/20 18:31:49 042] transport  545  socket_notify_handler, try2conn_times =  3  
[2015/11/20 18:31:49 042] transport  319  soc_conn_failed  
[2015/11/20 18:31:49 042] network    89   iptoenv ,  ipcache  dev.voicecloud.cn  def  nil  
[2015/11/20 18:31:49 043] transport  388  switch 80  
[2015/11/20 18:31:49 043] transport  1170 [soc] disconnect   
[2015/11/20 18:31:49 233] transport  1071 ns_enable =  0  
[2015/11/20 18:31:49 234] transport  293  [dns] [6] failed! 10214  
[2015/11/20 18:31:49 234] network    84   ipfromenv ,  ipcache  dev.voicecloud.cn  def  nil  
[2015/11/20 18:31:49 236] network    84   ipfromenv ,  ipcfg  dev.voicecloud.cn  def  116.213.69.199  
[2015/11/20 18:31:49 236] transport  1138 [soc] connect   116.213.69.199  80  
[2015/11/20 18:31:49 236] transport  1155 mspsoc.open,prot_type=  tcp  
[2015/11/20 18:31:49 246] transport  539  MSC:[soc] [6] error 10202 10065!  
[2015/11/20 18:31:49 246] transport  545  socket_notify_handler, try2conn_times =  3  
[2015/11/20 18:31:49 246] transport  319  soc_conn_failed  
[2015/11/20 18:31:49 246] network    89   iptoenv ,  ipcache  dev.voicecloud.cn  def  nil  
[2015/11/20 18:31:49 246] transport  388  switch 80  
[2015/11/20 18:31:49 246] transport  1170 [soc] disconnect   
[2015/11/20 18:31:49 460] transport  1071 ns_enable =  0  
[2015/11/20 18:31:49 460] transport  293  [dns] [6] failed! 10214  
[2015/11/20 18:31:49 460] network    84   ipfromenv ,  ipcache  dev.voicecloud.cn  def  nil  
[2015/11/20 18:31:49 460] network    84   ipfromenv ,  ipcfg  dev.voicecloud.cn  def  116.213.69.199  
[2015/11/20 18:31:49 460] transport  1138 [soc] connect   116.213.69.199  80  
[2015/11/20 18:31:49 460] transport  1155 mspsoc.open,prot_type=  tcp  
[2015/11/20 18:31:49 461] transport  539  MSC:[soc] [6] error 10202 10065!  
[2015/11/20 18:31:49 461] transport  545  socket_notify_handler, try2conn_times =  3  
[2015/11/20 18:31:49 461] transport  319  soc_conn_failed  
[2015/11/20 18:31:49 461] network    89   iptoenv ,  ipcache  dev.voicecloud.cn  def  nil  
[2015/11/20 18:31:49 463] transport  388  switch 80  
[2015/11/20 18:31:49 463] transport  1170 [soc] disconnect   
[2015/11/20 18:31:49 664] transport  1071 ns_enable =  0  
[2015/11/20 18:31:49 664] transport  293  [dns] [6] failed! 10214  
[2015/11/20 18:31:49 664] network    84   ipfromenv ,  ipcache  dev.voicecloud.cn  def  nil  
[2015/11/20 18:31:49 664] network    84   ipfromenv ,  ipcfg  dev.voicecloud.cn  def  116.213.69.199  
[2015/11/20 18:31:49 664] transport  1138 [soc] connect   116.213.69.199  80  
[2015/11/20 18:31:49 664] transport  1155 mspsoc.open,prot_type=  tcp  
[2015/11/20 18:31:49 665] transport  539  MSC:[soc] [6] error 10202 10065!  
[2015/11/20 18:31:49 665] transport  545  socket_notify_handler, try2conn_times =  3  
[2015/11/20 18:31:49 665] transport  319  soc_conn_failed  
[2015/11/20 18:31:49 665] network    89   iptoenv ,  ipcache  dev.voicecloud.cn  def  nil  
[2015/11/20 18:31:49 665] transport  388  switch 80  
[2015/11/20 18:31:49 667] transport  1170 [soc] disconnect   
[2015/11/20 18:31:49 868] transport  1071 ns_enable =  0  
[2015/11/20 18:31:49 868] transport  293  [dns] [6] failed! 10214  
[2015/11/20 18:31:49 868] network    84   ipfromenv ,  ipcache  dev.voicecloud.cn  def  nil  
[2015/11/20 18:31:49 868] network    84   ipfromenv ,  ipcfg  dev.voicecloud.cn  def  116.213.69.199  
[2015/11/20 18:31:49 868] transport  1138 [soc] connect   116.213.69.199  80  
[2015/11/20 18:31:49 868] transport  1155 mspsoc.open,prot_type=  tcp  
[2015/11/20 18:31:49 869] transport  539  MSC:[soc] [6] error 10202 10065!  
[2015/11/20 18:31:49 869] transport  545  socket_notify_handler, try2conn_times =  3  
[2015/11/20 18:31:49 869] transport  319  soc_conn_failed  
[2015/11/20 18:31:49 871] network    89   iptoenv ,  ipcache  dev.voicecloud.cn  def  nil  
[2015/11/20 18:31:49 871] transport  388  switch 80  
[2015/11/20 18:31:49 871] transport  1170 [soc] disconnect   
[2015/11/20 18:31:50 070] transport  1071 ns_enable =  0  
[2015/11/20 18:31:50 070] transport  293  [dns] [6] failed! 10214  
[2015/11/20 18:31:50 072] network    84   ipfromenv ,  ipcache  dev.voicecloud.cn  def  nil  
[2015/11/20 18:31:50 072] network    84   ipfromenv ,  ipcfg  dev.voicecloud.cn  def  116.213.69.199  
[2015/11/20 18:31:50 072] transport  1138 [soc] connect   116.213.69.199  80  
[2015/11/20 18:31:50 072] transport  1155 mspsoc.open,prot_type=  tcp  
[2015/11/20 18:31:50 072] transport  539  MSC:[soc] [6] error 10202 10065!  
[2015/11/20 18:31:50 073] transport  545  socket_notify_handler, try2conn_times =  3  
[2015/11/20 18:31:50 073] transport  319  soc_conn_failed  
[2015/11/20 18:31:50 073] network    89   iptoenv ,  ipcache  dev.voicecloud.cn  def  nil  
[2015/11/20 18:31:50 073] transport  388  switch 80  
[2015/11/20 18:31:50 073] transport  1170 [soc] disconnect   
[2015/11/20 18:31:50 286] transport  1071 ns_enable =  0  
[2015/11/20 18:31:50 286] transport  293  [dns] [6] failed! 10214  
[2015/11/20 18:31:50 287] network    84   ipfromenv ,  ipcache  dev.voicecloud.cn  def  nil  
[2015/11/20 18:31:50 287] network    84   ipfromenv ,  ipcfg  dev.voicecloud.cn  def  116.213.69.199  
[2015/11/20 18:31:50 287] transport  1138 [soc] connect   116.213.69.199  80  
[2015/11/20 18:31:50 287] transport  1155 mspsoc.open,prot_type=  tcp  
[2015/11/20 18:31:50 289] transport  539  MSC:[soc] [6] error 10202 10065!  
[2015/11/20 18:31:50 289] transport  545  socket_notify_handler, try2conn_times =  3  
[2015/11/20 18:31:50 289] transport  319  soc_conn_failed  
[2015/11/20 18:31:50 289] network    89   iptoenv ,  ipcache  dev.voicecloud.cn  def  nil  
[2015/11/20 18:31:50 289] transport  388  switch 80  
[2015/11/20 18:31:50 289] transport  1170 [soc] disconnect   
[2015/11/20 18:31:50 480] transport  1071 ns_enable =  0  
[2015/11/20 18:31:50 480] transport  293  [dns] [6] failed! 10214  
[2015/11/20 18:31:50 481] network    84   ipfromenv ,  ipcache  dev.voicecloud.cn  def  nil  
[2015/11/20 18:31:50 481] network    84   ipfromenv ,  ipcfg  dev.voicecloud.cn  def  116.213.69.199  
[2015/11/20 18:31:50 481] transport  1138 [soc] connect   116.213.69.199  80  
[2015/11/20 18:31:50 483] transport  1155 mspsoc.open,prot_type=  tcp  
[2015/11/20 18:31:50 483] transport  539  MSC:[soc] [6] error 10202 10065!  
[2015/11/20 18:31:50 483] transport  545  socket_notify_handler, try2conn_times =  3  
[2015/11/20 18:31:50 483] transport  319  soc_conn_failed  
[2015/11/20 18:31:50 483] network    89   iptoenv ,  ipcache  dev.voicecloud.cn  def  nil  
[2015/11/20 18:31:50 483] transport  388  switch 80  
[2015/11/20 18:31:50 483] transport  1170 [soc] disconnect   
[2015/11/20 18:31:50 694] transport  1071 ns_enable =  0  
[2015/11/20 18:31:50 694] transport  293  [dns] [6] failed! 10214  
[2015/11/20 18:31:50 694] network    84   ipfromenv ,  ipcache  dev.voicecloud.cn  def  nil  
[2015/11/20 18:31:50 695] network    84   ipfromenv ,  ipcfg  dev.voicecloud.cn  def  116.213.69.199  
[2015/11/20 18:31:50 695] transport  1138 [soc] connect   116.213.69.199  80  
[2015/11/20 18:31:50 695] transport  1155 mspsoc.open,prot_type=  tcp  
[2015/11/20 18:31:50 695] transport  539  MSC:[soc] [6] error 10202 10065!  
[2015/11/20 18:31:50 695] transport  545  socket_notify_handler, try2conn_times =  3  
[2015/11/20 18:31:50 695] transport  319  soc_conn_failed  
[2015/11/20 18:31:50 695] network    89   iptoenv ,  ipcache  dev.voicecloud.cn  def  nil  
[2015/11/20 18:31:50 697] transport  388  switch 80  
[2015/11/20 18:31:50 697] transport  1170 [soc] disconnect   
[2015/11/20 18:31:50 889] transport  1071 ns_enable =  0  
[2015/11/20 18:31:50 891] transport  293  [dns] [6] failed! 10214  
[2015/11/20 18:31:50 891] network    84   ipfromenv ,  ipcache  dev.voicecloud.cn  def  nil  
[2015/11/20 18:31:50 891] network    84   ipfromenv ,  ipcfg  dev.voicecloud.cn  def  116.213.69.199  
[2015/11/20 18:31:50 891] transport  1138 [soc] connect   116.213.69.199  80  
[2015/11/20 18:31:50 891] transport  1155 mspsoc.open,prot_type=  tcp  
[2015/11/20 18:31:50 892] transport  539  MSC:[soc] [6] error 10202 10065!  
[2015/11/20 18:31:50 892] transport  545  socket_notify_handler, try2conn_times =  3  
[2015/11/20 18:31:50 892] transport  319  soc_conn_failed  
[2015/11/20 18:31:50 892] network    89   iptoenv ,  ipcache  dev.voicecloud.cn  def  nil  
[2015/11/20 18:31:50 894] transport  388  switch 80  
[2015/11/20 18:31:50 894] transport  1170 [soc] disconnect   
[2015/11/20 18:31:51 098] transport  1071 ns_enable =  0  
[2015/11/20 18:31:51 098] transport  293  [dns] [6] failed! 10214  
[2015/11/20 18:31:51 098] network    84   ipfromenv ,  ipcache  dev.voicecloud.cn  def  nil  
[2015/11/20 18:31:51 098] network    84   ipfromenv ,  ipcfg  dev.voicecloud.cn  def  116.213.69.199  
[2015/11/20 18:31:51 099] transport  1138 [soc] connect   116.213.69.199  80  
[2015/11/20 18:31:51 099] transport  1155 mspsoc.open,prot_type=  tcp  
[2015/11/20 18:31:51 101] transport  539  MSC:[soc] [6] error 10202 10065!  
[2015/11/20 18:31:51 101] transport  545  socket_notify_handler, try2conn_times =  3  
[2015/11/20 18:31:51 101] transport  319  soc_conn_failed  
[2015/11/20 18:31:51 101] network    89   iptoenv ,  ipcache  dev.voicecloud.cn  def  nil  
[2015/11/20 18:31:51 101] transport  388  switch 80  
[2015/11/20 18:31:51 101] transport  1170 [soc] disconnect   
[2015/11/20 18:31:51 302] transport  1071 ns_enable =  0  
[2015/11/20 18:31:51 302] transport  293  [dns] [6] failed! 10214  
[2015/11/20 18:31:51 303] network    84   ipfromenv ,  ipcache  dev.voicecloud.cn  def  nil  
[2015/11/20 18:31:51 303] network    84   ipfromenv ,  ipcfg  dev.voicecloud.cn  def  116.213.69.199  
[2015/11/20 18:31:51 303] transport  1138 [soc] connect   116.213.69.199  80  
[2015/11/20 18:31:51 305] transport  1155 mspsoc.open,prot_type=  tcp  
[2015/11/20 18:31:51 305] transport  539  MSC:[soc] [6] error 10202 10065!  
[2015/11/20 18:31:51 305] transport  545  socket_notify_handler, try2conn_times =  3  
[2015/11/20 18:31:51 305] transport  319  soc_conn_failed  
[2015/11/20 18:31:51 305] network    89   iptoenv ,  ipcache  dev.voicecloud.cn  def  nil  
[2015/11/20 18:31:51 305] transport  388  switch 80  
[2015/11/20 18:31:51 305] transport  1170 [soc] disconnect   
[2015/11/20 18:31:51 506] transport  1071 ns_enable =  0  
[2015/11/20 18:31:51 506] transport  293  [dns] [6] failed! 10214  
[2015/11/20 18:31:51 506] network    84   ipfromenv ,  ipcache  dev.voicecloud.cn  def  nil  
[2015/11/20 18:31:51 506] network    84   ipfromenv ,  ipcfg  dev.voicecloud.cn  def  116.213.69.199  
[2015/11/20 18:31:51 506] transport  1138 [soc] connect   116.213.69.199  80  
[2015/11/20 18:31:51 506] transport  1155 mspsoc.open,prot_type=  tcp  
[2015/11/20 18:31:51 507] transport  539  MSC:[soc] [6] error 10202 10065!  
[2015/11/20 18:31:51 507] transport  545  socket_notify_handler, try2conn_times =  3  
[2015/11/20 18:31:51 507] transport  319  soc_conn_failed  
[2015/11/20 18:31:51 509] network    89   iptoenv ,  ipcache  dev.voicecloud.cn  def  nil  
[2015/11/20 18:31:51 509] transport  388  switch 80  
[2015/11/20 18:31:51 509] transport  1170 [soc] disconnect   
[2015/11/20 18:31:51 707] transport  1071 ns_enable =  0  
[2015/11/20 18:31:51 707] transport  293  [dns] [6] failed! 10214  
[2015/11/20 18:31:51 707] network    84   ipfromenv ,  ipcache  dev.voicecloud.cn  def  nil  
[2015/11/20 18:31:51 707] network    84   ipfromenv ,  ipcfg  dev.voicecloud.cn  def  116.213.69.199  
[2015/11/20 18:31:51 707] transport  1138 [soc] connect   116.213.69.199  80  
[2015/11/20 18:31:51 707] transport  1155 mspsoc.open,prot_type=  tcp  
[2015/11/20 18:31:51 708] transport  539  MSC:[soc] [6] error 10202 10065!  
[2015/11/20 18:31:51 708] transport  545  socket_notify_handler, try2conn_times =  3  
[2015/11/20 18:31:51 708] transport  319  soc_conn_failed  
[2015/11/20 18:31:51 708] network    89   iptoenv ,  ipcache  dev.voicecloud.cn  def  nil  
[2015/11/20 18:31:51 710] transport  388  switch 80  
[2015/11/20 18:31:51 710] transport  1170 [soc] disconnect   
[2015/11/20 18:31:51 911] transport  1071 ns_enable =  0  
[2015/11/20 18:31:51 911] transport  293  [dns] [6] failed! 10214  
[2015/11/20 18:31:51 911] network    84   ipfromenv ,  ipcache  dev.voicecloud.cn  def  nil  
[2015/11/20 18:31:51 912] network    84   ipfromenv ,  ipcfg  dev.voicecloud.cn  def  116.213.69.199  
[2015/11/20 18:31:51 912] transport  1138 [soc] connect   116.213.69.199  80  
[2015/11/20 18:31:51 912] transport  1155 mspsoc.open,prot_type=  tcp  
[2015/11/20 18:31:51 912] transport  539  MSC:[soc] [6] error 10202 10065!  
[2015/11/20 18:31:51 912] transport  545  socket_notify_handler, try2conn_times =  3  
[2015/11/20 18:31:51 912] transport  319  soc_conn_failed  
[2015/11/20 18:31:51 912] network    89   iptoenv ,  ipcache  dev.voicecloud.cn  def  nil  
[2015/11/20 18:31:51 914] transport  388  switch 80  
[2015/11/20 18:31:51 914] transport  1170 [soc] disconnect   
[2015/11/20 18:31:52 111] transport  1071 ns_enable =  0  
[2015/11/20 18:31:52 111] transport  293  [dns] [6] failed! 10214  
[2015/11/20 18:31:52 111] network    84   ipfromenv ,  ipcache  dev.voicecloud.cn  def  nil  
[2015/11/20 18:31:52 111] network    84   ipfromenv ,  ipcfg  dev.voicecloud.cn  def  116.213.69.199  
[2015/11/20 18:31:52 111] transport  1138 [soc] connect   116.213.69.199  80  
[2015/11/20 18:31:52 111] transport  1155 mspsoc.open,prot_type=  tcp  
[2015/11/20 18:31:52 112] transport  539  MSC:[soc] [6] error 10202 10065!  
[2015/11/20 18:31:52 112] transport  545  socket_notify_handler, try2conn_times =  3  
[2015/11/20 18:31:52 112] transport  319  soc_conn_failed  
[2015/11/20 18:31:52 112] network    89   iptoenv ,  ipcache  dev.voicecloud.cn  def  nil  
[2015/11/20 18:31:52 114] transport  388  switch 80  
[2015/11/20 18:31:52 114] transport  1170 [soc] disconnect   
[2015/11/20 18:31:52 315] transport  1071 ns_enable =  0  
[2015/11/20 18:31:52 315] transport  293  [dns] [6] failed! 10214  
[2015/11/20 18:31:52 315] network    84   ipfromenv ,  ipcache  dev.voicecloud.cn  def  nil  
[2015/11/20 18:31:52 315] network    84   ipfromenv ,  ipcfg  dev.voicecloud.cn  def  116.213.69.199  
[2015/11/20 18:31:52 315] transport  1138 [soc] connect   116.213.69.199  80  
[2015/11/20 18:31:52 315] transport  1155 mspsoc.open,prot_type=  tcp  
[2015/11/20 18:31:52 316] transport  539  MSC:[soc] [6] error 10202 10065!  
[2015/11/20 18:31:52 316] transport  545  socket_notify_handler, try2conn_times =  3  
[2015/11/20 18:31:52 316] transport  319  soc_conn_failed  
[2015/11/20 18:31:52 316] network    89   iptoenv ,  ipcache  dev.voicecloud.cn  def  nil  
[2015/11/20 18:31:52 318] transport  388  switch 80  
[2015/11/20 18:31:52 318] transport  1170 [soc] disconnect   
[2015/11/20 18:31:52 517] transport  1071 ns_enable =  0  
[2015/11/20 18:31:52 517] transport  293  [dns] [6] failed! 10214  
[2015/11/20 18:31:52 517] network    84   ipfromenv ,  ipcache  dev.voicecloud.cn  def  nil  
[2015/11/20 18:31:52 519] network    84   ipfromenv ,  ipcfg  dev.voicecloud.cn  def  116.213.69.199  
[2015/11/20 18:31:52 519] transport  1138 [soc] connect   116.213.69.199  80  
[2015/11/20 18:31:52 519] transport  1155 mspsoc.open,prot_type=  tcp  
[2015/11/20 18:31:52 519] transport  539  MSC:[soc] [6] error 10202 10065!  
[2015/11/20 18:31:52 519] transport  545  socket_notify_handler, try2conn_times =  3  
[2015/11/20 18:31:52 519] transport  319  soc_conn_failed  
[2015/11/20 18:31:52 519] network    89   iptoenv ,  ipcache  dev.voicecloud.cn  def  nil  
[2015/11/20 18:31:52 519] transport  388  switch 80  
[2015/11/20 18:31:52 519] transport  1170 [soc] disconnect   
[2015/11/20 18:31:52 720] transport  1071 ns_enable =  0  
[2015/11/20 18:31:52 720] transport  293  [dns] [6] failed! 10214  
[2015/11/20 18:31:52 720] network    84   ipfromenv ,  ipcache  dev.voicecloud.cn  def  nil  
[2015/11/20 18:31:52 720] network    84   ipfromenv ,  ipcfg  dev.voicecloud.cn  def  116.213.69.199  
[2015/11/20 18:31:52 720] transport  1138 [soc] connect   116.213.69.199  80  
[2015/11/20 18:31:52 720] transport  1155 mspsoc.open,prot_type=  tcp  
[2015/11/20 18:31:52 721] transport  539  MSC:[soc] [6] error 10202 10065!  
[2015/11/20 18:31:52 721] transport  545  socket_notify_handler, try2conn_times =  2  
[2015/11/20 18:31:52 721] transport  319  soc_conn_failed  
[2015/11/20 18:31:52 721] network    89   iptoenv ,  ipcache  dev.voicecloud.cn  def  nil  
[2015/11/20 18:31:52 723] transport  388  switch 80  
[2015/11/20 18:31:52 723] transport  1170 [soc] disconnect   
[2015/11/20 18:31:52 924] transport  1071 ns_enable =  0  
[2015/11/20 18:31:52 924] transport  293  [dns] [6] failed! 10214  
[2015/11/20 18:31:52 924] network    84   ipfromenv ,  ipcache  dev.voicecloud.cn  def  nil  
[2015/11/20 18:31:52 924] network    84   ipfromenv ,  ipcfg  dev.voicecloud.cn  def  116.213.69.199  
[2015/11/20 18:31:52 924] transport  1138 [soc] connect   116.213.69.199  80  
[2015/11/20 18:31:52 924] transport  1155 mspsoc.open,prot_type=  tcp  
[2015/11/20 18:31:52 925] transport  539  MSC:[soc] [6] error 10202 10065!  
[2015/11/20 18:31:52 925] transport  545  socket_notify_handler, try2conn_times =  1  
[2015/11/20 18:31:52 925] transport  319  soc_conn_failed  
[2015/11/20 18:31:52 925] network    89   iptoenv ,  ipcache  dev.voicecloud.cn  def  nil  
[2015/11/20 18:31:52 927] transport  388  switch 80  
[2015/11/20 18:31:52 927] transport  1170 [soc] disconnect   
[2015/11/20 18:31:52 927] transport  49   throw_exception  10202  10065  MSC:[soc] [6] error 10202 10065!  
[2015/11/20 18:31:52 927] isr_1conn  739  transport exception  10202  slave  
[2015/11/20 18:31:52 927] network    84   ipfromenv ,  ipcache  dev.voicecloud.cn  def  nil  
[2015/11/20 18:31:52 927] transport  1170 [soc] disconnect   
[2015/11/20 18:31:52 927] transport  1071 ns_enable =  0  
[2015/11/20 18:31:52 927] transport  293  [dns] [7] failed! 10214  
[2015/11/20 18:31:52 927] network    84   ipfromenv ,  ipcache  dev.voicecloud.cn  def  nil  
[2015/11/20 18:31:52 928] network    84   ipfromenv ,  ipcfg  dev.voicecloud.cn  def  116.213.69.199  
[2015/11/20 18:31:52 928] transport  1138 [soc] connect   116.213.69.199  80  
[2015/11/20 18:31:52 928] transport  1155 mspsoc.open,prot_type=  tcp  
[2015/11/20 18:31:52 930] transport  539  MSC:[soc] [7] error 10202 10065!  
[2015/11/20 18:31:52 930] transport  545  socket_notify_handler, try2conn_times =  3  
[2015/11/20 18:31:52 930] transport  319  soc_conn_failed  
[2015/11/20 18:31:52 930] network    89   iptoenv ,  ipcache  dev.voicecloud.cn  def  nil  
[2015/11/20 18:31:52 930] transport  388  switch 80  
[2015/11/20 18:31:52 930] transport  1170 [soc] disconnect   
[2015/11/20 18:31:53 144] transport  1071 ns_enable =  0  
[2015/11/20 18:31:53 144] transport  293  [dns] [7] failed! 10214  
[2015/11/20 18:31:53 144] network    84   ipfromenv ,  ipcache  dev.voicecloud.cn  def  nil  
[2015/11/20 18:31:53 144] network    84   ipfromenv ,  ipcfg  dev.voicecloud.cn  def  116.213.69.199  
[2015/11/20 18:31:53 144] transport  1138 [soc] connect   116.213.69.199  80  
[2015/11/20 18:31:53 144] transport  1155 mspsoc.open,prot_type=  tcp  
[2015/11/20 18:31:53 145] transport  539  MSC:[soc] [7] error 10202 10065!  
[2015/11/20 18:31:53 145] transport  545  socket_notify_handler, try2conn_times =  3  
[2015/11/20 18:31:53 145] transport  319  soc_conn_failed  
[2015/11/20 18:31:53 145] network    89   iptoenv ,  ipcache  dev.voicecloud.cn  def  nil  
[2015/11/20 18:31:53 147] transport  388  switch 80  
[2015/11/20 18:31:53 147] transport  1170 [soc] disconnect   
[2015/11/20 18:31:53 335] transport  1071 ns_enable =  0  
[2015/11/20 18:31:53 335] transport  293  [dns] [7] failed! 10214  
[2015/11/20 18:31:53 336] network    84   ipfromenv ,  ipcache  dev.voicecloud.cn  def  nil  
[2015/11/20 18:31:53 336] network    84   ipfromenv ,  ipcfg  dev.voicecloud.cn  def  116.213.69.199  
[2015/11/20 18:31:53 336] transport  1138 [soc] connect   116.213.69.199  80  
[2015/11/20 18:31:53 336] transport  1155 mspsoc.open,prot_type=  tcp  
[2015/11/20 18:31:53 338] transport  539  MSC:[soc] [7] error 10202 10065!  
[2015/11/20 18:31:53 338] transport  545  socket_notify_handler, try2conn_times =  3  
[2015/11/20 18:31:53 338] transport  319  soc_conn_failed  
[2015/11/20 18:31:53 338] network    89   iptoenv ,  ipcache  dev.voicecloud.cn  def  nil  
[2015/11/20 18:31:53 338] transport  388  switch 80  
[2015/11/20 18:31:53 338] transport  1170 [soc] disconnect   
[2015/11/20 18:31:53 549] transport  1071 ns_enable =  0  
[2015/11/20 18:31:53 549] transport  293  [dns] [7] failed! 10214  
[2015/11/20 18:31:53 549] network    84   ipfromenv ,  ipcache  dev.voicecloud.cn  def  nil  
[2015/11/20 18:31:53 549] network    84   ipfromenv ,  ipcfg  dev.voicecloud.cn  def  116.213.69.199  
[2015/11/20 18:31:53 549] transport  1138 [soc] connect   116.213.69.199  80  
[2015/11/20 18:31:53 549] transport  1155 mspsoc.open,prot_type=  tcp  
[2015/11/20 18:31:53 550] transport  539  MSC:[soc] [7] error 10202 10065!  
[2015/11/20 18:31:53 550] transport  545  socket_notify_handler, try2conn_times =  3  
[2015/11/20 18:31:53 550] transport  319  soc_conn_failed  
[2015/11/20 18:31:53 550] network    89   iptoenv ,  ipcache  dev.voicecloud.cn  def  nil  
[2015/11/20 18:31:53 550] transport  388  switch 80  
[2015/11/20 18:31:53 550] transport  1170 [soc] disconnect   
[2015/11/20 18:31:53 741] transport  1071 ns_enable =  0  
[2015/11/20 18:31:53 741] transport  293  [dns] [7] failed! 10214  
[2015/11/20 18:31:53 743] network    84   ipfromenv ,  ipcache  dev.voicecloud.cn  def  nil  
[2015/11/20 18:31:53 743] network    84   ipfromenv ,  ipcfg  dev.voicecloud.cn  def  116.213.69.199  
[2015/11/20 18:31:53 743] transport  1138 [soc] connect   116.213.69.199  80  
[2015/11/20 18:31:53 743] transport  1155 mspsoc.open,prot_type=  tcp  
[2015/11/20 18:31:53 743] transport  539  MSC:[soc] [7] error 10202 10065!  
[2015/11/20 18:31:53 743] transport  545  socket_notify_handler, try2conn_times =  3  
[2015/11/20 18:31:53 743] transport  319  soc_conn_failed  
[2015/11/20 18:31:53 743] network    89   iptoenv ,  ipcache  dev.voicecloud.cn  def  nil  
[2015/11/20 18:31:53 744] transport  388  switch 80  
[2015/11/20 18:31:53 744] transport  1170 [soc] disconnect   
[2015/11/20 18:31:53 944] transport  1071 ns_enable =  0  
[2015/11/20 18:31:53 944] transport  293  [dns] [7] failed! 10214  
[2015/11/20 18:31:53 945] network    84   ipfromenv ,  ipcache  dev.voicecloud.cn  def  nil  
[2015/11/20 18:31:53 947] network    84   ipfromenv ,  ipcfg  dev.voicecloud.cn  def  116.213.69.199  
[2015/11/20 18:31:53 947] transport  1138 [soc] connect   116.213.69.199  80  
[2015/11/20 18:31:53 947] transport  1155 mspsoc.open,prot_type=  tcp  
[2015/11/20 18:31:53 948] transport  539  MSC:[soc] [7] error 10202 10065!  
[2015/11/20 18:31:53 948] transport  545  socket_notify_handler, try2conn_times =  3  
[2015/11/20 18:31:53 948] transport  319  soc_conn_failed  
[2015/11/20 18:31:53 948] network    89   iptoenv ,  ipcache  dev.voicecloud.cn  def  nil  
[2015/11/20 18:31:53 950] transport  388  switch 80  
[2015/11/20 18:31:53 950] transport  1170 [soc] disconnect   
[2015/11/20 18:31:54 157] transport  1071 ns_enable =  0  
[2015/11/20 18:31:54 160] transport  293  [dns] [7] failed! 10214  
[2015/11/20 18:31:54 160] network    84   ipfromenv ,  ipcache  dev.voicecloud.cn  def  nil  
[2015/11/20 18:31:54 161] network    84   ipfromenv ,  ipcfg  dev.voicecloud.cn  def  116.213.69.199  
[2015/11/20 18:31:54 161] transport  1138 [soc] connect   116.213.69.199  80  
[2015/11/20 18:31:54 161] transport  1155 mspsoc.open,prot_type=  tcp  
[2015/11/20 18:31:54 162] transport  539  MSC:[soc] [7] error 10202 10065!  
[2015/11/20 18:31:54 162] transport  545  socket_notify_handler, try2conn_times =  3  
[2015/11/20 18:31:54 162] transport  319  soc_conn_failed  
[2015/11/20 18:31:54 162] network    89   iptoenv ,  ipcache  dev.voicecloud.cn  def  nil  
[2015/11/20 18:31:54 162] transport  388  switch 80  
[2015/11/20 18:31:54 164] transport  1170 [soc] disconnect   
[2015/11/20 18:31:54 365] transport  1071 ns_enable =  0  
[2015/11/20 18:31:54 366] transport  293  [dns] [7] failed! 10214  
[2015/11/20 18:31:54 368] network    84   ipfromenv ,  ipcache  dev.voicecloud.cn  def  nil  
[2015/11/20 18:31:54 368] network    84   ipfromenv ,  ipcfg  dev.voicecloud.cn  def  116.213.69.199  
[2015/11/20 18:31:54 368] transport  1138 [soc] connect   116.213.69.199  80  
[2015/11/20 18:31:54 368] transport  1155 mspsoc.open,prot_type=  tcp  
[2015/11/20 18:31:54 368] transport  539  MSC:[soc] [7] error 10202 10065!  
[2015/11/20 18:31:54 369] transport  545  socket_notify_handler, try2conn_times =  3  
[2015/11/20 18:31:54 369] transport  319  soc_conn_failed  
[2015/11/20 18:31:54 369] network    89   iptoenv ,  ipcache  dev.voicecloud.cn  def  nil  
[2015/11/20 18:31:54 369] transport  388  switch 80  
[2015/11/20 18:31:54 371] transport  1170 [soc] disconnect   
[2015/11/20 18:31:54 572] transport  1071 ns_enable =  0  
[2015/11/20 18:31:54 572] transport  293  [dns] [7] failed! 10214  
[2015/11/20 18:31:54 572] network    84   ipfromenv ,  ipcache  dev.voicecloud.cn  def  nil  
[2015/11/20 18:31:54 572] network    84   ipfromenv ,  ipcfg  dev.voicecloud.cn  def  116.213.69.199  
[2015/11/20 18:31:54 573] transport  1138 [soc] connect   116.213.69.199  80  
[2015/11/20 18:31:54 573] transport  1155 mspsoc.open,prot_type=  tcp  
[2015/11/20 18:31:54 573] transport  539  MSC:[soc] [7] error 10202 10065!  
[2015/11/20 18:31:54 573] transport  545  socket_notify_handler, try2conn_times =  3  
[2015/11/20 18:31:54 573] transport  319  soc_conn_failed  
[2015/11/20 18:31:54 573] network    89   iptoenv ,  ipcache  dev.voicecloud.cn  def  nil  
[2015/11/20 18:31:54 575] transport  388  switch 80  
[2015/11/20 18:31:54 575] transport  1170 [soc] disconnect   
[2015/11/20 18:31:54 772] transport  1071 ns_enable =  0  
[2015/11/20 18:31:54 773] transport  293  [dns] [7] failed! 10214  
[2015/11/20 18:31:54 773] network    84   ipfromenv ,  ipcache  dev.voicecloud.cn  def  nil  
[2015/11/20 18:31:54 773] network    84   ipfromenv ,  ipcfg  dev.voicecloud.cn  def  116.213.69.199  
[2015/11/20 18:31:54 773] transport  1138 [soc] connect   116.213.69.199  80  
[2015/11/20 18:31:54 773] transport  1155 mspsoc.open,prot_type=  tcp  
[2015/11/20 18:31:54 775] transport  539  MSC:[soc] [7] error 10202 10065!  
[2015/11/20 18:31:54 775] transport  545  socket_notify_handler, try2conn_times =  3  
[2015/11/20 18:31:54 775] transport  319  soc_conn_failed  
[2015/11/20 18:31:54 775] network    89   iptoenv ,  ipcache  dev.voicecloud.cn  def  nil  
[2015/11/20 18:31:54 776] transport  388  switch 80  
[2015/11/20 18:31:54 776] transport  1170 [soc] disconnect   
[2015/11/20 18:31:54 976] transport  1071 ns_enable =  0  
[2015/11/20 18:31:54 976] transport  293  [dns] [7] failed! 10214  
[2015/11/20 18:31:54 976] network    84   ipfromenv ,  ipcache  dev.voicecloud.cn  def  nil  
[2015/11/20 18:31:54 977] network    84   ipfromenv ,  ipcfg  dev.voicecloud.cn  def  116.213.69.199  
[2015/11/20 18:31:54 977] transport  1138 [soc] connect   116.213.69.199  80  
[2015/11/20 18:31:54 977] transport  1155 mspsoc.open,prot_type=  tcp  
[2015/11/20 18:31:54 979] transport  539  MSC:[soc] [7] error 10202 10065!  
[2015/11/20 18:31:54 979] transport  545  socket_notify_handler, try2conn_times =  3  
[2015/11/20 18:31:54 979] transport  319  soc_conn_failed  
[2015/11/20 18:31:54 979] network    89   iptoenv ,  ipcache  dev.voicecloud.cn  def  nil  
[2015/11/20 18:31:54 980] transport  388  switch 80  
[2015/11/20 18:31:54 980] transport  1170 [soc] disconnect   
[2015/11/20 18:31:55 181] transport  1071 ns_enable =  0  
[2015/11/20 18:31:55 181] transport  293  [dns] [7] failed! 10214  
[2015/11/20 18:31:55 183] network    84   ipfromenv ,  ipcache  dev.voicecloud.cn  def  nil  
[2015/11/20 18:31:55 184] network    84   ipfromenv ,  ipcfg  dev.voicecloud.cn  def  116.213.69.199  
[2015/11/20 18:31:55 184] transport  1138 [soc] connect   116.213.69.199  80  
[2015/11/20 18:31:55 184] transport  1155 mspsoc.open,prot_type=  tcp  
[2015/11/20 18:31:55 184] transport  539  MSC:[soc] [7] error 10202 10065!  
[2015/11/20 18:31:55 184] transport  545  socket_notify_handler, try2conn_times =  3  
[2015/11/20 18:31:55 184] transport  319  soc_conn_failed  
[2015/11/20 18:31:55 184] network    89   iptoenv ,  ipcache  dev.voicecloud.cn  def  nil  
[2015/11/20 18:31:55 184] transport  388  switch 80  
[2015/11/20 18:31:55 184] transport  1170 [soc] disconnect   
[2015/11/20 18:31:55 388] transport  1071 ns_enable =  0  
[2015/11/20 18:31:55 388] transport  293  [dns] [7] failed! 10214  
[2015/11/20 18:31:55 389] network    84   ipfromenv ,  ipcache  dev.voicecloud.cn  def  nil  
[2015/11/20 18:31:55 391] network    84   ipfromenv ,  ipcfg  dev.voicecloud.cn  def  116.213.69.199  
[2015/11/20 18:31:55 391] transport  1138 [soc] connect   116.213.69.199  80  
[2015/11/20 18:31:55 391] transport  1155 mspsoc.open,prot_type=  tcp  
[2015/11/20 18:31:55 391] transport  539  MSC:[soc] [7] error 10202 10065!  
[2015/11/20 18:31:55 391] transport  545  socket_notify_handler, try2conn_times =  3  
[2015/11/20 18:31:55 391] transport  319  soc_conn_failed  
[2015/11/20 18:31:55 391] network    89   iptoenv ,  ipcache  dev.voicecloud.cn  def  nil  
[2015/11/20 18:31:55 391] transport  388  switch 80  
[2015/11/20 18:31:55 391] transport  1170 [soc] disconnect   
[2015/11/20 18:31:55 582] transport  1071 ns_enable =  0  
[2015/11/20 18:31:55 583] transport  293  [dns] [7] failed! 10214  
[2015/11/20 18:31:55 585] network    84   ipfromenv ,  ipcache  dev.voicecloud.cn  def  nil  
[2015/11/20 18:31:55 585] network    84   ipfromenv ,  ipcfg  dev.voicecloud.cn  def  116.213.69.199  
[2015/11/20 18:31:55 585] transport  1138 [soc] connect   116.213.69.199  80  
[2015/11/20 18:31:55 586] transport  1155 mspsoc.open,prot_type=  tcp  
[2015/11/20 18:31:55 586] transport  539  MSC:[soc] [7] error 10202 10065!  
[2015/11/20 18:31:55 586] transport  545  socket_notify_handler, try2conn_times =  3  
[2015/11/20 18:31:55 586] transport  319  soc_conn_failed  
[2015/11/20 18:31:55 586] network    89   iptoenv ,  ipcache  dev.voicecloud.cn  def  nil  
[2015/11/20 18:31:55 588] transport  388  switch 80  
[2015/11/20 18:31:55 588] transport  1170 [soc] disconnect   
[2015/11/20 18:31:55 795] transport  1071 ns_enable =  0  
[2015/11/20 18:31:55 795] transport  293  [dns] [7] failed! 10214  
[2015/11/20 18:31:55 796] network    84   ipfromenv ,  ipcache  dev.voicecloud.cn  def  nil  
[2015/11/20 18:31:55 796] network    84   ipfromenv ,  ipcfg  dev.voicecloud.cn  def  116.213.69.199  
[2015/11/20 18:31:55 796] transport  1138 [soc] connect   116.213.69.199  80  
[2015/11/20 18:31:55 796] transport  1155 mspsoc.open,prot_type=  tcp  
[2015/11/20 18:31:55 796] transport  539  MSC:[soc] [7] error 10202 10065!  
[2015/11/20 18:31:55 796] transport  545  socket_notify_handler, try2conn_times =  3  
[2015/11/20 18:31:55 796] transport  319  soc_conn_failed  
[2015/11/20 18:31:55 796] network    89   iptoenv ,  ipcache  dev.voicecloud.cn  def  nil  
[2015/11/20 18:31:55 798] transport  388  switch 80  
[2015/11/20 18:31:55 798] transport  1170 [soc] disconnect   
[2015/11/20 18:31:55 991] transport  1071 ns_enable =  0  
[2015/11/20 18:31:55 991] transport  293  [dns] [7] failed! 10214  
[2015/11/20 18:31:55 993] network    84   ipfromenv ,  ipcache  dev.voicecloud.cn  def  nil  
[2015/11/20 18:31:55 993] network    84   ipfromenv ,  ipcfg  dev.voicecloud.cn  def  116.213.69.199  
[2015/11/20 18:31:55 993] transport  1138 [soc] connect   116.213.69.199  80  
[2015/11/20 18:31:55 993] transport  1155 mspsoc.open,prot_type=  tcp  
[2015/11/20 18:31:55 994] transport  539  MSC:[soc] [7] error 10202 10065!  
[2015/11/20 18:31:55 994] transport  545  socket_notify_handler, try2conn_times =  3  
[2015/11/20 18:31:55 994] transport  319  soc_conn_failed  
[2015/11/20 18:31:55 994] network    89   iptoenv ,  ipcache  dev.voicecloud.cn  def  nil  
[2015/11/20 18:31:55 996] transport  388  switch 80  
[2015/11/20 18:31:55 996] transport  1170 [soc] disconnect   
[2015/11/20 18:31:56 195] transport  1071 ns_enable =  0  
[2015/11/20 18:31:56 195] transport  293  [dns] [7] failed! 10214  
[2015/11/20 18:31:56 197] network    84   ipfromenv ,  ipcache  dev.voicecloud.cn  def  nil  
[2015/11/20 18:31:56 197] network    84   ipfromenv ,  ipcfg  dev.voicecloud.cn  def  116.213.69.199  
[2015/11/20 18:31:56 197] transport  1138 [soc] connect   116.213.69.199  80  
[2015/11/20 18:31:56 197] transport  1155 mspsoc.open,prot_type=  tcp  
[2015/11/20 18:31:56 197] transport  539  MSC:[soc] [7] error 10202 10065!  
[2015/11/20 18:31:56 197] transport  545  socket_notify_handler, try2conn_times =  3  
[2015/11/20 18:31:56 197] transport  319  soc_conn_failed  
[2015/11/20 18:31:56 197] network    89   iptoenv ,  ipcache  dev.voicecloud.cn  def  nil  
[2015/11/20 18:31:56 198] transport  388  switch 80  
[2015/11/20 18:31:56 198] transport  1170 [soc] disconnect   
[2015/11/20 18:31:56 401] transport  1071 ns_enable =  0  
[2015/11/20 18:31:56 401] transport  293  [dns] [7] failed! 10214  
[2015/11/20 18:31:56 402] network    84   ipfromenv ,  ipcache  dev.voicecloud.cn  def  nil  
[2015/11/20 18:31:56 402] network    84   ipfromenv ,  ipcfg  dev.voicecloud.cn  def  116.213.69.199  
[2015/11/20 18:31:56 404] transport  1138 [soc] connect   116.213.69.199  80  
[2015/11/20 18:31:56 404] transport  1155 mspsoc.open,prot_type=  tcp  
[2015/11/20 18:31:56 404] transport  539  MSC:[soc] [7] error 10202 10065!  
[2015/11/20 18:31:56 404] transport  545  socket_notify_handler, try2conn_times =  3  
[2015/11/20 18:31:56 404] transport  319  soc_conn_failed  
[2015/11/20 18:31:56 404] network    89   iptoenv ,  ipcache  dev.voicecloud.cn  def  nil  
[2015/11/20 18:31:56 404] transport  388  switch 80  
[2015/11/20 18:31:56 404] transport  1170 [soc] disconnect   
[2015/11/20 18:31:56 605] transport  1071 ns_enable =  0  
[2015/11/20 18:31:56 605] transport  293  [dns] [7] failed! 10214  
[2015/11/20 18:31:56 605] network    84   ipfromenv ,  ipcache  dev.voicecloud.cn  def  nil  
[2015/11/20 18:31:56 606] network    84   ipfromenv ,  ipcfg  dev.voicecloud.cn  def  116.213.69.199  
[2015/11/20 18:31:56 606] transport  1138 [soc] connect   116.213.69.199  80  
[2015/11/20 18:31:56 606] transport  1155 mspsoc.open,prot_type=  tcp  
[2015/11/20 18:31:56 608] transport  539  MSC:[soc] [7] error 10202 10065!  
[2015/11/20 18:31:56 608] transport  545  socket_notify_handler, try2conn_times =  3  
[2015/11/20 18:31:56 608] transport  319  soc_conn_failed  
[2015/11/20 18:31:56 608] network    89   iptoenv ,  ipcache  dev.voicecloud.cn  def  nil  
[2015/11/20 18:31:56 608] transport  388  switch 80  
[2015/11/20 18:31:56 608] transport  1170 [soc] disconnect   
[2015/11/20 18:31:56 802] transport  1071 ns_enable =  0  
[2015/11/20 18:31:56 802] transport  293  [dns] [7] failed! 10214  
[2015/11/20 18:31:56 802] network    84   ipfromenv ,  ipcache  dev.voicecloud.cn  def  nil  
[2015/11/20 18:31:56 802] network    84   ipfromenv ,  ipcfg  dev.voicecloud.cn  def  116.213.69.199  
[2015/11/20 18:31:56 803] transport  1138 [soc] connect   116.213.69.199  80  
[2015/11/20 18:31:56 803] transport  1155 mspsoc.open,prot_type=  tcp  
[2015/11/20 18:31:56 803] transport  539  MSC:[soc] [7] error 10202 10065!  
[2015/11/20 18:31:56 803] transport  545  socket_notify_handler, try2conn_times =  3  
[2015/11/20 18:31:56 803] transport  319  soc_conn_failed  
[2015/11/20 18:31:56 803] network    89   iptoenv ,  ipcache  dev.voicecloud.cn  def  nil  
[2015/11/20 18:31:56 805] transport  388  switch 80  
[2015/11/20 18:31:56 805] transport  1170 [soc] disconnect   
[2015/11/20 18:31:57 013] transport  1071 ns_enable =  0  
[2015/11/20 18:31:57 013] transport  293  [dns] [7] failed! 10214  
[2015/11/20 18:31:57 013] network    84   ipfromenv ,  ipcache  dev.voicecloud.cn  def  nil  
[2015/11/20 18:31:57 014] network    84   ipfromenv ,  ipcfg  dev.voicecloud.cn  def  116.213.69.199  
[2015/11/20 18:31:57 014] transport  1138 [soc] connect   116.213.69.199  80  
[2015/11/20 18:31:57 014] transport  1155 mspsoc.open,prot_type=  tcp  
[2015/11/20 18:31:57 016] transport  539  MSC:[soc] [7] error 10202 10065!  
[2015/11/20 18:31:57 016] transport  545  socket_notify_handler, try2conn_times =  3  
[2015/11/20 18:31:57 016] transport  319  soc_conn_failed  
[2015/11/20 18:31:57 016] network    89   iptoenv ,  ipcache  dev.voicecloud.cn  def  nil  
[2015/11/20 18:31:57 016] transport  388  switch 80  
[2015/11/20 18:31:57 016] transport  1170 [soc] disconnect   
[2015/11/20 18:31:57 224] transport  1071 ns_enable =  0  
[2015/11/20 18:31:57 224] transport  293  [dns] [7] failed! 10214  
[2015/11/20 18:31:57 226] network    84   ipfromenv ,  ipcache  dev.voicecloud.cn  def  nil  
[2015/11/20 18:31:57 226] network    84   ipfromenv ,  ipcfg  dev.voicecloud.cn  def  116.213.69.199  
[2015/11/20 18:31:57 226] transport  1138 [soc] connect   116.213.69.199  80  
[2015/11/20 18:31:57 226] transport  1155 mspsoc.open,prot_type=  tcp  
[2015/11/20 18:31:57 227] transport  539  MSC:[soc] [7] error 10202 10065!  
[2015/11/20 18:31:57 227] transport  545  socket_notify_handler, try2conn_times =  3  
[2015/11/20 18:31:57 227] transport  319  soc_conn_failed  
[2015/11/20 18:31:57 227] network    89   iptoenv ,  ipcache  dev.voicecloud.cn  def  nil  
[2015/11/20 18:31:57 229] transport  388  switch 80  
[2015/11/20 18:31:57 229] transport  1170 [soc] disconnect   
[2015/11/20 18:31:57 428] transport  1071 ns_enable =  0  
[2015/11/20 18:31:57 428] transport  293  [dns] [7] failed! 10214  
[2015/11/20 18:31:57 430] network    84   ipfromenv ,  ipcache  dev.voicecloud.cn  def  nil  
[2015/11/20 18:31:57 430] network    84   ipfromenv ,  ipcfg  dev.voicecloud.cn  def  116.213.69.199  
[2015/11/20 18:31:57 430] transport  1138 [soc] connect   116.213.69.199  80  
[2015/11/20 18:31:57 430] transport  1155 mspsoc.open,prot_type=  tcp  
[2015/11/20 18:31:57 431] transport  539  MSC:[soc] [7] error 10202 10065!  
[2015/11/20 18:31:57 431] transport  545  socket_notify_handler, try2conn_times =  3  
[2015/11/20 18:31:57 431] transport  319  soc_conn_failed  
[2015/11/20 18:31:57 431] network    89   iptoenv ,  ipcache  dev.voicecloud.cn  def  nil  
[2015/11/20 18:31:57 431] transport  388  switch 80  
[2015/11/20 18:31:57 433] transport  1170 [soc] disconnect   
[2015/11/20 18:31:57 625] transport  1071 ns_enable =  0  
[2015/11/20 18:31:57 625] transport  293  [dns] [7] failed! 10214  
[2015/11/20 18:31:57 625] network    84   ipfromenv ,  ipcache  dev.voicecloud.cn  def  nil  
[2015/11/20 18:31:57 625] network    84   ipfromenv ,  ipcfg  dev.voicecloud.cn  def  116.213.69.199  
[2015/11/20 18:31:57 625] transport  1138 [soc] connect   116.213.69.199  80  
[2015/11/20 18:31:57 625] transport  1155 mspsoc.open,prot_type=  tcp  
[2015/11/20 18:31:57 627] transport  539  MSC:[soc] [7] error 10202 10065!  
[2015/11/20 18:31:57 627] transport  545  socket_notify_handler, try2conn_times =  3  
[2015/11/20 18:31:57 628] transport  319  soc_conn_failed  
[2015/11/20 18:31:57 628] network    89   iptoenv ,  ipcache  dev.voicecloud.cn  def  nil  
[2015/11/20 18:31:57 628] transport  388  switch 80  
[2015/11/20 18:31:57 628] transport  1170 [soc] disconnect   
[2015/11/20 18:31:57 828] transport  1071 ns_enable =  0  
[2015/11/20 18:31:57 828] transport  293  [dns] [7] failed! 10214  
[2015/11/20 18:31:57 828] network    84   ipfromenv ,  ipcache  dev.voicecloud.cn  def  nil  
[2015/11/20 18:31:57 828] network    84   ipfromenv ,  ipcfg  dev.voicecloud.cn  def  116.213.69.199  
[2015/11/20 18:31:57 828] transport  1138 [soc] connect   116.213.69.199  80  
[2015/11/20 18:31:57 828] transport  1155 mspsoc.open,prot_type=  tcp  
[2015/11/20 18:31:57 829] transport  539  MSC:[soc] [7] error 10202 10065!  
[2015/11/20 18:31:57 829] transport  545  socket_notify_handler, try2conn_times =  3  
[2015/11/20 18:31:57 829] transport  319  soc_conn_failed  
[2015/11/20 18:31:57 829] network    89   iptoenv ,  ipcache  dev.voicecloud.cn  def  nil  
[2015/11/20 18:31:57 831] transport  388  switch 80  
[2015/11/20 18:31:57 831] transport  1170 [soc] disconnect   
[2015/11/20 18:31:58 033] transport  1071 ns_enable =  0  
[2015/11/20 18:31:58 033] transport  293  [dns] [7] failed! 10214  
[2015/11/20 18:31:58 033] network    84   ipfromenv ,  ipcache  dev.voicecloud.cn  def  nil  
[2015/11/20 18:31:58 035] network    84   ipfromenv ,  ipcfg  dev.voicecloud.cn  def  116.213.69.199  
[2015/11/20 18:31:58 035] transport  1138 [soc] connect   116.213.69.199  80  
[2015/11/20 18:31:58 035] transport  1155 mspsoc.open,prot_type=  tcp  
[2015/11/20 18:31:58 036] transport  539  MSC:[soc] [7] error 10202 10065!  
[2015/11/20 18:31:58 036] transport  545  socket_notify_handler, try2conn_times =  3  
[2015/11/20 18:31:58 036] transport  319  soc_conn_failed  
[2015/11/20 18:31:58 036] network    89   iptoenv ,  ipcache  dev.voicecloud.cn  def  nil  
[2015/11/20 18:31:58 036] transport  388  switch 80  
[2015/11/20 18:31:58 036] transport  1170 [soc] disconnect   
[2015/11/20 18:31:58 243] transport  1071 ns_enable =  0  
[2015/11/20 18:31:58 243] transport  293  [dns] [7] failed! 10214  
[2015/11/20 18:31:58 244] network    84   ipfromenv ,  ipcache  dev.voicecloud.cn  def  nil  
[2015/11/20 18:31:58 244] network    84   ipfromenv ,  ipcfg  dev.voicecloud.cn  def  116.213.69.199  
[2015/11/20 18:31:58 244] transport  1138 [soc] connect   116.213.69.199  80  
[2015/11/20 18:31:58 244] transport  1155 mspsoc.open,prot_type=  tcp  
[2015/11/20 18:31:58 246] transport  539  MSC:[soc] [7] error 10202 10065!  
[2015/11/20 18:31:58 246] transport  545  socket_notify_handler, try2conn_times =  2  
[2015/11/20 18:31:58 246] transport  319  soc_conn_failed  
[2015/11/20 18:31:58 246] network    89   iptoenv ,  ipcache  dev.voicecloud.cn  def  nil  
[2015/11/20 18:31:58 246] transport  388  switch 80  
[2015/11/20 18:31:58 246] transport  1170 [soc] disconnect   
[2015/11/20 18:31:58 447] transport  1071 ns_enable =  0  
[2015/11/20 18:31:58 447] transport  293  [dns] [7] failed! 10214  
[2015/11/20 18:31:58 448] network    84   ipfromenv ,  ipcache  dev.voicecloud.cn  def  nil  
[2015/11/20 18:31:58 448] network    84   ipfromenv ,  ipcfg  dev.voicecloud.cn  def  116.213.69.199  
[2015/11/20 18:31:58 448] transport  1138 [soc] connect   116.213.69.199  80  
[2015/11/20 18:31:58 448] transport  1155 mspsoc.open,prot_type=  tcp  
[2015/11/20 18:31:58 460] transport  539  MSC:[soc] [7] error 10202 10065!  
[2015/11/20 18:31:58 460] transport  545  socket_notify_handler, try2conn_times =  1  
[2015/11/20 18:31:58 460] transport  319  soc_conn_failed  
[2015/11/20 18:31:58 460] network    89   iptoenv ,  ipcache  dev.voicecloud.cn  def  nil  
[2015/11/20 18:31:58 460] transport  388  switch 80  
[2015/11/20 18:31:58 460] transport  1170 [soc] disconnect   
[2015/11/20 18:31:58 460] transport  49   throw_exception  10202  10065  MSC:[soc] [7] error 10202 10065!  
[2015/11/20 18:31:58 460] isr_1conn  739  transport exception  10202  slave  
[2015/11/20 18:31:58 460] network    84   ipfromenv ,  ipcache  dev.voicecloud.cn  def  nil  
[2015/11/20 18:31:58 460] transport  1170 [soc] disconnect   
[2015/11/20 18:31:58 460] transport  1071 ns_enable =  0  
[2015/11/20 18:31:58 461] transport  293  [dns] [8] failed! 10214  
[2015/11/20 18:31:58 463] network    84   ipfromenv ,  ipcache  dev.voicecloud.cn  def  nil  
[2015/11/20 18:31:58 463] network    84   ipfromenv ,  ipcfg  dev.voicecloud.cn  def  116.213.69.199  
[2015/11/20 18:31:58 463] transport  1138 [soc] connect   116.213.69.199  80  
[2015/11/20 18:31:58 463] transport  1155 mspsoc.open,prot_type=  tcp  
[2015/11/20 18:31:58 473] transport  539  MSC:[soc] [8] error 10202 10065!  
[2015/11/20 18:31:58 473] transport  545  socket_notify_handler, try2conn_times =  3  
[2015/11/20 18:31:58 473] transport  319  soc_conn_failed  
[2015/11/20 18:31:58 473] network    89   iptoenv ,  ipcache  dev.voicecloud.cn  def  nil  
[2015/11/20 18:31:58 474] transport  388  switch 80  
[2015/11/20 18:31:58 474] transport  1170 [soc] disconnect   
[2015/11/20 18:31:58 674] transport  1071 ns_enable =  0  
[2015/11/20 18:31:58 674] transport  293  [dns] [8] failed! 10214  
[2015/11/20 18:31:58 675] network    84   ipfromenv ,  ipcache  dev.voicecloud.cn  def  nil  
[2015/11/20 18:31:58 675] network    84   ipfromenv ,  ipcfg  dev.voicecloud.cn  def  116.213.69.199  
[2015/11/20 18:31:58 675] transport  1138 [soc] connect   116.213.69.199  80  
[2015/11/20 18:31:58 675] transport  1155 mspsoc.open,prot_type=  tcp  
[2015/11/20 18:31:58 677] transport  539  MSC:[soc] [8] error 10202 10065!  
[2015/11/20 18:31:58 677] transport  545  socket_notify_handler, try2conn_times =  3  
[2015/11/20 18:31:58 677] transport  319  soc_conn_failed  
[2015/11/20 18:31:58 677] network    89   iptoenv ,  ipcache  dev.voicecloud.cn  def  nil  
[2015/11/20 18:31:58 677] transport  388  switch 80  
[2015/11/20 18:31:58 677] transport  1170 [soc] disconnect   
[2015/11/20 18:31:58 875] transport  1071 ns_enable =  0  
[2015/11/20 18:31:58 875] transport  293  [dns] [8] failed! 10214  
[2015/11/20 18:31:58 877] network    84   ipfromenv ,  ipcache  dev.voicecloud.cn  def  nil  
[2015/11/20 18:31:58 877] network    84   ipfromenv ,  ipcfg  dev.voicecloud.cn  def  116.213.69.199  
[2015/11/20 18:31:58 877] transport  1138 [soc] connect   116.213.69.199  80  
[2015/11/20 18:31:58 877] transport  1155 mspsoc.open,prot_type=  tcp  
[2015/11/20 18:31:58 878] transport  539  MSC:[soc] [8] error 10202 10065!  
[2015/11/20 18:31:58 878] transport  545  socket_notify_handler, try2conn_times =  3  
[2015/11/20 18:31:58 878] transport  319  soc_conn_failed  
[2015/11/20 18:31:58 878] network    89   iptoenv ,  ipcache  dev.voicecloud.cn  def  nil  
[2015/11/20 18:31:58 878] transport  388  switch 80  
[2015/11/20 18:31:58 878] transport  1170 [soc] disconnect   
[2015/11/20 18:31:59 075] transport  1071 ns_enable =  0  
[2015/11/20 18:31:59 075] transport  293  [dns] [8] failed! 10214  
[2015/11/20 18:31:59 076] network    84   ipfromenv ,  ipcache  dev.voicecloud.cn  def  nil  
[2015/11/20 18:31:59 076] network    84   ipfromenv ,  ipcfg  dev.voicecloud.cn  def  116.213.69.199  
[2015/11/20 18:31:59 076] transport  1138 [soc] connect   116.213.69.199  80  
[2015/11/20 18:31:59 076] transport  1155 mspsoc.open,prot_type=  tcp  
[2015/11/20 18:31:59 078] transport  539  MSC:[soc] [8] error 10202 10065!  
[2015/11/20 18:31:59 078] transport  545  socket_notify_handler, try2conn_times =  3  
[2015/11/20 18:31:59 078] transport  319  soc_conn_failed  
[2015/11/20 18:31:59 078] network    89   iptoenv ,  ipcache  dev.voicecloud.cn  def  nil  
[2015/11/20 18:31:59 078] transport  388  switch 80  
[2015/11/20 18:31:59 078] transport  1170 [soc] disconnect   
[2015/11/20 18:31:59 287] transport  1071 ns_enable =  0  
[2015/11/20 18:31:59 287] transport  293  [dns] [8] failed! 10214  
[2015/11/20 18:31:59 289] network    84   ipfromenv ,  ipcache  dev.voicecloud.cn  def  nil  
[2015/11/20 18:31:59 289] network    84   ipfromenv ,  ipcfg  dev.voicecloud.cn  def  116.213.69.199  
[2015/11/20 18:31:59 289] transport  1138 [soc] connect   116.213.69.199  80  
[2015/11/20 18:31:59 289] transport  1155 mspsoc.open,prot_type=  tcp  
[2015/11/20 18:31:59 289] transport  539  MSC:[soc] [8] error 10202 10065!  
[2015/11/20 18:31:59 290] transport  545  socket_notify_handler, try2conn_times =  3  
[2015/11/20 18:31:59 290] transport  319  soc_conn_failed  
[2015/11/20 18:31:59 290] network    89   iptoenv ,  ipcache  dev.voicecloud.cn  def  nil  
[2015/11/20 18:31:59 290] transport  388  switch 80  
[2015/11/20 18:31:59 290] transport  1170 [soc] disconnect   
[2015/11/20 18:31:59 483] transport  1071 ns_enable =  0  
[2015/11/20 18:31:59 486] transport  293  [dns] [8] failed! 10214  
[2015/11/20 18:31:59 487] network    84   ipfromenv ,  ipcache  dev.voicecloud.cn  def  nil  
[2015/11/20 18:31:59 490] network    84   ipfromenv ,  ipcfg  dev.voicecloud.cn  def  116.213.69.199  
[2015/11/20 18:31:59 490] transport  1138 [soc] connect   116.213.69.199  80  
[2015/11/20 18:31:59 490] transport  1155 mspsoc.open,prot_type=  tcp  
[2015/11/20 18:31:59 490] transport  539  MSC:[soc] [8] error 10202 10065!  
[2015/11/20 18:31:59 491] transport  545  socket_notify_handler, try2conn_times =  3  
[2015/11/20 18:31:59 491] transport  319  soc_conn_failed  
[2015/11/20 18:31:59 491] network    89   iptoenv ,  ipcache  dev.voicecloud.cn  def  nil  
[2015/11/20 18:31:59 493] transport  388  switch 80  
[2015/11/20 18:31:59 493] transport  1170 [soc] disconnect   
[2015/11/20 18:31:59 695] transport  1071 ns_enable =  0  
[2015/11/20 18:31:59 695] transport  293  [dns] [8] failed! 10214  
[2015/11/20 18:31:59 697] network    84   ipfromenv ,  ipcache  dev.voicecloud.cn  def  nil  
[2015/11/20 18:31:59 697] network    84   ipfromenv ,  ipcfg  dev.voicecloud.cn  def  116.213.69.199  
[2015/11/20 18:31:59 697] transport  1138 [soc] connect   116.213.69.199  80  
[2015/11/20 18:31:59 697] transport  1155 mspsoc.open,prot_type=  tcp  
[2015/11/20 18:31:59 697] transport  539  MSC:[soc] [8] error 10202 10065!  
[2015/11/20 18:31:59 697] transport  545  socket_notify_handler, try2conn_times =  3  
[2015/11/20 18:31:59 697] transport  319  soc_conn_failed  
[2015/11/20 18:31:59 697] network    89   iptoenv ,  ipcache  dev.voicecloud.cn  def  nil  
[2015/11/20 18:31:59 698] transport  388  switch 80  
[2015/11/20 18:31:59 698] transport  1170 [soc] disconnect   
[2015/11/20 18:31:59 898] transport  1071 ns_enable =  0  
[2015/11/20 18:31:59 898] transport  293  [dns] [8] failed! 10214  
[2015/11/20 18:31:59 900] network    84   ipfromenv ,  ipcache  dev.voicecloud.cn  def  nil  
[2015/11/20 18:31:59 900] network    84   ipfromenv ,  ipcfg  dev.voicecloud.cn  def  116.213.69.199  
[2015/11/20 18:31:59 900] transport  1138 [soc] connect   116.213.69.199  80  
[2015/11/20 18:31:59 900] transport  1155 mspsoc.open,prot_type=  tcp  
[2015/11/20 18:31:59 901] transport  539  MSC:[soc] [8] error 10202 10065!  
[2015/11/20 18:31:59 901] transport  545  socket_notify_handler, try2conn_times =  3  
[2015/11/20 18:31:59 901] transport  319  soc_conn_failed  
[2015/11/20 18:31:59 901] network    89   iptoenv ,  ipcache  dev.voicecloud.cn  def  nil  
[2015/11/20 18:31:59 901] transport  388  switch 80  
[2015/11/20 18:31:59 901] transport  1170 [soc] disconnect   
[2015/11/20 18:32:00 095] transport  1071 ns_enable =  0  
[2015/11/20 18:32:00 096] transport  293  [dns] [8] failed! 10214  
[2015/11/20 18:32:00 098] network    84   ipfromenv ,  ipcache  dev.voicecloud.cn  def  nil  
[2015/11/20 18:32:00 102] network    84   ipfromenv ,  ipcfg  dev.voicecloud.cn  def  116.213.69.199  
[2015/11/20 18:32:00 102] transport  1138 [soc] connect   116.213.69.199  80  
[2015/11/20 18:32:00 102] transport  1155 mspsoc.open,prot_type=  tcp  
[2015/11/20 18:32:00 106] transport  539  MSC:[soc] [8] error 10202 10065!  
[2015/11/20 18:32:00 106] transport  545  socket_notify_handler, try2conn_times =  3  
[2015/11/20 18:32:00 106] transport  319  soc_conn_failed  
[2015/11/20 18:32:00 106] network    89   iptoenv ,  ipcache  dev.voicecloud.cn  def  nil  
[2015/11/20 18:32:00 108] transport  388  switch 80  
[2015/11/20 18:32:00 108] transport  1170 [soc] disconnect   
[2015/11/20 18:32:00 322] transport  1071 ns_enable =  0  
[2015/11/20 18:32:00 322] transport  293  [dns] [8] failed! 10214  
[2015/11/20 18:32:00 322] network    84   ipfromenv ,  ipcache  dev.voicecloud.cn  def  nil  
[2015/11/20 18:32:00 323] network    84   ipfromenv ,  ipcfg  dev.voicecloud.cn  def  116.213.69.199  
[2015/11/20 18:32:00 323] transport  1138 [soc] connect   116.213.69.199  80  
[2015/11/20 18:32:00 323] transport  1155 mspsoc.open,prot_type=  tcp  
[2015/11/20 18:32:00 325] transport  539  MSC:[soc] [8] error 10202 10065!  
[2015/11/20 18:32:00 325] transport  545  socket_notify_handler, try2conn_times =  3  
[2015/11/20 18:32:00 325] transport  319  soc_conn_failed  
[2015/11/20 18:32:00 325] network    89   iptoenv ,  ipcache  dev.voicecloud.cn  def  nil  
[2015/11/20 18:32:00 325] transport  388  switch 80  
[2015/11/20 18:32:00 325] transport  1170 [soc] disconnect   
[2015/11/20 18:32:00 530] transport  1071 ns_enable =  0  
[2015/11/20 18:32:00 572] transport  293  [dns] [8] failed! 10214  
[2015/11/20 18:32:00 572] network    84   ipfromenv ,  ipcache  dev.voicecloud.cn  def  nil  
[2015/11/20 18:32:00 572] network    84   ipfromenv ,  ipcfg  dev.voicecloud.cn  def  116.213.69.199  
[2015/11/20 18:32:00 573] transport  1138 [soc] connect   116.213.69.199  80  
[2015/11/20 18:32:00 573] transport  1155 mspsoc.open,prot_type=  tcp  
[2015/11/20 18:32:00 576] transport  539  MSC:[soc] [8] error 10202 10065!  
[2015/11/20 18:32:00 576] transport  545  socket_notify_handler, try2conn_times =  3  
[2015/11/20 18:32:00 576] transport  319  soc_conn_failed  
[2015/11/20 18:32:00 576] network    89   iptoenv ,  ipcache  dev.voicecloud.cn  def  nil  
[2015/11/20 18:32:00 578] transport  388  switch 80  
[2015/11/20 18:32:00 578] transport  1170 [soc] disconnect   
[2015/11/20 18:32:00 789] transport  1071 ns_enable =  0  
[2015/11/20 18:32:00 789] transport  293  [dns] [8] failed! 10214  
[2015/11/20 18:32:00 789] network    84   ipfromenv ,  ipcache  dev.voicecloud.cn  def  nil  
[2015/11/20 18:32:00 790] network    84   ipfromenv ,  ipcfg  dev.voicecloud.cn  def  116.213.69.199  
[2015/11/20 18:32:00 790] transport  1138 [soc] connect   116.213.69.199  80  
[2015/11/20 18:32:00 790] transport  1155 mspsoc.open,prot_type=  tcp  
[2015/11/20 18:32:00 792] transport  539  MSC:[soc] [8] error 10202 10065!  
[2015/11/20 18:32:00 792] transport  545  socket_notify_handler, try2conn_times =  3  
[2015/11/20 18:32:00 792] transport  319  soc_conn_failed  
[2015/11/20 18:32:00 792] network    89   iptoenv ,  ipcache  dev.voicecloud.cn  def  nil  
[2015/11/20 18:32:00 792] transport  388  switch 80  
[2015/11/20 18:32:00 792] transport  1170 [soc] disconnect   
[2015/11/20 18:32:01 006] transport  1071 ns_enable =  0  
[2015/11/20 18:32:01 006] transport  293  [dns] [8] failed! 10214  
[2015/11/20 18:32:01 006] network    84   ipfromenv ,  ipcache  dev.voicecloud.cn  def  nil  
[2015/11/20 18:32:01 006] network    84   ipfromenv ,  ipcfg  dev.voicecloud.cn  def  116.213.69.199  
[2015/11/20 18:32:01 006] transport  1138 [soc] connect   116.213.69.199  80  
[2015/11/20 18:32:01 006] transport  1155 mspsoc.open,prot_type=  tcp  
[2015/11/20 18:32:01 007] transport  539  MSC:[soc] [8] error 10202 10065!  
[2015/11/20 18:32:01 007] transport  545  socket_notify_handler, try2conn_times =  3  
[2015/11/20 18:32:01 007] transport  319  soc_conn_failed  
[2015/11/20 18:32:01 007] network    89   iptoenv ,  ipcache  dev.voicecloud.cn  def  nil  
[2015/11/20 18:32:01 009] transport  388  switch 80  
[2015/11/20 18:32:01 009] transport  1170 [soc] disconnect   
[2015/11/20 18:32:01 208] transport  1071 ns_enable =  0  
[2015/11/20 18:32:01 208] transport  293  [dns] [8] failed! 10214  
[2015/11/20 18:32:01 210] network    84   ipfromenv ,  ipcache  dev.voicecloud.cn  def  nil  
[2015/11/20 18:32:01 210] network    84   ipfromenv ,  ipcfg  dev.voicecloud.cn  def  116.213.69.199  
[2015/11/20 18:32:01 210] transport  1138 [soc] connect   116.213.69.199  80  
[2015/11/20 18:32:01 210] transport  1155 mspsoc.open,prot_type=  tcp  
[2015/11/20 18:32:01 210] transport  539  MSC:[soc] [8] error 10202 10065!  
[2015/11/20 18:32:01 211] transport  545  socket_notify_handler, try2conn_times =  3  
[2015/11/20 18:32:01 211] transport  319  soc_conn_failed  
[2015/11/20 18:32:01 211] network    89   iptoenv ,  ipcache  dev.voicecloud.cn  def  nil  
[2015/11/20 18:32:01 211] transport  388  switch 80  
[2015/11/20 18:32:01 211] transport  1170 [soc] disconnect   
[2015/11/20 18:32:01 404] transport  1071 ns_enable =  0  
[2015/11/20 18:32:01 404] transport  293  [dns] [8] failed! 10214  
[2015/11/20 18:32:01 404] network    84   ipfromenv ,  ipcache  dev.voicecloud.cn  def  nil  
[2015/11/20 18:32:01 404] network    84   ipfromenv ,  ipcfg  dev.voicecloud.cn  def  116.213.69.199  
[2015/11/20 18:32:01 404] transport  1138 [soc] connect   116.213.69.199  80  
[2015/11/20 18:32:01 404] transport  1155 mspsoc.open,prot_type=  tcp  
[2015/11/20 18:32:01 405] transport  539  MSC:[soc] [8] error 10202 10065!  
[2015/11/20 18:32:01 405] transport  545  socket_notify_handler, try2conn_times =  3  
[2015/11/20 18:32:01 405] transport  319  soc_conn_failed  
[2015/11/20 18:32:01 405] network    89   iptoenv ,  ipcache  dev.voicecloud.cn  def  nil  
[2015/11/20 18:32:01 407] transport  388  switch 80  
[2015/11/20 18:32:01 407] transport  1170 [soc] disconnect   
[2015/11/20 18:32:01 615] transport  1071 ns_enable =  0  
[2015/11/20 18:32:01 615] transport  293  [dns] [8] failed! 10214  
[2015/11/20 18:32:01 615] network    84   ipfromenv ,  ipcache  dev.voicecloud.cn  def  nil  
[2015/11/20 18:32:01 616] network    84   ipfromenv ,  ipcfg  dev.voicecloud.cn  def  116.213.69.199  
[2015/11/20 18:32:01 616] transport  1138 [soc] connect   116.213.69.199  80  
[2015/11/20 18:32:01 616] transport  1155 mspsoc.open,prot_type=  tcp  
[2015/11/20 18:32:01 618] transport  539  MSC:[soc] [8] error 10202 10065!  
[2015/11/20 18:32:01 618] transport  545  socket_notify_handler, try2conn_times =  3  
[2015/11/20 18:32:01 618] transport  319  soc_conn_failed  
[2015/11/20 18:32:01 618] network    89   iptoenv ,  ipcache  dev.voicecloud.cn  def  nil  
[2015/11/20 18:32:01 618] transport  388  switch 80  
[2015/11/20 18:32:01 618] transport  1170 [soc] disconnect   
[2015/11/20 18:32:01 832] transport  1071 ns_enable =  0  
[2015/11/20 18:32:01 832] transport  293  [dns] [8] failed! 10214  
[2015/11/20 18:32:01 832] network    84   ipfromenv ,  ipcache  dev.voicecloud.cn  def  nil  
[2015/11/20 18:32:01 832] network    84   ipfromenv ,  ipcfg  dev.voicecloud.cn  def  116.213.69.199  
[2015/11/20 18:32:01 832] transport  1138 [soc] connect   116.213.69.199  80  
[2015/11/20 18:32:01 832] transport  1155 mspsoc.open,prot_type=  tcp  
[2015/11/20 18:32:01 833] transport  539  MSC:[soc] [8] error 10202 10065!  
[2015/11/20 18:32:01 833] transport  545  socket_notify_handler, try2conn_times =  3  
[2015/11/20 18:32:01 833] transport  319  soc_conn_failed  
[2015/11/20 18:32:01 833] network    89   iptoenv ,  ipcache  dev.voicecloud.cn  def  nil  
[2015/11/20 18:32:01 833] transport  388  switch 80  
[2015/11/20 18:32:01 833] transport  1170 [soc] disconnect   
[2015/11/20 18:32:02 035] transport  1071 ns_enable =  0  
[2015/11/20 18:32:02 035] transport  293  [dns] [8] failed! 10214  
[2015/11/20 18:32:02 036] network    84   ipfromenv ,  ipcache  dev.voicecloud.cn  def  nil  
[2015/11/20 18:32:02 036] network    84   ipfromenv ,  ipcfg  dev.voicecloud.cn  def  116.213.69.199  
[2015/11/20 18:32:02 036] transport  1138 [soc] connect   116.213.69.199  80  
[2015/11/20 18:32:02 036] transport  1155 mspsoc.open,prot_type=  tcp  
[2015/11/20 18:32:02 036] transport  539  MSC:[soc] [8] error 10202 10065!  
[2015/11/20 18:32:02 036] transport  545  socket_notify_handler, try2conn_times =  3  
[2015/11/20 18:32:02 036] transport  319  soc_conn_failed  
[2015/11/20 18:32:02 036] network    89   iptoenv ,  ipcache  dev.voicecloud.cn  def  nil  
[2015/11/20 18:32:02 036] transport  388  switch 80  
[2015/11/20 18:32:02 036] transport  1170 [soc] disconnect   
[2015/11/20 18:32:02 226] transport  1071 ns_enable =  0  
[2015/11/20 18:32:02 226] transport  293  [dns] [8] failed! 10214  
[2015/11/20 18:32:02 227] network    84   ipfromenv ,  ipcache  dev.voicecloud.cn  def  nil  
[2015/11/20 18:32:02 229] network    84   ipfromenv ,  ipcfg  dev.voicecloud.cn  def  116.213.69.199  
[2015/11/20 18:32:02 229] transport  1138 [soc] connect   116.213.69.199  80  
[2015/11/20 18:32:02 229] transport  1155 mspsoc.open,prot_type=  tcp  
[2015/11/20 18:32:02 230] transport  539  MSC:[soc] [8] error 10202 10065!  
[2015/11/20 18:32:02 230] transport  545  socket_notify_handler, try2conn_times =  3  
[2015/11/20 18:32:02 230] transport  319  soc_conn_failed  
[2015/11/20 18:32:02 230] network    89   iptoenv ,  ipcache  dev.voicecloud.cn  def  nil  
[2015/11/20 18:32:02 230] transport  388  switch 80  
[2015/11/20 18:32:02 230] transport  1170 [soc] disconnect   
[2015/11/20 18:32:02 430] transport  1071 ns_enable =  0  
[2015/11/20 18:32:02 430] transport  293  [dns] [8] failed! 10214  
[2015/11/20 18:32:02 430] network    84   ipfromenv ,  ipcache  dev.voicecloud.cn  def  nil  
[2015/11/20 18:32:02 430] network    84   ipfromenv ,  ipcfg  dev.voicecloud.cn  def  116.213.69.199  
[2015/11/20 18:32:02 431] transport  1138 [soc] connect   116.213.69.199  80  
[2015/11/20 18:32:02 431] transport  1155 mspsoc.open,prot_type=  tcp  
[2015/11/20 18:32:02 431] transport  539  MSC:[soc] [8] error 10202 10065!  
[2015/11/20 18:32:02 431] transport  545  socket_notify_handler, try2conn_times =  3  
[2015/11/20 18:32:02 431] transport  319  soc_conn_failed  
[2015/11/20 18:32:02 431] network    89   iptoenv ,  ipcache  dev.voicecloud.cn  def  nil  
[2015/11/20 18:32:02 433] transport  388  switch 80  
[2015/11/20 18:32:02 433] transport  1170 [soc] disconnect   
[2015/11/20 18:32:02 641] transport  1071 ns_enable =  0  
[2015/11/20 18:32:02 641] transport  293  [dns] [8] failed! 10214  
[2015/11/20 18:32:02 641] network    84   ipfromenv ,  ipcache  dev.voicecloud.cn  def  nil  
[2015/11/20 18:32:02 641] network    84   ipfromenv ,  ipcfg  dev.voicecloud.cn  def  116.213.69.199  
[2015/11/20 18:32:02 642] transport  1138 [soc] connect   116.213.69.199  80  
[2015/11/20 18:32:02 642] transport  1155 mspsoc.open,prot_type=  tcp  
[2015/11/20 18:32:02 642] transport  539  MSC:[soc] [8] error 10202 10065!  
[2015/11/20 18:32:02 644] transport  545  socket_notify_handler, try2conn_times =  3  
[2015/11/20 18:32:02 644] transport  319  soc_conn_failed  
[2015/11/20 18:32:02 644] network    89   iptoenv ,  ipcache  dev.voicecloud.cn  def  nil  
[2015/11/20 18:32:02 644] transport  388  switch 80  
[2015/11/20 18:32:02 644] transport  1170 [soc] disconnect   
[2015/11/20 18:32:02 848] transport  1071 ns_enable =  0  
[2015/11/20 18:32:02 848] transport  293  [dns] [8] failed! 10214  
[2015/11/20 18:32:02 848] network    84   ipfromenv ,  ipcache  dev.voicecloud.cn  def  nil  
[2015/11/20 18:32:02 848] network    84   ipfromenv ,  ipcfg  dev.voicecloud.cn  def  116.213.69.199  
[2015/11/20 18:32:02 848] transport  1138 [soc] connect   116.213.69.199  80  
[2015/11/20 18:32:02 848] transport  1155 mspsoc.open,prot_type=  tcp  
[2015/11/20 18:32:02 849] transport  539  MSC:[soc] [8] error 10202 10065!  
[2015/11/20 18:32:02 849] transport  545  socket_notify_handler, try2conn_times =  3  
[2015/11/20 18:32:02 849] transport  319  soc_conn_failed  
[2015/11/20 18:32:02 849] network    89   iptoenv ,  ipcache  dev.voicecloud.cn  def  nil  
[2015/11/20 18:32:02 851] transport  388  switch 80  
[2015/11/20 18:32:02 851] transport  1170 [soc] disconnect   
[2015/11/20 18:32:03 055] transport  1071 ns_enable =  0  
[2015/11/20 18:32:03 056] transport  293  [dns] [8] failed! 10214  
[2015/11/20 18:32:03 056] network    84   ipfromenv ,  ipcache  dev.voicecloud.cn  def  nil  
[2015/11/20 18:32:03 058] network    84   ipfromenv ,  ipcfg  dev.voicecloud.cn  def  116.213.69.199  
[2015/11/20 18:32:03 058] transport  1138 [soc] connect   116.213.69.199  80  
[2015/11/20 18:32:03 058] transport  1155 mspsoc.open,prot_type=  tcp  
[2015/11/20 18:32:03 059] transport  539  MSC:[soc] [8] error 10202 10065!  
[2015/11/20 18:32:03 059] transport  545  socket_notify_handler, try2conn_times =  3  
[2015/11/20 18:32:03 059] transport  319  soc_conn_failed  
[2015/11/20 18:32:03 059] network    89   iptoenv ,  ipcache  dev.voicecloud.cn  def  nil  
[2015/11/20 18:32:03 059] transport  388  switch 80  
[2015/11/20 18:32:03 059] transport  1170 [soc] disconnect   
[2015/11/20 18:32:03 266] transport  1071 ns_enable =  0  
[2015/11/20 18:32:03 266] transport  293  [dns] [8] failed! 10214  
[2015/11/20 18:32:03 266] network    84   ipfromenv ,  ipcache  dev.voicecloud.cn  def  nil  
[2015/11/20 18:32:03 266] network    84   ipfromenv ,  ipcfg  dev.voicecloud.cn  def  116.213.69.199  
[2015/11/20 18:32:03 266] transport  1138 [soc] connect   116.213.69.199  80  
[2015/11/20 18:32:03 266] transport  1155 mspsoc.open,prot_type=  tcp  
[2015/11/20 18:32:03 267] transport  539  MSC:[soc] [8] error 10202 10065!  
[2015/11/20 18:32:03 267] transport  545  socket_notify_handler, try2conn_times =  3  
[2015/11/20 18:32:03 267] transport  319  soc_conn_failed  
[2015/11/20 18:32:03 267] network    89   iptoenv ,  ipcache  dev.voicecloud.cn  def  nil  
[2015/11/20 18:32:03 269] transport  388  switch 80  
[2015/11/20 18:32:03 269] transport  1170 [soc] disconnect   
[2015/11/20 18:32:03 460] transport  1071 ns_enable =  0  
[2015/11/20 18:32:03 460] transport  293  [dns] [8] failed! 10214  
[2015/11/20 18:32:03 460] network    84   ipfromenv ,  ipcache  dev.voicecloud.cn  def  nil  
[2015/11/20 18:32:03 460] network    84   ipfromenv ,  ipcfg  dev.voicecloud.cn  def  116.213.69.199  
[2015/11/20 18:32:03 460] transport  1138 [soc] connect   116.213.69.199  80  
[2015/11/20 18:32:03 460] transport  1155 mspsoc.open,prot_type=  tcp  
[2015/11/20 18:32:03 461] transport  539  MSC:[soc] [8] error 10202 10065!  
[2015/11/20 18:32:03 461] transport  545  socket_notify_handler, try2conn_times =  3  
[2015/11/20 18:32:03 463] transport  319  soc_conn_failed  
[2015/11/20 18:32:03 463] network    89   iptoenv ,  ipcache  dev.voicecloud.cn  def  nil  
[2015/11/20 18:32:03 463] transport  388  switch 80  
[2015/11/20 18:32:03 463] transport  1170 [soc] disconnect   
[2015/11/20 18:32:03 662] transport  1071 ns_enable =  0  
[2015/11/20 18:32:03 662] transport  293  [dns] [8] failed! 10214  
[2015/11/20 18:32:03 664] network    84   ipfromenv ,  ipcache  dev.voicecloud.cn  def  nil  
[2015/11/20 18:32:03 664] network    84   ipfromenv ,  ipcfg  dev.voicecloud.cn  def  116.213.69.199  
[2015/11/20 18:32:03 664] transport  1138 [soc] connect   116.213.69.199  80  
[2015/11/20 18:32:03 664] transport  1155 mspsoc.open,prot_type=  tcp  
[2015/11/20 18:32:03 664] transport  539  MSC:[soc] [8] error 10202 10065!  
[2015/11/20 18:32:03 664] transport  545  socket_notify_handler, try2conn_times =  3  
[2015/11/20 18:32:03 665] transport  319  soc_conn_failed  
[2015/11/20 18:32:03 665] network    89   iptoenv ,  ipcache  dev.voicecloud.cn  def  nil  
[2015/11/20 18:32:03 665] transport  388  switch 80  
[2015/11/20 18:32:03 665] transport  1170 [soc] disconnect   
[2015/11/20 18:32:03 865] transport  1071 ns_enable =  0  
[2015/11/20 18:32:03 865] transport  293  [dns] [8] failed! 10214  
[2015/11/20 18:32:03 865] network    84   ipfromenv ,  ipcache  dev.voicecloud.cn  def  nil  
[2015/11/20 18:32:03 866] network    84   ipfromenv ,  ipcfg  dev.voicecloud.cn  def  116.213.69.199  
[2015/11/20 18:32:03 866] transport  1138 [soc] connect   116.213.69.199  80  
[2015/11/20 18:32:03 866] transport  1155 mspsoc.open,prot_type=  tcp  
[2015/11/20 18:32:03 868] transport  539  MSC:[soc] [8] error 10202 10065!  
[2015/11/20 18:32:03 868] transport  545  socket_notify_handler, try2conn_times =  2  
[2015/11/20 18:32:03 868] transport  319  soc_conn_failed  
[2015/11/20 18:32:03 868] network    89   iptoenv ,  ipcache  dev.voicecloud.cn  def  nil  
[2015/11/20 18:32:03 868] transport  388  switch 80  
[2015/11/20 18:32:03 868] transport  1170 [soc] disconnect   
[2015/11/20 18:32:04 068] transport  1071 ns_enable =  0  
[2015/11/20 18:32:04 068] transport  293  [dns] [8] failed! 10214  
[2015/11/20 18:32:04 068] network    84   ipfromenv ,  ipcache  dev.voicecloud.cn  def  nil  
[2015/11/20 18:32:04 069] network    84   ipfromenv ,  ipcfg  dev.voicecloud.cn  def  116.213.69.199  
[2015/11/20 18:32:04 069] transport  1138 [soc] connect   116.213.69.199  80  
[2015/11/20 18:32:04 069] transport  1155 mspsoc.open,prot_type=  tcp  
[2015/11/20 18:32:04 070] transport  539  MSC:[soc] [8] error 10202 10065!  
[2015/11/20 18:32:04 070] transport  545  socket_notify_handler, try2conn_times =  1  
[2015/11/20 18:32:04 070] transport  319  soc_conn_failed  
[2015/11/20 18:32:04 070] network    89   iptoenv ,  ipcache  dev.voicecloud.cn  def  nil  
[2015/11/20 18:32:04 072] transport  388  switch 80  
[2015/11/20 18:32:04 072] transport  1170 [soc] disconnect   
[2015/11/20 18:32:04 072] transport  49   throw_exception  10202  10065  MSC:[soc] [8] error 10202 10065!  
[2015/11/20 18:32:04 072] isr_1conn  739  transport exception  10202  slave  
[2015/11/20 18:32:04 072] isr_1conn  769  [trans] [isr_1conncisr1P1HHBHbMQesHYnTNa1WE2u4iW76H+g] exception 10202  
[2015/11/20 18:32:09 076] transport  319  soc_conn_failed  
[2015/11/20 18:32:09 076] network    89   iptoenv ,  ipcache  dev.voicecloud.cn  def  nil  
[2015/11/20 18:32:09 076] transport  388  switch 80  
[2015/11/20 18:32:09 078] transport  407  MSC:[soc] [8] conn timeout!  
[2015/11/20 18:32:09 078] transport  1170 [soc] disconnect   
[2015/11/20 18:32:09 078] transport  410  soc_conn_timeout, try2conn_times =  -1  
[2015/11/20 18:32:09 078] transport  49   throw_exception  10114  0  MSC:[soc] [8] conn timeout!  
[2015/11/20 18:32:09 078] isr_1conn  739  transport exception  10114  slave  
[2015/11/20 18:32:09 078] isr_1conn  769  [trans] [isr_1conncisr1P1HHBHbMQesHYnTNa1WE2u4iW76H+g] exception 10114  
