============================================================
Time  2015/11/18 13:45:26 961 
============================================================
[2015/11/18 13:45:26 963] legacyuup  305  SYS_MSG_LOAD  
[2015/11/18 13:45:26 967] legacyuup  218  UUP_MSG_START  
[2015/11/18 13:45:26 967] legacyuup  220  legacyuup  legacyuup_a4478d  268436457  1442971331  
[2015/11/18 13:45:26 970] legacyuup  263  User set url is   nil  
[2015/11/18 13:45:26 970] config     78   select default  
[2015/11/18 13:45:26 970] config     93   use general cloud  
[2015/11/18 13:45:26 970] transport  603  paramkvsport is   nil  
[2015/11/18 13:45:26 970] transport  611  ns_enable=  0  
[2015/11/18 13:45:26 970] transport  655  url.full=  nil  
[2015/11/18 13:45:26 970] transport  831  switch 80  
[2015/11/18 13:45:26 970] transport  838  net type:  standard  
[2015/11/18 13:45:26 970] transport  839  net operator:  def  
[2015/11/18 13:45:26 971] transport  840  use proxy:  false  
[2015/11/18 13:45:26 971] legacyuup  280  not login!  
[2015/11/18 13:45:27 167] legacyuup  294  UUP_MSG_LGI_RESULT  
[2015/11/18 13:45:27 167] legacyuup  174  [session] send uup request  
[2015/11/18 13:45:27 167] transport  1071 ns_enable =  0  
[2015/11/18 13:45:27 167] legacyuup  131  lver:  nil  
[2015/11/18 13:45:27 167] legacyuup  136  cfg_ver:  nil  
[2015/11/18 13:45:27 170] transport  155  [dns] [0] response 117.121.21.146  
[2015/11/18 13:45:27 170] transport  163  117  121  21  146  
[2015/11/18 13:45:27 171] transport  192  iplist not avail  
[2015/11/18 13:45:27 171] transport  251  no iplist now  
[2015/11/18 13:45:27 171] network    89   iptoenv ,  ipcache  dev.voicecloud.cn  def  117.121.21.146  
[2015/11/18 13:45:27 173] transport  1138 [soc] connect   117.121.21.146  80  
[2015/11/18 13:45:27 174] transport  1155 mspsoc.open,prot_type=  tcp  
[2015/11/18 13:45:27 198] transport  461  [soc] [0] connected  
[2015/11/18 13:45:27 201] transport  1191 build http request.  
[2015/11/18 13:45:27 203] transport  1291 POST /msp.do HTTP/1.1
Host: dev.voicecloud.cn
Content-Type: multipart/mixed;boundary=--
Content-Length: 897
User-Agent: iFLYCloud
Cache-Control: no-cache
Accept: */*

----
CL:168
CT:text/plain

ver=MSSP+0%2E9&sub=uup&cmd=uup&cver=5%2E0%2E16%2E1109&key=0fyN5zPJxacWALnmo8LtSjKmKQ14bi2MOHH5LOSCL2HBI^HBywnTxKrUifQcoKI2LnUEcj9wJ7j8FrJsWfAnwjExmhs5T9hkChaybFnwJ8IxM=
----
CL:200
CT:binary/userdata+userword
CE:gzip,encrypt/0.2

FÕõ °<ê)næ4täËv×’`:A8`ÝÈ$írF  
[2015/11/18 13:45:27 210] transport  483  [soc] [0] send ok  1072  
[2015/11/18 13:45:27 217] transport  495  [soc] [0] readable  
[2015/11/18 13:45:27 219] transport  1563 HTTP/1.1 200 OK
Content-Type: text/plain
Content-Length: 158
X-Req-Date: 2015/11/18 13:45:29 860
Cache-Control: no-cache
CL: 158
X-Res-Date: 2015/11/18 13:45:29 864

ver=MSSP+0%2E9&ret=0&cver=5%2E0%2E16%2E1109&key=0f8r5f3t5DYinhrF8^FEy1mN3g9gwJbSEBpi2e1FOC20w^HBywnTxKrUifQcoKI2LnUEcj9wJ7j8FrJsWfAnwjExmhs5T9hkChaybFnwJ8IxM=  
[2015/11/18 13:45:27 219] transport  1310 a_complete_httpmessage  200  
[2015/11/18 13:45:27 219] transport  1419 is_update  true  
[2015/11/18 13:45:27 219] legacyuup  50   [trans] [id = uuplegacyuup_a4478d] readable  
[2015/11/18 13:45:27 220] network    84   ipfromenv ,  ipcache  dev.voicecloud.cn  def  117.121.21.146  
[2015/11/18 13:45:27 220] transport  914  cached ip is confirmed  
[2015/11/18 13:45:27 220] transport  1170 [soc] disconnect   
[2015/11/18 13:45:27 220] legacyuup  60   uup ok!  
