============================================================
Time  2015/11/25 14:19:59 588 
============================================================
[2015/11/25 14:19:59 589] legacyuup  305  SYS_MSG_LOAD  
[2015/11/25 14:19:59 592] legacyuup  218  UUP_MSG_START  
[2015/11/25 14:19:59 592] legacyuup  220  legacyuup  legacyuup_60b7406  268436457  1442971331  
[2015/11/25 14:19:59 595] legacyuup  263  User set url is   nil  
[2015/11/25 14:19:59 595] config     78   select default  
[2015/11/25 14:19:59 595] config     93   use general cloud  
[2015/11/25 14:19:59 595] transport  603  paramkvsport is   nil  
[2015/11/25 14:19:59 595] transport  611  ns_enable=  0  
[2015/11/25 14:19:59 595] transport  655  url.full=  nil  
[2015/11/25 14:19:59 595] transport  831  switch 80  
[2015/11/25 14:19:59 595] transport  838  net type:  standard  
[2015/11/25 14:19:59 595] transport  839  net operator:  def  
[2015/11/25 14:19:59 595] transport  840  use proxy:  false  
[2015/11/25 14:19:59 595] legacyuup  280  not login!  
[2015/11/25 14:19:59 703] legacyuup  294  UUP_MSG_LGI_RESULT  
[2015/11/25 14:19:59 711] legacyuup  174  [session] send uup request  
[2015/11/25 14:19:59 713] transport  1071 ns_enable =  0  
[2015/11/25 14:19:59 713] legacyuup  131  lver:  nil  
[2015/11/25 14:19:59 713] legacyuup  136  cfg_ver:  nil  
[2015/11/25 14:19:59 714] transport  155  [dns] [0] response 116.213.69.199  
[2015/11/25 14:19:59 714] transport  163  116  213  69  199  
[2015/11/25 14:19:59 716] transport  192  iplist not avail  
[2015/11/25 14:19:59 716] transport  251  no iplist now  
[2015/11/25 14:19:59 716] network    89   iptoenv ,  ipcache  dev.voicecloud.cn  def  116.213.69.199  
[2015/11/25 14:19:59 717] transport  1138 [soc] connect   116.213.69.199  80  
[2015/11/25 14:19:59 717] transport  1155 mspsoc.open,prot_type=  tcp  
[2015/11/25 14:19:59 726] transport  461  [soc] [0] connected  
[2015/11/25 14:19:59 726] transport  1191 build http request.  
[2015/11/25 14:19:59 726] transport  1291 POST /msp.do HTTP/1.1
Host: dev.voicecloud.cn
Content-Type: multipart/mixed;boundary=--
Content-Length: 913
User-Agent: iFLYCloud
Cache-Control: no-cache
Accept: */*

----
CL:168
CT:text/plain

ver=MSSP+0%2E9&sub=uup&cmd=uup&cver=5%2E0%2E16%2E1109&key=0ftcTr9esSxfkf13/z4pCX^ChgaWjY7Hn5SSca^syGbN8^HBywnTxKrUifQcoKI2LnUEcj9wJ7j8FrJsWfAnwjExmhs5T9hkChaybFnwJ8IxM=
----
CL:216
CT:binary/userdata+userword
CE:gzip,encrypt/0.2

8?߭;  
[2015/11/25 14:19:59 733] transport  483  [soc] [0] send ok  1088  
[2015/11/25 14:19:59 740] transport  495  [soc] [0] readable  
[2015/11/25 14:19:59 742] transport  1563 HTTP/1.1 200 OK
Content-Type: text/plain
Content-Length: 158
X-Req-Date: 2015/11/25 14:20:09 881
Cache-Control: no-cache
CL: 158
X-Res-Date: 2015/11/25 14:20:09 886

ver=MSSP+0%2E9&ret=0&cver=5%2E0%2E16%2E1109&key=0fFoko0xyuTkBzqvAXoIQNcV8iwjufOWkNoY^e/AsBWy4^HBywnTxKrUifQcoKI2LnUEcj9wJ7j8FrJsWfAnwjExmhs5T9hkChaybFnwJ8IxM=  
[2015/11/25 14:19:59 742] transport  1310 a_complete_httpmessage  200  
[2015/11/25 14:19:59 742] transport  1419 is_update  true  
[2015/11/25 14:19:59 742] legacyuup  50   [trans] [id = uuplegacyuup_60b7406] readable  
[2015/11/25 14:19:59 743] network    84   ipfromenv ,  ipcache  dev.voicecloud.cn  def  116.213.69.199  
[2015/11/25 14:19:59 743] transport  914  cached ip is confirmed  
[2015/11/25 14:19:59 743] transport  1170 [soc] disconnect   
[2015/11/25 14:19:59 744] legacyuup  60   uup ok!  
