============================================================
Time  2015/11/25 15:20:10 305 
============================================================
[2015/11/25 15:20:10 306] legacyuup  305  SYS_MSG_LOAD  
[2015/11/25 15:20:10 309] legacyuup  218  UUP_MSG_START  
[2015/11/25 15:20:10 309] legacyuup  220  legacyuup  legacyuup_6428c48  268436457  1442971331  
[2015/11/25 15:20:10 311] legacyuup  263  User set url is   nil  
[2015/11/25 15:20:10 311] config     78   select default  
[2015/11/25 15:20:10 311] config     93   use general cloud  
[2015/11/25 15:20:10 311] transport  603  paramkvsport is   nil  
[2015/11/25 15:20:10 312] transport  611  ns_enable=  0  
[2015/11/25 15:20:10 312] transport  655  url.full=  nil  
[2015/11/25 15:20:10 312] transport  831  switch 80  
[2015/11/25 15:20:10 312] transport  838  net type:  standard  
[2015/11/25 15:20:10 312] transport  839  net operator:  def  
[2015/11/25 15:20:10 312] transport  840  use proxy:  false  
[2015/11/25 15:20:10 312] legacyuup  280  not login!  
[2015/11/25 15:20:10 400] legacyuup  294  UUP_MSG_LGI_RESULT  
[2015/11/25 15:20:10 401] legacyuup  174  [session] send uup request  
[2015/11/25 15:20:10 403] transport  1071 ns_enable =  0  
[2015/11/25 15:20:10 404] legacyuup  131  lver:  nil  
[2015/11/25 15:20:10 404] legacyuup  136  cfg_ver:  nil  
[2015/11/25 15:20:10 404] transport  155  [dns] [0] response 117.121.56.8  
[2015/11/25 15:20:10 404] transport  163  117  121  56  8  
[2015/11/25 15:20:10 407] transport  199  ip front is  117.121.56  
[2015/11/25 15:20:10 407] transport  265  expected ip  
[2015/11/25 15:20:10 407] network    89   iptoenv ,  ipcache  dev.voicecloud.cn  def  117.121.56.8  
[2015/11/25 15:20:10 410] transport  1138 [soc] connect   117.121.56.8  80  
[2015/11/25 15:20:10 410] transport  1155 mspsoc.open,prot_type=  tcp  
[2015/11/25 15:20:10 418] transport  461  [soc] [0] connected  
[2015/11/25 15:20:10 418] transport  1191 build http request.  
[2015/11/25 15:20:10 420] transport  1291 POST /msp.do HTTP/1.1
Host: dev.voicecloud.cn
Content-Type: multipart/mixed;boundary=--
Content-Length: 913
User-Agent: iFLYCloud
Cache-Control: no-cache
Accept: */*

----
CL:168
CT:text/plain

ver=MSSP+0%2E9&sub=uup&cmd=uup&cver=5%2E0%2E16%2E1109&key=0fyN5zPJxacWAMyNKN8r0glcfX6^UjZBH1xZ2V3TuTL/c^HBywnTxKrUifQcoKI2LnUEcj9wJ7j8FrJsWfAnwjExmhs5T9hkChaybFnwJ8IxM=
----
CL:216
CT:binary/userdata+userword
CE:gzip,encrypt/0.2

8?߭;  
[2015/11/25 15:20:10 424] transport  483  [soc] [0] send ok  1088  
[2015/11/25 15:20:10 431] transport  495  [soc] [0] readable  
[2015/11/25 15:20:10 431] transport  1563 HTTP/1.1 200 OK
Content-Type: text/plain
Content-Length: 158
X-Req-Date: 2015/11/25 15:15:14 772
Cache-Control: no-cache
CL: 158
X-Res-Date: 2015/11/25 15:15:14 777

ver=MSSP+0%2E9&ret=0&cver=5%2E0%2E16%2E1109&key=0fapC2LeDl^SDP0j^UfPIHVnkk8ZiS5jCuqPe8H/x7tb0^HBywnTxKrUifQcoKI2LnUEcj9wJ7j8FrJsWfAnwjExmhs5T9hkChaybFnwJ8IxM=  
[2015/11/25 15:20:10 431] transport  1310 a_complete_httpmessage  200  
[2015/11/25 15:20:10 431] transport  1419 is_update  true  
[2015/11/25 15:20:10 431] legacyuup  50   [trans] [id = uuplegacyuup_6428c48] readable  
[2015/11/25 15:20:10 434] network    84   ipfromenv ,  ipcache  dev.voicecloud.cn  def  117.121.56.8  
[2015/11/25 15:20:10 434] transport  914  cached ip is confirmed  
[2015/11/25 15:20:10 434] transport  1170 [soc] disconnect   
[2015/11/25 15:20:10 434] legacyuup  60   uup ok!  
