============================================================
Time  2015/11/20 18:35:37 953 
============================================================
[2015/11/20 18:35:37 957] legacyuup  305  SYS_MSG_LOAD  
[2015/11/20 18:35:37 961] legacyuup  218  UUP_MSG_START  
[2015/11/20 18:35:37 961] legacyuup  220  legacyuup  legacyuup_1a55c0c  268436457  1442971331  
[2015/11/20 18:35:37 964] legacyuup  263  User set url is   nil  
[2015/11/20 18:35:37 964] config     78   select default  
[2015/11/20 18:35:37 964] config     93   use general cloud  
[2015/11/20 18:35:37 964] transport  603  paramkvsport is   nil  
[2015/11/20 18:35:37 964] transport  611  ns_enable=  0  
[2015/11/20 18:35:37 964] transport  655  url.full=  nil  
[2015/11/20 18:35:37 966] transport  831  switch 80  
[2015/11/20 18:35:37 966] transport  838  net type:  standard  
[2015/11/20 18:35:37 966] transport  839  net operator:  def  
[2015/11/20 18:35:37 966] transport  840  use proxy:  false  
[2015/11/20 18:35:37 966] legacyuup  280  not login!  
[2015/11/20 18:35:38 062] legacyuup  294  UUP_MSG_LGI_RESULT  
[2015/11/20 18:35:38 062] legacyuup  174  [session] send uup request  
[2015/11/20 18:35:38 063] transport  1071 ns_enable =  0  
[2015/11/20 18:35:38 065] legacyuup  131  lver:  nil  
[2015/11/20 18:35:38 065] legacyuup  136  cfg_ver:  nil  
[2015/11/20 18:35:38 071] transport  155  [dns] [0] response 117.121.21.146  
[2015/11/20 18:35:38 072] transport  163  117  121  21  146  
[2015/11/20 18:35:38 072] transport  199  ip front is  117.121.21  
[2015/11/20 18:35:38 072] transport  265  expected ip  
[2015/11/20 18:35:38 072] network    89   iptoenv ,  ipcache  dev.voicecloud.cn  def  117.121.21.146  
[2015/11/20 18:35:38 073] transport  1138 [soc] connect   117.121.21.146  80  
[2015/11/20 18:35:38 073] transport  1155 mspsoc.open,prot_type=  tcp  
[2015/11/20 18:35:38 081] transport  461  [soc] [0] connected  
[2015/11/20 18:35:38 082] transport  1191 build http request.  
[2015/11/20 18:35:38 082] transport  1291 POST /msp.do HTTP/1.1
Host: dev.voicecloud.cn
Content-Type: multipart/mixed;boundary=--
Content-Length: 897
User-Agent: iFLYCloud
Cache-Control: no-cache
Accept: */*

----
CL:168
CT:text/plain

ver=MSSP+0%2E9&sub=uup&cmd=uup&cver=5%2E0%2E16%2E1109&key=0f7NJuSJ9Kf3Cp4TOMw6Fa6MtgDpPgp304ijkXU6rnc90^HBywnTxKrUifQcoKI2LnUEcj9wJ7j8FrJsWfAnwjExmhs5T9hkChaybFnwJ8IxM=
----
CL:200
CT:binary/userdata+userword
CE:gzip,encrypt/0.2

FÕõ °<ê)næ4täËv×’`:A8`ÝÈ$írF  
[2015/11/20 18:35:38 088] transport  483  [soc] [0] send ok  1072  
[2015/11/20 18:35:38 098] transport  495  [soc] [0] readable  
[2015/11/20 18:35:38 098] transport  1563 HTTP/1.1 200 OK
Content-Type: text/plain
Content-Length: 158
X-Req-Date: 2015/11/20 18:35:43 648
Cache-Control: no-cache
CL: 158
X-Res-Date: 2015/11/20 18:35:43 652

ver=MSSP+0%2E9&ret=0&cver=5%2E0%2E16%2E1109&key=0fsBcv^mCZp^HK8Z7dD4YbNMImv1/AfJupjQATyZpSTDI^HBywnTxKrUifQcoKI2LnUEcj9wJ7j8FrJsWfAnwjExmhs5T9hkChaybFnwJ8IxM=  
[2015/11/20 18:35:38 098] transport  1310 a_complete_httpmessage  200  
[2015/11/20 18:35:38 098] transport  1419 is_update  true  
[2015/11/20 18:35:38 098] legacyuup  50   [trans] [id = uuplegacyuup_1a55c0c] readable  
[2015/11/20 18:35:38 101] network    84   ipfromenv ,  ipcache  dev.voicecloud.cn  def  117.121.21.146  
[2015/11/20 18:35:38 101] transport  914  cached ip is confirmed  
[2015/11/20 18:35:38 101] transport  1170 [soc] disconnect   
[2015/11/20 18:35:38 101] legacyuup  60   uup ok!  
[2015/11/20 18:35:38 102] legacyuup  314  SYS_MSG_UNLOAD  
