Build started 2015/11/12 15:28:58.
     1>Project "C:\Users\yvaine\Documents\Visual Studio 2012\Projects\xunfei\xunfei\xunfei.vcxproj" on node 2 (Build target(s)).
     1>ClCompile:
         C:\Program Files (x86)\Microsoft Visual Studio 11.0\VC\bin\x86_amd64\CL.exe /c /I"C:\Users\yvaine\Documents\Visual Studio 2012\Projects\xunfei\xunfei\..\include" /Zi /nologo /W3 /WX- /Od /D WIN32 /D _DEBUG /D _CONSOLE /D _UNICODE /D UNICODE /Gm /EHsc /RTC1 /MDd /GS /fp:precise /Zc:wchar_t /Zc:forScope /Fo"x64\Debug\\" /Fd"x64\Debug\vc110.pdb" /Gd /TP /errorReport:prompt recvsend_server.cpp
         recvsend_server.cpp
     1>recvsend_server.cpp(40): warning C4996: 'fopen': This function or variable may be unsafe. Consider using fopen_s instead. To disable deprecation, use _CRT_SECURE_NO_WARNINGS. See online help for details.
                 C:\Program Files (x86)\Microsoft Visual Studio 11.0\VC\include\stdio.h(218) : see declaration of 'fopen'
     1>recvsend_server.cpp(58): warning C4267: '=' : conversion from 'size_t' to 'unsigned int', possible loss of data
     1>recvsend_server.cpp(172): warning C4267: 'initializing' : conversion from 'size_t' to 'unsigned int', possible loss of data
     1>recvsend_server.cpp(179): warning C4996: 'strncat': This function or variable may be unsafe. Consider using strncat_s instead. To disable deprecation, use _CRT_SECURE_NO_WARNINGS. See online help for details.
                 C:\Program Files (x86)\Microsoft Visual Studio 11.0\VC\include\string.h(182) : see declaration of 'strncat'
     1>recvsend_server.cpp(205): warning C4267: 'initializing' : conversion from 'size_t' to 'unsigned int', possible loss of data
     1>recvsend_server.cpp(212): warning C4996: 'strncat': This function or variable may be unsafe. Consider using strncat_s instead. To disable deprecation, use _CRT_SECURE_NO_WARNINGS. See online help for details.
                 C:\Program Files (x86)\Microsoft Visual Studio 11.0\VC\include\string.h(182) : see declaration of 'strncat'
     1>recvsend_server.cpp(126): warning C4101: 'sendlen' : unreferenced local variable
     1>recvsend_server.cpp(125): warning C4101: 'sendData' : unreferenced local variable
     1>recvsend_server.cpp(264): warning C4996: 'scanf': This function or variable may be unsafe. Consider using scanf_s instead. To disable deprecation, use _CRT_SECURE_NO_WARNINGS. See online help for details.
                 C:\Program Files (x86)\Microsoft Visual Studio 11.0\VC\include\stdio.h(290) : see declaration of 'scanf'
       Link:
         C:\Program Files (x86)\Microsoft Visual Studio 11.0\VC\bin\x86_amd64\link.exe /ERRORREPORT:PROMPT /OUT:"C:\Users\yvaine\Documents\Visual Studio 2012\Projects\xunfei\x64\Debug\xunfei.exe" /INCREMENTAL /NOLOGO kernel32.lib user32.lib gdi32.lib winspool.lib comdlg32.lib advapi32.lib shell32.lib ole32.lib oleaut32.lib uuid.lib odbc32.lib odbccp32.lib /MANIFEST /MANIFESTUAC:"level='asInvoker' uiAccess='false'" /manifest:embed /DEBUG /PDB:"C:\Users\yvaine\Documents\Visual Studio 2012\Projects\xunfei\x64\Debug\xunfei.pdb" /SUBSYSTEM:CONSOLE /TLBID:1 /DYNAMICBASE /NXCOMPAT /IMPLIB:"C:\Users\yvaine\Documents\Visual Studio 2012\Projects\xunfei\x64\Debug\xunfei.lib" /MACHINE:X64 x64\Debug\recvsend_server.obj
         xunfei.vcxproj -> C:\Users\yvaine\Documents\Visual Studio 2012\Projects\xunfei\x64\Debug\xunfei.exe
     1>Done Building Project "C:\Users\yvaine\Documents\Visual Studio 2012\Projects\xunfei\xunfei\xunfei.vcxproj" (Build target(s)).

Build succeeded.

Time Elapsed 00:00:03.82
