Build started 2015/11/30 14:10:45.
     1>Project "C:\lengjing\Robot\speech\xunfei\speech-robot\xunfei_node\xunfei\xunfei.vcxproj" on node 2 (Build target(s)).
     1>ClCompile:
         C:\Program Files (x86)\Microsoft Visual Studio 11.0\VC\bin\x86_amd64\CL.exe /c /I"C:\lengjing\Robot\speech\xunfei\speech-robot\xunfei_node\xunfei\..\include" /Zi /nologo /W3 /WX- /O2 /Oi /GL /D WIN32 /D NDEBUG /D _CONSOLE /D _UNICODE /D UNICODE /Gm- /EHsc /MD /GS /Gy /fp:precise /Zc:wchar_t /Zc:forScope /Fo"x64\Release\\" /Fd"x64\Release\vc110.pdb" /Gd /TP /errorReport:prompt speech_xunfei_node_server2.cpp
         speech_xunfei_node_server2.cpp
     1>speech_xunfei_node_server2.cpp(30): warning C4305: 'initializing' : truncation from 'int' to 'char'
     1>speech_xunfei_node_server2.cpp(30): warning C4309: 'initializing' : truncation of constant value
     1>speech_xunfei_node_server2.cpp(41): warning C4996: 'fopen': This function or variable may be unsafe. Consider using fopen_s instead. To disable deprecation, use _CRT_SECURE_NO_WARNINGS. See online help for details.
                 C:\Program Files (x86)\Microsoft Visual Studio 11.0\VC\include\stdio.h(218) : see declaration of 'fopen'
     1>speech_xunfei_node_server2.cpp(59): warning C4267: '=' : conversion from 'size_t' to 'unsigned int', possible loss of data
     1>speech_xunfei_node_server2.cpp(208): warning C4267: 'initializing' : conversion from 'size_t' to 'unsigned int', possible loss of data
     1>speech_xunfei_node_server2.cpp(293): warning C4996: 'scanf': This function or variable may be unsafe. Consider using scanf_s instead. To disable deprecation, use _CRT_SECURE_NO_WARNINGS. See online help for details.
                 C:\Program Files (x86)\Microsoft Visual Studio 11.0\VC\include\stdio.h(290) : see declaration of 'scanf'
       Link:
         C:\Program Files (x86)\Microsoft Visual Studio 11.0\VC\bin\x86_amd64\link.exe /ERRORREPORT:PROMPT /OUT:"C:\lengjing\Robot\speech\xunfei\speech-robot\xunfei_node\x64\Release\xunfei.exe" /INCREMENTAL:NO /NOLOGO kernel32.lib user32.lib gdi32.lib winspool.lib comdlg32.lib advapi32.lib shell32.lib ole32.lib oleaut32.lib uuid.lib odbc32.lib odbccp32.lib /MANIFEST /MANIFESTUAC:"level='asInvoker' uiAccess='false'" /manifest:embed /DEBUG /PDB:"C:\lengjing\Robot\speech\xunfei\speech-robot\xunfei_node\x64\Release\xunfei.pdb" /SUBSYSTEM:CONSOLE /OPT:REF /OPT:ICF /LTCG /TLBID:1 /DYNAMICBASE /NXCOMPAT /IMPLIB:"C:\lengjing\Robot\speech\xunfei\speech-robot\xunfei_node\x64\Release\xunfei.lib" /MACHINE:X64 x64\Release\speech_xunfei_node_server2.obj
         Generating code
         Finished generating code
         xunfei.vcxproj -> C:\lengjing\Robot\speech\xunfei\speech-robot\xunfei_node\x64\Release\xunfei.exe
     1>Done Building Project "C:\lengjing\Robot\speech\xunfei\speech-robot\xunfei_node\xunfei\xunfei.vcxproj" (Build target(s)).

Build succeeded.

Time Elapsed 00:00:02.48
